{"uuid":"6fc94b93-4a82-42f1-a4f5-92cb6ff8c028","historyId":"c632bc7af52a1fe66cc13792be11deae","testCaseId":"ce0b0894417c209605a0f1aa02e9446","fullName":"src/test/java/features/College10_Admin.feature:16","labels":[{"name":"host","value":"DineshManoharan"},{"name":"thread","value":"29068@DineshManoharan.main(1)"},{"name":"feature","value":"College - Admin Module"},{"name":"story","value":"Without enter anything click submit and add button in admin"},{"name":"suite","value":"College - Admin Module"},{"name":"testClass","value":"Without enter anything click submit and add button in admin"},{"name":"framework","value":"cucumber4jvm"},{"name":"language","value":"java"},{"name":"gherkin_uri","value":"file:///C:/Users/dinesh/eclipse-workspace/Colleges/src/test/java/features/College10_Admin.feature"},{"name":"package","value":"src.test.java.features.College10_Admin_feature.College - Admin Module"}],"links":[],"name":"Without enter anything click submit and add button in admin","status":"failed","statusDetails":{"known":false,"muted":false,"flaky":false,"message":"expected [Enter all details] but found [please upload your Profile picture]","trace":"java.lang.AssertionError: expected [Enter all details] but found [please upload your Profile picture]\r\n\tat org.testng.Assert.fail(Assert.java:111)\r\n\tat org.testng.Assert.failNotEquals(Assert.java:1578)\r\n\tat org.testng.Assert.assertEqualsImpl(Assert.java:150)\r\n\tat org.testng.Assert.assertEquals(Assert.java:132)\r\n\tat org.testng.Assert.assertEquals(Assert.java:656)\r\n\tat org.testng.Assert.assertEquals(Assert.java:666)\r\n\tat stepDefinitions.AdminModule.check_how_it_behave_in_admin_page_whether_it_shows_error_message_or_not(AdminModule.java:111)\r\n\tat ✽.Check how it behave in admin page whether it shows error message or not.(file:///C:/Users/dinesh/eclipse-workspace/Colleges/src/test/java/features/College10_Admin.feature:19)\r\n"},"stage":"finished","steps":[{"name":"Given Once user enter the homepage click the admin menu.","status":"passed","statusDetails":{"known":false,"muted":false,"flaky":false},"stage":"finished","steps":[],"attachments":[],"parameters":[],"start":1713791798553,"stop":1713791800266},{"name":"hooks.SetUpAndTearDown.addScreenShot(io.cucumber.java.Scenario)","status":"passed","statusDetails":{"known":false,"muted":false,"flaky":false},"stage":"finished","steps":[],"attachments":[],"parameters":[],"start":1713791800266,"stop":1713791800266},{"name":"Given Once user enter the admin page click addadmin button.","status":"passed","statusDetails":{"known":false,"muted":false,"flaky":false},"stage":"finished","steps":[],"attachments":[],"parameters":[],"start":1713791800266,"stop":1713791800486},{"name":"hooks.SetUpAndTearDown.addScreenShot(io.cucumber.java.Scenario)","status":"passed","statusDetails":{"known":false,"muted":false,"flaky":false},"stage":"finished","steps":[],"attachments":[],"parameters":[],"start":1713791800486,"stop":1713791800486},{"name":"When Click the submit and add button in admin page.","status":"passed","statusDetails":{"known":false,"muted":false,"flaky":false},"stage":"finished","steps":[],"attachments":[],"parameters":[],"start":1713791800486,"stop":1713791800579},{"name":"hooks.SetUpAndTearDown.addScreenShot(io.cucumber.java.Scenario)","status":"passed","statusDetails":{"known":false,"muted":false,"flaky":false},"stage":"finished","steps":[],"attachments":[],"parameters":[],"start":1713791800579,"stop":1713791800580},{"name":"Then Check how it behave in admin page whether it shows error message or not.","status":"failed","statusDetails":{"known":false,"muted":false,"flaky":false,"message":"expected [Enter all details] but found [please upload your Profile picture]","trace":"java.lang.AssertionError: expected [Enter all details] but found [please upload your Profile picture]\r\n\tat org.testng.Assert.fail(Assert.java:111)\r\n\tat org.testng.Assert.failNotEquals(Assert.java:1578)\r\n\tat org.testng.Assert.assertEqualsImpl(Assert.java:150)\r\n\tat org.testng.Assert.assertEquals(Assert.java:132)\r\n\tat org.testng.Assert.assertEquals(Assert.java:656)\r\n\tat org.testng.Assert.assertEquals(Assert.java:666)\r\n\tat stepDefinitions.AdminModule.check_how_it_behave_in_admin_page_whether_it_shows_error_message_or_not(AdminModule.java:111)\r\n\tat ✽.Check how it behave in admin page whether it shows error message or not.(file:///C:/Users/dinesh/eclipse-workspace/Colleges/src/test/java/features/College10_Admin.feature:19)\r\n"},"stage":"finished","steps":[],"attachments":[],"parameters":[],"start":1713791800580,"stop":1713791810829},{"name":"hooks.SetUpAndTearDown.addScreenShot(io.cucumber.java.Scenario)","status":"passed","statusDetails":{"known":false,"muted":false,"flaky":false},"stage":"finished","steps":[],"attachments":[{"name":"image","source":"7f55a33b-265e-46eb-9fb1-c58c8a303e18-attachment","type":"image/png"}],"parameters":[],"start":1713791810829,"stop":1713791811111}],"attachments":[],"parameters":[],"start":1713791795384,"stop":1713791811619}