{"uuid":"8faf8a0f-7496-423d-b473-a9a2b4eb4a67","historyId":"1db3bb39365b82e27948bff836e7c5b1","testCaseId":"ae7c4471004e921a832ea5cc827a1d11","fullName":"src/test/java/features/College2_Branch1.feature:15","labels":[{"name":"host","value":"DineshManoharan"},{"name":"thread","value":"47800@DineshManoharan.main(1)"},{"name":"feature","value":"Branch Module"},{"name":"story","value":"Edit - Check all value is present or not"},{"name":"suite","value":"Branch Module"},{"name":"testClass","value":"Edit - Check all value is present or not"},{"name":"framework","value":"cucumber4jvm"},{"name":"language","value":"java"},{"name":"gherkin_uri","value":"file:///C:/Users/dinesh/eclipse-workspace/Colleges/src/test/java/features/College2_Branch1.feature"},{"name":"package","value":"src.test.java.features.College2_Branch1_feature.Branch Module"}],"links":[],"name":"Edit - Check all value is present or not","status":"failed","statusDetails":{"known":false,"muted":false,"flaky":false,"message":"expected [iuvvs] but found [ga]","trace":"java.lang.AssertionError: expected [iuvvs] but found [ga]\r\n\tat org.testng.Assert.fail(Assert.java:111)\r\n\tat org.testng.Assert.failNotEquals(Assert.java:1578)\r\n\tat org.testng.Assert.assertEqualsImpl(Assert.java:150)\r\n\tat org.testng.Assert.assertEquals(Assert.java:132)\r\n\tat org.testng.Assert.assertEquals(Assert.java:656)\r\n\tat org.testng.Assert.assertEquals(Assert.java:666)\r\n\tat stepDefinitions.BranchModule1.check_the_values_present_in_all_fields(BranchModule1.java:53)\r\n\tat ✽.Check the values present in all fields.(file:///C:/Users/dinesh/eclipse-workspace/Colleges/src/test/java/features/College2_Branch1.feature:18)\r\n"},"stage":"finished","steps":[{"name":"Given Once user enter the homepage click the branch menu.","status":"passed","statusDetails":{"known":false,"muted":false,"flaky":false},"stage":"finished","steps":[],"attachments":[],"parameters":[],"start":1713263155254,"stop":1713263155915},{"name":"hooks.SetUpAndTearDown.addScreenShot(io.cucumber.java.Scenario)","status":"passed","statusDetails":{"known":false,"muted":false,"flaky":false},"stage":"finished","steps":[],"attachments":[],"parameters":[],"start":1713263155915,"stop":1713263155916},{"name":"Given Click the Edit icon","status":"passed","statusDetails":{"known":false,"muted":false,"flaky":false},"stage":"finished","steps":[],"attachments":[],"parameters":[],"start":1713263155916,"stop":1713263156574},{"name":"hooks.SetUpAndTearDown.addScreenShot(io.cucumber.java.Scenario)","status":"passed","statusDetails":{"known":false,"muted":false,"flaky":false},"stage":"finished","steps":[],"attachments":[],"parameters":[],"start":1713263156574,"stop":1713263156574},{"name":"When Check the values present in all fields.","status":"failed","statusDetails":{"known":false,"muted":false,"flaky":false,"message":"expected [iuvvs] but found [ga]","trace":"java.lang.AssertionError: expected [iuvvs] but found [ga]\r\n\tat org.testng.Assert.fail(Assert.java:111)\r\n\tat org.testng.Assert.failNotEquals(Assert.java:1578)\r\n\tat org.testng.Assert.assertEqualsImpl(Assert.java:150)\r\n\tat org.testng.Assert.assertEquals(Assert.java:132)\r\n\tat org.testng.Assert.assertEquals(Assert.java:656)\r\n\tat org.testng.Assert.assertEquals(Assert.java:666)\r\n\tat stepDefinitions.BranchModule1.check_the_values_present_in_all_fields(BranchModule1.java:53)\r\n\tat ✽.Check the values present in all fields.(file:///C:/Users/dinesh/eclipse-workspace/Colleges/src/test/java/features/College2_Branch1.feature:18)\r\n"},"stage":"finished","steps":[],"attachments":[],"parameters":[],"start":1713263156574,"stop":1713263156575},{"name":"hooks.SetUpAndTearDown.addScreenShot(io.cucumber.java.Scenario)","status":"passed","statusDetails":{"known":false,"muted":false,"flaky":false},"stage":"finished","steps":[],"attachments":[{"name":"image","source":"a331ac52-0979-4093-824c-df3330a0514b-attachment","type":"image/png"}],"parameters":[],"start":1713263156575,"stop":1713263156989}],"attachments":[],"parameters":[],"start":1713263152147,"stop":1713263157169}