{"uuid":"af2303e5-422f-4f9d-a4d0-6143ec1e665a","historyId":"1db3bb39365b82e27948bff836e7c5b1","testCaseId":"ae7c4471004e921a832ea5cc827a1d11","fullName":"src/test/java/features/College2_Branch1.feature:15","labels":[{"name":"host","value":"DineshManoharan"},{"name":"thread","value":"29068@DineshManoharan.main(1)"},{"name":"feature","value":"Branch Module"},{"name":"story","value":"Edit - Check all value is present or not"},{"name":"suite","value":"Branch Module"},{"name":"testClass","value":"Edit - Check all value is present or not"},{"name":"framework","value":"cucumber4jvm"},{"name":"language","value":"java"},{"name":"gherkin_uri","value":"file:///C:/Users/dinesh/eclipse-workspace/Colleges/src/test/java/features/College2_Branch1.feature"},{"name":"package","value":"src.test.java.features.College2_Branch1_feature.Branch Module"}],"links":[],"name":"Edit - Check all value is present or not","status":"failed","statusDetails":{"known":false,"muted":false,"flaky":false,"message":"expected [iuvvs] but found [ga]","trace":"java.lang.AssertionError: expected [iuvvs] but found [ga]\r\n\tat org.testng.Assert.fail(Assert.java:111)\r\n\tat org.testng.Assert.failNotEquals(Assert.java:1578)\r\n\tat org.testng.Assert.assertEqualsImpl(Assert.java:150)\r\n\tat org.testng.Assert.assertEquals(Assert.java:132)\r\n\tat org.testng.Assert.assertEquals(Assert.java:656)\r\n\tat org.testng.Assert.assertEquals(Assert.java:666)\r\n\tat stepDefinitions.BranchModule1.check_the_values_present_in_all_fields(BranchModule1.java:53)\r\n\tat ✽.Check the values present in all fields.(file:///C:/Users/dinesh/eclipse-workspace/Colleges/src/test/java/features/College2_Branch1.feature:18)\r\n"},"stage":"finished","steps":[{"name":"Given Once user enter the homepage click the branch menu.","status":"passed","statusDetails":{"known":false,"muted":false,"flaky":false},"stage":"finished","steps":[],"attachments":[],"parameters":[],"start":1713792259335,"stop":1713792260054},{"name":"hooks.SetUpAndTearDown.addScreenShot(io.cucumber.java.Scenario)","status":"passed","statusDetails":{"known":false,"muted":false,"flaky":false},"stage":"finished","steps":[],"attachments":[],"parameters":[],"start":1713792260054,"stop":1713792260054},{"name":"Given Click the Edit icon","status":"passed","statusDetails":{"known":false,"muted":false,"flaky":false},"stage":"finished","steps":[],"attachments":[],"parameters":[],"start":1713792260054,"stop":1713792260553},{"name":"hooks.SetUpAndTearDown.addScreenShot(io.cucumber.java.Scenario)","status":"passed","statusDetails":{"known":false,"muted":false,"flaky":false},"stage":"finished","steps":[],"attachments":[],"parameters":[],"start":1713792260553,"stop":1713792260554},{"name":"When Check the values present in all fields.","status":"failed","statusDetails":{"known":false,"muted":false,"flaky":false,"message":"expected [iuvvs] but found [ga]","trace":"java.lang.AssertionError: expected [iuvvs] but found [ga]\r\n\tat org.testng.Assert.fail(Assert.java:111)\r\n\tat org.testng.Assert.failNotEquals(Assert.java:1578)\r\n\tat org.testng.Assert.assertEqualsImpl(Assert.java:150)\r\n\tat org.testng.Assert.assertEquals(Assert.java:132)\r\n\tat org.testng.Assert.assertEquals(Assert.java:656)\r\n\tat org.testng.Assert.assertEquals(Assert.java:666)\r\n\tat stepDefinitions.BranchModule1.check_the_values_present_in_all_fields(BranchModule1.java:53)\r\n\tat ✽.Check the values present in all fields.(file:///C:/Users/dinesh/eclipse-workspace/Colleges/src/test/java/features/College2_Branch1.feature:18)\r\n"},"stage":"finished","steps":[],"attachments":[],"parameters":[],"start":1713792260554,"stop":1713792260555},{"name":"hooks.SetUpAndTearDown.addScreenShot(io.cucumber.java.Scenario)","status":"passed","statusDetails":{"known":false,"muted":false,"flaky":false},"stage":"finished","steps":[],"attachments":[{"name":"image","source":"605fc280-ef88-4860-b9bb-7f0a45c94795-attachment","type":"image/png"}],"parameters":[],"start":1713792260555,"stop":1713792261173}],"attachments":[],"parameters":[],"start":1713792256422,"stop":1713792261491}