{"uuid":"bbb9528b-0fa1-4604-9e1f-3a3ea966e47e","historyId":"74b0bbcea9380b29bb99202043712b16","testCaseId":"61ec2267fe4d28f3e391c84a6765aeb2","fullName":"src/test/java/features/College11_Support.feature:17","labels":[{"name":"host","value":"DineshManoharan"},{"name":"thread","value":"29068@DineshManoharan.main(1)"},{"name":"feature","value":"College - Support Module"},{"name":"story","value":"Without enter anything click submit and add button in support"},{"name":"suite","value":"College - Support Module"},{"name":"testClass","value":"Without enter anything click submit and add button in support"},{"name":"framework","value":"cucumber4jvm"},{"name":"language","value":"java"},{"name":"gherkin_uri","value":"file:///C:/Users/dinesh/eclipse-workspace/Colleges/src/test/java/features/College11_Support.feature"},{"name":"package","value":"src.test.java.features.College11_Support_feature.College - Support Module"}],"links":[],"name":"Without enter anything click submit and add button in support","status":"failed","statusDetails":{"known":false,"muted":false,"flaky":false,"message":"expected [Enter the credentials] but found [please upload the student data]","trace":"java.lang.AssertionError: expected [Enter the credentials] but found [please upload the student data]\r\n\tat org.testng.Assert.fail(Assert.java:111)\r\n\tat org.testng.Assert.failNotEquals(Assert.java:1578)\r\n\tat org.testng.Assert.assertEqualsImpl(Assert.java:150)\r\n\tat org.testng.Assert.assertEquals(Assert.java:132)\r\n\tat org.testng.Assert.assertEquals(Assert.java:656)\r\n\tat org.testng.Assert.assertEquals(Assert.java:666)\r\n\tat stepDefinitions.SupportModule.check_how_it_behave_in_support_page_whether_it_shows_error_message_or_not(SupportModule.java:95)\r\n\tat ✽.Check how it behave in support page whether it shows error message or not.(file:///C:/Users/dinesh/eclipse-workspace/Colleges/src/test/java/features/College11_Support.feature:20)\r\n"},"stage":"finished","steps":[{"name":"Given Once user enter the homepage click the support menu.","status":"passed","statusDetails":{"known":false,"muted":false,"flaky":false},"stage":"finished","steps":[],"attachments":[],"parameters":[],"start":1713791941286,"stop":1713791941973},{"name":"hooks.SetUpAndTearDown.addScreenShot(io.cucumber.java.Scenario)","status":"passed","statusDetails":{"known":false,"muted":false,"flaky":false},"stage":"finished","steps":[],"attachments":[],"parameters":[],"start":1713791941973,"stop":1713791941973},{"name":"Given Once user enter the admin page click addSupport button.","status":"passed","statusDetails":{"known":false,"muted":false,"flaky":false},"stage":"finished","steps":[],"attachments":[],"parameters":[],"start":1713791941974,"stop":1713791942161},{"name":"hooks.SetUpAndTearDown.addScreenShot(io.cucumber.java.Scenario)","status":"passed","statusDetails":{"known":false,"muted":false,"flaky":false},"stage":"finished","steps":[],"attachments":[],"parameters":[],"start":1713791942161,"stop":1713791942161},{"name":"When Click the submit and add button in support page.","status":"passed","statusDetails":{"known":false,"muted":false,"flaky":false},"stage":"finished","steps":[],"attachments":[],"parameters":[],"start":1713791942161,"stop":1713791942768},{"name":"hooks.SetUpAndTearDown.addScreenShot(io.cucumber.java.Scenario)","status":"passed","statusDetails":{"known":false,"muted":false,"flaky":false},"stage":"finished","steps":[],"attachments":[],"parameters":[],"start":1713791942768,"stop":1713791942768},{"name":"Then Check how it behave in support page whether it shows error message or not.","status":"failed","statusDetails":{"known":false,"muted":false,"flaky":false,"message":"expected [Enter the credentials] but found [please upload the student data]","trace":"java.lang.AssertionError: expected [Enter the credentials] but found [please upload the student data]\r\n\tat org.testng.Assert.fail(Assert.java:111)\r\n\tat org.testng.Assert.failNotEquals(Assert.java:1578)\r\n\tat org.testng.Assert.assertEqualsImpl(Assert.java:150)\r\n\tat org.testng.Assert.assertEquals(Assert.java:132)\r\n\tat org.testng.Assert.assertEquals(Assert.java:656)\r\n\tat org.testng.Assert.assertEquals(Assert.java:666)\r\n\tat stepDefinitions.SupportModule.check_how_it_behave_in_support_page_whether_it_shows_error_message_or_not(SupportModule.java:95)\r\n\tat ✽.Check how it behave in support page whether it shows error message or not.(file:///C:/Users/dinesh/eclipse-workspace/Colleges/src/test/java/features/College11_Support.feature:20)\r\n"},"stage":"finished","steps":[],"attachments":[],"parameters":[],"start":1713791942768,"stop":1713791943522},{"name":"hooks.SetUpAndTearDown.addScreenShot(io.cucumber.java.Scenario)","status":"passed","statusDetails":{"known":false,"muted":false,"flaky":false},"stage":"finished","steps":[],"attachments":[{"name":"image","source":"14c30583-97cb-4ebb-8bf6-55f020645ade-attachment","type":"image/png"}],"parameters":[],"start":1713791943522,"stop":1713791943737}],"attachments":[],"parameters":[],"start":1713791938455,"stop":1713791944044}