{"uuid":"e79be983-cab7-44da-8af1-3118937fe9ac","historyId":"5ca64b1e2c5de027e5360c80a0fe7348","testCaseId":"85c3d484f2181f7bfe42779583c4a97a","fullName":"src/test/java/features/College2_Branch1.feature:20","labels":[{"name":"host","value":"DineshManoharan"},{"name":"thread","value":"47800@DineshManoharan.main(1)"},{"name":"feature","value":"Branch Module"},{"name":"story","value":"View the branch"},{"name":"suite","value":"Branch Module"},{"name":"testClass","value":"View the branch"},{"name":"framework","value":"cucumber4jvm"},{"name":"language","value":"java"},{"name":"gherkin_uri","value":"file:///C:/Users/dinesh/eclipse-workspace/Colleges/src/test/java/features/College2_Branch1.feature"},{"name":"package","value":"src.test.java.features.College2_Branch1_feature.Branch Module"}],"links":[],"name":"View the branch","status":"failed","statusDetails":{"known":false,"muted":false,"flaky":false,"message":"expected [iuvvs] but found [ga]","trace":"java.lang.AssertionError: expected [iuvvs] but found [ga]\r\n\tat org.testng.Assert.fail(Assert.java:111)\r\n\tat org.testng.Assert.failNotEquals(Assert.java:1578)\r\n\tat org.testng.Assert.assertEqualsImpl(Assert.java:150)\r\n\tat org.testng.Assert.assertEquals(Assert.java:132)\r\n\tat org.testng.Assert.assertEquals(Assert.java:656)\r\n\tat org.testng.Assert.assertEquals(Assert.java:666)\r\n\tat stepDefinitions.BranchModule1.check1(BranchModule1.java:66)\r\n\tat ✽.Check the value present in all fields.(file:///C:/Users/dinesh/eclipse-workspace/Colleges/src/test/java/features/College2_Branch1.feature:23)\r\n"},"stage":"finished","steps":[{"name":"Given Once user enter the homepage click the branch menu.","status":"passed","statusDetails":{"known":false,"muted":false,"flaky":false},"stage":"finished","steps":[],"attachments":[],"parameters":[],"start":1713263159591,"stop":1713263160316},{"name":"hooks.SetUpAndTearDown.addScreenShot(io.cucumber.java.Scenario)","status":"passed","statusDetails":{"known":false,"muted":false,"flaky":false},"stage":"finished","steps":[],"attachments":[],"parameters":[],"start":1713263160317,"stop":1713263160317},{"name":"Given Click the view icon","status":"passed","statusDetails":{"known":false,"muted":false,"flaky":false},"stage":"finished","steps":[],"attachments":[],"parameters":[],"start":1713263160317,"stop":1713263160843},{"name":"hooks.SetUpAndTearDown.addScreenShot(io.cucumber.java.Scenario)","status":"passed","statusDetails":{"known":false,"muted":false,"flaky":false},"stage":"finished","steps":[],"attachments":[],"parameters":[],"start":1713263160843,"stop":1713263160843},{"name":"When Check the value present in all fields.","status":"failed","statusDetails":{"known":false,"muted":false,"flaky":false,"message":"expected [iuvvs] but found [ga]","trace":"java.lang.AssertionError: expected [iuvvs] but found [ga]\r\n\tat org.testng.Assert.fail(Assert.java:111)\r\n\tat org.testng.Assert.failNotEquals(Assert.java:1578)\r\n\tat org.testng.Assert.assertEqualsImpl(Assert.java:150)\r\n\tat org.testng.Assert.assertEquals(Assert.java:132)\r\n\tat org.testng.Assert.assertEquals(Assert.java:656)\r\n\tat org.testng.Assert.assertEquals(Assert.java:666)\r\n\tat stepDefinitions.BranchModule1.check1(BranchModule1.java:66)\r\n\tat ✽.Check the value present in all fields.(file:///C:/Users/dinesh/eclipse-workspace/Colleges/src/test/java/features/College2_Branch1.feature:23)\r\n"},"stage":"finished","steps":[],"attachments":[],"parameters":[],"start":1713263160843,"stop":1713263160846},{"name":"hooks.SetUpAndTearDown.addScreenShot(io.cucumber.java.Scenario)","status":"passed","statusDetails":{"known":false,"muted":false,"flaky":false},"stage":"finished","steps":[],"attachments":[{"name":"image","source":"87519b2b-4739-4f0b-b786-faba5ec4136c-attachment","type":"image/png"}],"parameters":[],"start":1713263160847,"stop":1713263161324}],"attachments":[],"parameters":[],"start":1713263157184,"stop":1713263161525}