<?xml version="1.0" encoding="UTF-8"?>
<testng-results ignored="0" total="113" passed="70" failed="43" skipped="0">
  <reporter-output>
  </reporter-output>
  <suite started-at="2024-04-22T18:46:10 IST" name="Default suite" finished-at="2024-04-22T19:06:02 IST" duration-ms="1192026">
    <groups>
      <group name="cucumber">
        <method signature="AbstractTestNGCucumberTests.runScenario(io.cucumber.testng.PickleWrapper,io.cucumber.testng.FeatureWrapper)[pri:0, instance:runner.TestNGRunner2@7817fd62]" name="runScenario" class="io.cucumber.testng.AbstractTestNGCucumberTests"/>
      </group> <!-- cucumber -->
    </groups>
    <test started-at="2024-04-22T18:46:10 IST" name="Default test" finished-at="2024-04-22T19:06:02 IST" duration-ms="1192026">
      <class name="runner.TestNGRunner2">
        <test-method is-config="true" signature="setUpClass(org.testng.ITestContext)[pri:0, instance:runner.TestNGRunner2@7817fd62]" started-at="2024-04-22T18:46:10 IST" name="setUpClass" finished-at="2024-04-22T18:46:11 IST" duration-ms="947" status="PASS">
          <params>
            <param index="0">
              <value>
                <![CDATA[org.testng.TestRunner@bbd008f]]>
              </value>
            </param>
          </params>
          <reporter-output>
          </reporter-output>
        </test-method> <!-- setUpClass -->
        <test-method signature="runScenario(io.cucumber.testng.PickleWrapper,io.cucumber.testng.FeatureWrapper)[pri:0, instance:runner.TestNGRunner2@7817fd62]" started-at="2024-04-22T18:46:11 IST" name="runScenario" description="Runs Cucumber Scenarios" data-provider="scenarios" finished-at="2024-04-22T18:46:29 IST" duration-ms="18101" status="PASS">
          <params>
            <param index="0">
              <value>
                <![CDATA["Positive Scenario - Admin Module"]]>
              </value>
            </param>
            <param index="1">
              <value>
                <![CDATA["College - Admin Module"]]>
              </value>
            </param>
          </params>
          <reporter-output>
          </reporter-output>
        </test-method> <!-- runScenario -->
        <test-method signature="runScenario(io.cucumber.testng.PickleWrapper,io.cucumber.testng.FeatureWrapper)[pri:0, instance:runner.TestNGRunner2@7817fd62]" started-at="2024-04-22T18:46:29 IST" name="runScenario" description="Runs Cucumber Scenarios" data-provider="scenarios" finished-at="2024-04-22T18:46:35 IST" duration-ms="5896" status="PASS">
          <params>
            <param index="0">
              <value>
                <![CDATA["Without enter anything click submit button in admin"]]>
              </value>
            </param>
            <param index="1">
              <value>
                <![CDATA["College - Admin Module"]]>
              </value>
            </param>
          </params>
          <reporter-output>
          </reporter-output>
        </test-method> <!-- runScenario -->
        <test-method signature="runScenario(io.cucumber.testng.PickleWrapper,io.cucumber.testng.FeatureWrapper)[pri:0, instance:runner.TestNGRunner2@7817fd62]" started-at="2024-04-22T18:46:35 IST" name="runScenario" description="Runs Cucumber Scenarios" data-provider="scenarios" finished-at="2024-04-22T18:46:51 IST" duration-ms="16275" status="FAIL">
          <params>
            <param index="0">
              <value>
                <![CDATA["Without enter anything click submit and add button in admin"]]>
              </value>
            </param>
            <param index="1">
              <value>
                <![CDATA["College - Admin Module"]]>
              </value>
            </param>
          </params>
          <exception class="java.lang.AssertionError">
            <message>
              <![CDATA[expected [Enter all details] but found [please upload your Profile picture]]]>
            </message>
            <full-stacktrace>
              <![CDATA[java.lang.AssertionError: expected [Enter all details] but found [please upload your Profile picture]
at org.testng.Assert.fail(Assert.java:111)
at org.testng.Assert.failNotEquals(Assert.java:1578)
at org.testng.Assert.assertEqualsImpl(Assert.java:150)
at org.testng.Assert.assertEquals(Assert.java:132)
at org.testng.Assert.assertEquals(Assert.java:656)
at org.testng.Assert.assertEquals(Assert.java:666)
at stepDefinitions.AdminModule.check_how_it_behave_in_admin_page_whether_it_shows_error_message_or_not(AdminModule.java:111)
at ✽.Check how it behave in admin page whether it shows error message or not.(file:///C:/Users/dinesh/eclipse-workspace/Colleges/src/test/java/features/College10_Admin.feature:19)
]]>
            </full-stacktrace>
          </exception> <!-- java.lang.AssertionError -->
          <reporter-output>
          </reporter-output>
        </test-method> <!-- runScenario -->
        <test-method signature="runScenario(io.cucumber.testng.PickleWrapper,io.cucumber.testng.FeatureWrapper)[pri:0, instance:runner.TestNGRunner2@7817fd62]" started-at="2024-04-22T18:46:51 IST" name="runScenario" description="Runs Cucumber Scenarios" data-provider="scenarios" finished-at="2024-04-22T18:46:57 IST" duration-ms="5446" status="FAIL">
          <params>
            <param index="0">
              <value>
                <![CDATA["Without enter anything some data is present refresh the page"]]>
              </value>
            </param>
            <param index="1">
              <value>
                <![CDATA["College - Admin Module"]]>
              </value>
            </param>
          </params>
          <exception class="java.lang.Exception">
            <message>
              <![CDATA[Values Overriding]]>
            </message>
            <full-stacktrace>
              <![CDATA[java.lang.Exception: Values Overriding
at stepDefinitions.AdminModule.refresh_the_page_and_check(AdminModule.java:116)
at ✽.Refresh the page and check.(file:///C:/Users/dinesh/eclipse-workspace/Colleges/src/test/java/features/College10_Admin.feature:23)
]]>
            </full-stacktrace>
          </exception> <!-- java.lang.Exception -->
          <reporter-output>
          </reporter-output>
        </test-method> <!-- runScenario -->
        <test-method signature="runScenario(io.cucumber.testng.PickleWrapper,io.cucumber.testng.FeatureWrapper)[pri:0, instance:runner.TestNGRunner2@7817fd62]" started-at="2024-04-22T18:46:57 IST" name="runScenario" description="Runs Cucumber Scenarios" data-provider="scenarios" finished-at="2024-04-22T18:47:10 IST" duration-ms="13883" status="PASS">
          <params>
            <param index="0">
              <value>
                <![CDATA["Positive Sceanrio - Admin - Click  Option"]]>
              </value>
            </param>
            <param index="1">
              <value>
                <![CDATA["College - Admin Module"]]>
              </value>
            </param>
          </params>
          <reporter-output>
          </reporter-output>
        </test-method> <!-- runScenario -->
        <test-method signature="runScenario(io.cucumber.testng.PickleWrapper,io.cucumber.testng.FeatureWrapper)[pri:0, instance:runner.TestNGRunner2@7817fd62]" started-at="2024-04-22T18:47:10 IST" name="runScenario" description="Runs Cucumber Scenarios" data-provider="scenarios" finished-at="2024-04-22T18:47:25 IST" duration-ms="14088" status="PASS">
          <params>
            <param index="0">
              <value>
                <![CDATA["Positive Sceanrio - Admin - Click  Option"]]>
              </value>
            </param>
            <param index="1">
              <value>
                <![CDATA["College - Admin Module"]]>
              </value>
            </param>
          </params>
          <reporter-output>
          </reporter-output>
        </test-method> <!-- runScenario -->
        <test-method signature="runScenario(io.cucumber.testng.PickleWrapper,io.cucumber.testng.FeatureWrapper)[pri:0, instance:runner.TestNGRunner2@7817fd62]" started-at="2024-04-22T18:47:25 IST" name="runScenario" description="Runs Cucumber Scenarios" data-provider="scenarios" finished-at="2024-04-22T18:47:39 IST" duration-ms="14182" status="PASS">
          <params>
            <param index="0">
              <value>
                <![CDATA["Positive Sceanrio - Admin - Click  Option"]]>
              </value>
            </param>
            <param index="1">
              <value>
                <![CDATA["College - Admin Module"]]>
              </value>
            </param>
          </params>
          <reporter-output>
          </reporter-output>
        </test-method> <!-- runScenario -->
        <test-method signature="runScenario(io.cucumber.testng.PickleWrapper,io.cucumber.testng.FeatureWrapper)[pri:0, instance:runner.TestNGRunner2@7817fd62]" started-at="2024-04-22T18:47:39 IST" name="runScenario" description="Runs Cucumber Scenarios" data-provider="scenarios" finished-at="2024-04-22T18:47:52 IST" duration-ms="13142" status="PASS">
          <params>
            <param index="0">
              <value>
                <![CDATA["Positive Sceanrio - Admin - Click Add Option"]]>
              </value>
            </param>
            <param index="1">
              <value>
                <![CDATA["College - Admin Module"]]>
              </value>
            </param>
          </params>
          <reporter-output>
          </reporter-output>
        </test-method> <!-- runScenario -->
        <test-method signature="runScenario(io.cucumber.testng.PickleWrapper,io.cucumber.testng.FeatureWrapper)[pri:0, instance:runner.TestNGRunner2@7817fd62]" started-at="2024-04-22T18:47:52 IST" name="runScenario" description="Runs Cucumber Scenarios" data-provider="scenarios" finished-at="2024-04-22T18:48:04 IST" duration-ms="12426" status="PASS">
          <params>
            <param index="0">
              <value>
                <![CDATA["Positive Sceanrio - Admin - Click Edit Option"]]>
              </value>
            </param>
            <param index="1">
              <value>
                <![CDATA["College - Admin Module"]]>
              </value>
            </param>
          </params>
          <reporter-output>
          </reporter-output>
        </test-method> <!-- runScenario -->
        <test-method signature="runScenario(io.cucumber.testng.PickleWrapper,io.cucumber.testng.FeatureWrapper)[pri:0, instance:runner.TestNGRunner2@7817fd62]" started-at="2024-04-22T18:48:04 IST" name="runScenario" description="Runs Cucumber Scenarios" data-provider="scenarios" finished-at="2024-04-22T18:48:17 IST" duration-ms="12339" status="PASS">
          <params>
            <param index="0">
              <value>
                <![CDATA["Positive Sceanrio - Admin - Click Delete Option"]]>
              </value>
            </param>
            <param index="1">
              <value>
                <![CDATA["College - Admin Module"]]>
              </value>
            </param>
          </params>
          <reporter-output>
          </reporter-output>
        </test-method> <!-- runScenario -->
        <test-method signature="runScenario(io.cucumber.testng.PickleWrapper,io.cucumber.testng.FeatureWrapper)[pri:0, instance:runner.TestNGRunner2@7817fd62]" started-at="2024-04-22T18:48:17 IST" name="runScenario" description="Runs Cucumber Scenarios" data-provider="scenarios" finished-at="2024-04-22T18:48:22 IST" duration-ms="5208" status="FAIL">
          <params>
            <param index="0">
              <value>
                <![CDATA["Edit - Admin"]]>
              </value>
            </param>
            <param index="1">
              <value>
                <![CDATA["College - Admin Module"]]>
              </value>
            </param>
          </params>
          <exception class="java.lang.Exception">
            <message>
              <![CDATA[Passqord values didn't shows]]>
            </message>
            <full-stacktrace>
              <![CDATA[java.lang.Exception: Passqord values didn't shows
at stepDefinitions.AdminModule.check_all_values_are_present_in_admin(AdminModule.java:198)
at ✽.Check all values are present in admin(file:///C:/Users/dinesh/eclipse-workspace/Colleges/src/test/java/features/College10_Admin.feature:54)
]]>
            </full-stacktrace>
          </exception> <!-- java.lang.Exception -->
          <reporter-output>
          </reporter-output>
        </test-method> <!-- runScenario -->
        <test-method signature="runScenario(io.cucumber.testng.PickleWrapper,io.cucumber.testng.FeatureWrapper)[pri:0, instance:runner.TestNGRunner2@7817fd62]" started-at="2024-04-22T18:48:22 IST" name="runScenario" description="Runs Cucumber Scenarios" data-provider="scenarios" finished-at="2024-04-22T18:48:35 IST" duration-ms="13059" status="FAIL">
          <params>
            <param index="0">
              <value>
                <![CDATA["Negative Sceenario - Admin"]]>
              </value>
            </param>
            <param index="1">
              <value>
                <![CDATA["College - Admin Module"]]>
              </value>
            </param>
          </params>
          <exception class="java.lang.Exception">
            <message>
              <![CDATA[Permission Validation Must]]>
            </message>
            <full-stacktrace>
              <![CDATA[java.lang.Exception: Permission Validation Must
at stepDefinitions.AdminModule.if_it_allow_it_s_bug(AdminModule.java:217)
at ✽.If it allow its bug.(file:///C:/Users/dinesh/eclipse-workspace/Colleges/src/test/java/features/College10_Admin.feature:60)
]]>
            </full-stacktrace>
          </exception> <!-- java.lang.Exception -->
          <reporter-output>
          </reporter-output>
        </test-method> <!-- runScenario -->
        <test-method signature="runScenario(io.cucumber.testng.PickleWrapper,io.cucumber.testng.FeatureWrapper)[pri:0, instance:runner.TestNGRunner2@7817fd62]" started-at="2024-04-22T18:48:35 IST" name="runScenario" description="Runs Cucumber Scenarios" data-provider="scenarios" finished-at="2024-04-22T18:48:53 IST" duration-ms="18107" status="PASS">
          <params>
            <param index="0">
              <value>
                <![CDATA["Positive Scenario - Support Module"]]>
              </value>
            </param>
            <param index="1">
              <value>
                <![CDATA["College - Support Module"]]>
              </value>
            </param>
          </params>
          <reporter-output>
          </reporter-output>
        </test-method> <!-- runScenario -->
        <test-method signature="runScenario(io.cucumber.testng.PickleWrapper,io.cucumber.testng.FeatureWrapper)[pri:0, instance:runner.TestNGRunner2@7817fd62]" started-at="2024-04-22T18:48:53 IST" name="runScenario" description="Runs Cucumber Scenarios" data-provider="scenarios" finished-at="2024-04-22T18:48:58 IST" duration-ms="4939" status="PASS">
          <params>
            <param index="0">
              <value>
                <![CDATA["Without enter anything click submit button in support"]]>
              </value>
            </param>
            <param index="1">
              <value>
                <![CDATA["College - Support Module"]]>
              </value>
            </param>
          </params>
          <reporter-output>
          </reporter-output>
        </test-method> <!-- runScenario -->
        <test-method signature="runScenario(io.cucumber.testng.PickleWrapper,io.cucumber.testng.FeatureWrapper)[pri:0, instance:runner.TestNGRunner2@7817fd62]" started-at="2024-04-22T18:48:58 IST" name="runScenario" description="Runs Cucumber Scenarios" data-provider="scenarios" finished-at="2024-04-22T18:49:04 IST" duration-ms="5604" status="FAIL">
          <params>
            <param index="0">
              <value>
                <![CDATA["Without enter anything click submit and add button in support"]]>
              </value>
            </param>
            <param index="1">
              <value>
                <![CDATA["College - Support Module"]]>
              </value>
            </param>
          </params>
          <exception class="java.lang.AssertionError">
            <message>
              <![CDATA[expected [Enter the credentials] but found [please upload the student data]]]>
            </message>
            <full-stacktrace>
              <![CDATA[java.lang.AssertionError: expected [Enter the credentials] but found [please upload the student data]
at org.testng.Assert.fail(Assert.java:111)
at org.testng.Assert.failNotEquals(Assert.java:1578)
at org.testng.Assert.assertEqualsImpl(Assert.java:150)
at org.testng.Assert.assertEquals(Assert.java:132)
at org.testng.Assert.assertEquals(Assert.java:656)
at org.testng.Assert.assertEquals(Assert.java:666)
at stepDefinitions.SupportModule.check_how_it_behave_in_support_page_whether_it_shows_error_message_or_not(SupportModule.java:95)
at ✽.Check how it behave in support page whether it shows error message or not.(file:///C:/Users/dinesh/eclipse-workspace/Colleges/src/test/java/features/College11_Support.feature:20)
]]>
            </full-stacktrace>
          </exception> <!-- java.lang.AssertionError -->
          <reporter-output>
          </reporter-output>
        </test-method> <!-- runScenario -->
        <test-method signature="runScenario(io.cucumber.testng.PickleWrapper,io.cucumber.testng.FeatureWrapper)[pri:0, instance:runner.TestNGRunner2@7817fd62]" started-at="2024-04-22T18:49:04 IST" name="runScenario" description="Runs Cucumber Scenarios" data-provider="scenarios" finished-at="2024-04-22T18:49:17 IST" duration-ms="13742" status="FAIL">
          <params>
            <param index="0">
              <value>
                <![CDATA["Enter the mandatory fields in support page"]]>
              </value>
            </param>
            <param index="1">
              <value>
                <![CDATA["College - Support Module"]]>
              </value>
            </param>
          </params>
          <exception class="java.lang.Exception">
            <message>
              <![CDATA[Error message didn't throw in support page]]>
            </message>
            <full-stacktrace>
              <![CDATA[java.lang.Exception: Error message didn't throw in support page
at stepDefinitions.SupportModule.check_how_its_behave_in_support_page(SupportModule.java:112)
at ✽.Check how its behave in support page.(file:///C:/Users/dinesh/eclipse-workspace/Colleges/src/test/java/features/College11_Support.feature:25)
]]>
            </full-stacktrace>
          </exception> <!-- java.lang.Exception -->
          <reporter-output>
          </reporter-output>
        </test-method> <!-- runScenario -->
        <test-method signature="runScenario(io.cucumber.testng.PickleWrapper,io.cucumber.testng.FeatureWrapper)[pri:0, instance:runner.TestNGRunner2@7817fd62]" started-at="2024-04-22T18:49:17 IST" name="runScenario" description="Runs Cucumber Scenarios" data-provider="scenarios" finished-at="2024-04-22T18:49:33 IST" duration-ms="16039" status="FAIL">
          <params>
            <param index="0">
              <value>
                <![CDATA["Upload a big mb videos in doc how it behaves."]]>
              </value>
            </param>
            <param index="1">
              <value>
                <![CDATA["College - Support Module"]]>
              </value>
            </param>
          </params>
          <exception class="java.lang.Exception">
            <message>
              <![CDATA[Set limit video mb]]>
            </message>
            <full-stacktrace>
              <![CDATA[java.lang.Exception: Set limit video mb
at stepDefinitions.SupportModule.check_whether_the_videos_has_been_upload_oe_not(SupportModule.java:131)
at ✽.Check whether the videos has been upload oe not.(file:///C:/Users/dinesh/eclipse-workspace/Colleges/src/test/java/features/College11_Support.feature:30)
]]>
            </full-stacktrace>
          </exception> <!-- java.lang.Exception -->
          <reporter-output>
          </reporter-output>
        </test-method> <!-- runScenario -->
        <test-method signature="runScenario(io.cucumber.testng.PickleWrapper,io.cucumber.testng.FeatureWrapper)[pri:0, instance:runner.TestNGRunner2@7817fd62]" started-at="2024-04-22T18:49:33 IST" name="runScenario" description="Runs Cucumber Scenarios" data-provider="scenarios" finished-at="2024-04-22T18:49:37 IST" duration-ms="4071" status="FAIL">
          <params>
            <param index="0">
              <value>
                <![CDATA["Search module in support page"]]>
              </value>
            </param>
            <param index="1">
              <value>
                <![CDATA["College - Support Module"]]>
              </value>
            </param>
          </params>
          <exception class="java.lang.Exception">
            <message>
              <![CDATA[Searcch Box didn't Work]]>
            </message>
            <full-stacktrace>
              <![CDATA[java.lang.Exception: Searcch Box didn't Work
at stepDefinitions.SupportModule.check_all_words_contains_v_char_in_support(SupportModule.java:140)
at ✽.Check All words contains V char in support.(file:///C:/Users/dinesh/eclipse-workspace/Colleges/src/test/java/features/College11_Support.feature:34)
]]>
            </full-stacktrace>
          </exception> <!-- java.lang.Exception -->
          <reporter-output>
          </reporter-output>
        </test-method> <!-- runScenario -->
        <test-method signature="runScenario(io.cucumber.testng.PickleWrapper,io.cucumber.testng.FeatureWrapper)[pri:0, instance:runner.TestNGRunner2@7817fd62]" started-at="2024-04-22T18:49:37 IST" name="runScenario" description="Runs Cucumber Scenarios" data-provider="scenarios" finished-at="2024-04-22T18:49:53 IST" duration-ms="15303" status="PASS">
          <params>
            <param index="0">
              <value>
                <![CDATA["Positive Scenario for exam module"]]>
              </value>
            </param>
            <param index="1">
              <value>
                <![CDATA["College - Exam"]]>
              </value>
            </param>
          </params>
          <reporter-output>
          </reporter-output>
        </test-method> <!-- runScenario -->
        <test-method signature="runScenario(io.cucumber.testng.PickleWrapper,io.cucumber.testng.FeatureWrapper)[pri:0, instance:runner.TestNGRunner2@7817fd62]" started-at="2024-04-22T18:49:53 IST" name="runScenario" description="Runs Cucumber Scenarios" data-provider="scenarios" finished-at="2024-04-22T18:49:57 IST" duration-ms="4714" status="PASS">
          <params>
            <param index="0">
              <value>
                <![CDATA["Without enter anything click submit button in exam"]]>
              </value>
            </param>
            <param index="1">
              <value>
                <![CDATA["College - Exam"]]>
              </value>
            </param>
          </params>
          <reporter-output>
          </reporter-output>
        </test-method> <!-- runScenario -->
        <test-method signature="runScenario(io.cucumber.testng.PickleWrapper,io.cucumber.testng.FeatureWrapper)[pri:0, instance:runner.TestNGRunner2@7817fd62]" started-at="2024-04-22T18:49:57 IST" name="runScenario" description="Runs Cucumber Scenarios" data-provider="scenarios" finished-at="2024-04-22T18:50:03 IST" duration-ms="5203" status="FAIL">
          <params>
            <param index="0">
              <value>
                <![CDATA["Without enter anything click submit and add button in exam"]]>
              </value>
            </param>
            <param index="1">
              <value>
                <![CDATA["College - Exam"]]>
              </value>
            </param>
          </params>
          <exception class="java.lang.AssertionError">
            <message>
              <![CDATA[expected [Enter the credentials] but found [Exam ID is already exist]]]>
            </message>
            <full-stacktrace>
              <![CDATA[java.lang.AssertionError: expected [Enter the credentials] but found [Exam ID is already exist]
at org.testng.Assert.fail(Assert.java:111)
at org.testng.Assert.failNotEquals(Assert.java:1578)
at org.testng.Assert.assertEqualsImpl(Assert.java:150)
at org.testng.Assert.assertEquals(Assert.java:132)
at org.testng.Assert.assertEquals(Assert.java:656)
at org.testng.Assert.assertEquals(Assert.java:666)
at stepDefinitions.ExamModule.check_how_it_behave_in_exam_page_whether_it_shows_error_message_or_not(ExamModule.java:125)
at ✽.Check how it behave in exam page whether it shows error message or not.(file:///C:/Users/dinesh/eclipse-workspace/Colleges/src/test/java/features/College12_Exam.feature:19)
]]>
            </full-stacktrace>
          </exception> <!-- java.lang.AssertionError -->
          <reporter-output>
          </reporter-output>
        </test-method> <!-- runScenario -->
        <test-method signature="runScenario(io.cucumber.testng.PickleWrapper,io.cucumber.testng.FeatureWrapper)[pri:0, instance:runner.TestNGRunner2@7817fd62]" started-at="2024-04-22T18:50:03 IST" name="runScenario" description="Runs Cucumber Scenarios" data-provider="scenarios" finished-at="2024-04-22T18:50:18 IST" duration-ms="15588" status="PASS">
          <params>
            <param index="0">
              <value>
                <![CDATA["Positive Scenario - Exam Link"]]>
              </value>
            </param>
            <param index="1">
              <value>
                <![CDATA["College - Exam"]]>
              </value>
            </param>
          </params>
          <reporter-output>
          </reporter-output>
        </test-method> <!-- runScenario -->
        <test-method signature="runScenario(io.cucumber.testng.PickleWrapper,io.cucumber.testng.FeatureWrapper)[pri:0, instance:runner.TestNGRunner2@7817fd62]" started-at="2024-04-22T18:50:18 IST" name="runScenario" description="Runs Cucumber Scenarios" data-provider="scenarios" finished-at="2024-04-22T18:50:40 IST" duration-ms="21673" status="PASS">
          <params>
            <param index="0">
              <value>
                <![CDATA["Positive Scenario - File Upload"]]>
              </value>
            </param>
            <param index="1">
              <value>
                <![CDATA["College - Exam"]]>
              </value>
            </param>
          </params>
          <reporter-output>
          </reporter-output>
        </test-method> <!-- runScenario -->
        <test-method signature="runScenario(io.cucumber.testng.PickleWrapper,io.cucumber.testng.FeatureWrapper)[pri:0, instance:runner.TestNGRunner2@7817fd62]" started-at="2024-04-22T18:50:40 IST" name="runScenario" description="Runs Cucumber Scenarios" data-provider="scenarios" finished-at="2024-04-22T18:50:53 IST" duration-ms="13572" status="FAIL">
          <params>
            <param index="0">
              <value>
                <![CDATA["Negative Scenario - Exam Module"]]>
              </value>
            </param>
            <param index="1">
              <value>
                <![CDATA["College - Exam"]]>
              </value>
            </param>
          </params>
          <exception class="java.lang.Exception">
            <message>
              <![CDATA[Existing Time and date doesn't want to shows]]>
            </message>
            <full-stacktrace>
              <![CDATA[java.lang.Exception: Existing Time and date doesn't want to shows
at stepDefinitions.ExamModule.throw_errors(ExamModule.java:221)
at ✽.Throw Errors.(file:///C:/Users/dinesh/eclipse-workspace/Colleges/src/test/java/features/College12_Exam.feature:34)
]]>
            </full-stacktrace>
          </exception> <!-- java.lang.Exception -->
          <reporter-output>
          </reporter-output>
        </test-method> <!-- runScenario -->
        <test-method signature="runScenario(io.cucumber.testng.PickleWrapper,io.cucumber.testng.FeatureWrapper)[pri:0, instance:runner.TestNGRunner2@7817fd62]" started-at="2024-04-22T18:50:53 IST" name="runScenario" description="Runs Cucumber Scenarios" data-provider="scenarios" finished-at="2024-04-22T18:51:07 IST" duration-ms="13411" status="FAIL">
          <params>
            <param index="0">
              <value>
                <![CDATA["Negative Scenario1 - Exam Module"]]>
              </value>
            </param>
            <param index="1">
              <value>
                <![CDATA["College - Exam"]]>
              </value>
            </param>
          </params>
          <exception class="java.lang.Exception">
            <message>
              <![CDATA[Submit and add button didn't work properly]]>
            </message>
            <full-stacktrace>
              <![CDATA[java.lang.Exception: Submit and add button didn't work properly
at stepDefinitions.ExamModule.click_submit_and_add_icon_and_check_how_it_behave(ExamModule.java:251)
at ✽.Click submit and add icon and check how it behave.(file:///C:/Users/dinesh/eclipse-workspace/Colleges/src/test/java/features/College12_Exam.feature:39)
]]>
            </full-stacktrace>
          </exception> <!-- java.lang.Exception -->
          <reporter-output>
          </reporter-output>
        </test-method> <!-- runScenario -->
        <test-method signature="runScenario(io.cucumber.testng.PickleWrapper,io.cucumber.testng.FeatureWrapper)[pri:0, instance:runner.TestNGRunner2@7817fd62]" started-at="2024-04-22T18:51:07 IST" name="runScenario" description="Runs Cucumber Scenarios" data-provider="scenarios" finished-at="2024-04-22T18:51:23 IST" duration-ms="16379" status="PASS">
          <params>
            <param index="0">
              <value>
                <![CDATA["Exisiting data entered and then click submit"]]>
              </value>
            </param>
            <param index="1">
              <value>
                <![CDATA["College - Exam"]]>
              </value>
            </param>
          </params>
          <reporter-output>
          </reporter-output>
        </test-method> <!-- runScenario -->
        <test-method signature="runScenario(io.cucumber.testng.PickleWrapper,io.cucumber.testng.FeatureWrapper)[pri:0, instance:runner.TestNGRunner2@7817fd62]" started-at="2024-04-22T18:51:23 IST" name="runScenario" description="Runs Cucumber Scenarios" data-provider="scenarios" finished-at="2024-04-22T18:51:32 IST" duration-ms="8336" status="FAIL">
          <params>
            <param index="0">
              <value>
                <![CDATA["Enter mantatory fields only in exam"]]>
              </value>
            </param>
            <param index="1">
              <value>
                <![CDATA["College - Exam"]]>
              </value>
            </param>
          </params>
          <exception class="java.lang.Exception">
            <message>
              <![CDATA[Without date how can we schedule the exam?]]>
            </message>
            <full-stacktrace>
              <![CDATA[java.lang.Exception: Without date how can we schedule the exam?
at stepDefinitions.ExamModule.check_its_created_or_not_in_exam_page(ExamModule.java:282)
at ✽.Check its created or not in exam page.(file:///C:/Users/dinesh/eclipse-workspace/Colleges/src/test/java/features/College12_Exam.feature:49)
]]>
            </full-stacktrace>
          </exception> <!-- java.lang.Exception -->
          <reporter-output>
          </reporter-output>
        </test-method> <!-- runScenario -->
        <test-method signature="runScenario(io.cucumber.testng.PickleWrapper,io.cucumber.testng.FeatureWrapper)[pri:0, instance:runner.TestNGRunner2@7817fd62]" started-at="2024-04-22T18:51:32 IST" name="runScenario" description="Runs Cucumber Scenarios" data-provider="scenarios" finished-at="2024-04-22T18:51:40 IST" duration-ms="8534" status="PASS">
          <params>
            <param index="0">
              <value>
                <![CDATA["Negative Scenario in mark fields."]]>
              </value>
            </param>
            <param index="1">
              <value>
                <![CDATA["College - Exam"]]>
              </value>
            </param>
          </params>
          <reporter-output>
          </reporter-output>
        </test-method> <!-- runScenario -->
        <test-method signature="runScenario(io.cucumber.testng.PickleWrapper,io.cucumber.testng.FeatureWrapper)[pri:0, instance:runner.TestNGRunner2@7817fd62]" started-at="2024-04-22T18:51:40 IST" name="runScenario" description="Runs Cucumber Scenarios" data-provider="scenarios" finished-at="2024-04-22T18:51:48 IST" duration-ms="8015" status="FAIL">
          <params>
            <param index="0">
              <value>
                <![CDATA["Negative Scenario1 in mark fields."]]>
              </value>
            </param>
            <param index="1">
              <value>
                <![CDATA["College - Exam"]]>
              </value>
            </param>
          </params>
          <exception class="java.lang.Exception">
            <message>
              <![CDATA[Dont allow negative values in mark fiels]]>
            </message>
            <full-stacktrace>
              <![CDATA[java.lang.Exception: Dont allow negative values in mark fiels
at stepDefinitions.ExamModule.check_the_error_message_shows_or_not_related_to_mark_in_exam_module(ExamModule.java:314)
at ✽.Check the error message shows or not related to mark in exam module.(file:///C:/Users/dinesh/eclipse-workspace/Colleges/src/test/java/features/College12_Exam.feature:59)
]]>
            </full-stacktrace>
          </exception> <!-- java.lang.Exception -->
          <reporter-output>
          </reporter-output>
        </test-method> <!-- runScenario -->
        <test-method signature="runScenario(io.cucumber.testng.PickleWrapper,io.cucumber.testng.FeatureWrapper)[pri:0, instance:runner.TestNGRunner2@7817fd62]" started-at="2024-04-22T18:51:48 IST" name="runScenario" description="Runs Cucumber Scenarios" data-provider="scenarios" finished-at="2024-04-22T18:51:56 IST" duration-ms="8122" status="FAIL">
          <params>
            <param index="0">
              <value>
                <![CDATA["Irrelevant answer in answer fields and check how its behave"]]>
              </value>
            </param>
            <param index="1">
              <value>
                <![CDATA["College - Exam"]]>
              </value>
            </param>
          </params>
          <exception class="java.lang.Exception">
            <message>
              <![CDATA[Enter irrelevant answer how it provide marks]]>
            </message>
            <full-stacktrace>
              <![CDATA[java.lang.Exception: Enter irrelevant answer how it provide marks
at stepDefinitions.ExamModule.if_its_allow_its_bug(ExamModule.java:342)
at ✽.If its allow its bug.(file:///C:/Users/dinesh/eclipse-workspace/Colleges/src/test/java/features/College12_Exam.feature:64)
]]>
            </full-stacktrace>
          </exception> <!-- java.lang.Exception -->
          <reporter-output>
          </reporter-output>
        </test-method> <!-- runScenario -->
        <test-method signature="runScenario(io.cucumber.testng.PickleWrapper,io.cucumber.testng.FeatureWrapper)[pri:0, instance:runner.TestNGRunner2@7817fd62]" started-at="2024-04-22T18:51:56 IST" name="runScenario" description="Runs Cucumber Scenarios" data-provider="scenarios" finished-at="2024-04-22T18:52:01 IST" duration-ms="4400" status="PASS">
          <params>
            <param index="0">
              <value>
                <![CDATA["Postive Scenario - Search some char in exam search box and check it contains this char in sec menu"]]>
              </value>
            </param>
            <param index="1">
              <value>
                <![CDATA["College - Exam"]]>
              </value>
            </param>
          </params>
          <reporter-output>
          </reporter-output>
        </test-method> <!-- runScenario -->
        <test-method signature="runScenario(io.cucumber.testng.PickleWrapper,io.cucumber.testng.FeatureWrapper)[pri:0, instance:runner.TestNGRunner2@7817fd62]" started-at="2024-04-22T18:52:01 IST" name="runScenario" description="Runs Cucumber Scenarios" data-provider="scenarios" finished-at="2024-04-22T18:52:06 IST" duration-ms="5806" status="PASS">
          <params>
            <param index="0">
              <value>
                <![CDATA["Negative Scenario Search irrelevant char and check how it behave"]]>
              </value>
            </param>
            <param index="1">
              <value>
                <![CDATA["College - Exam"]]>
              </value>
            </param>
          </params>
          <reporter-output>
          </reporter-output>
        </test-method> <!-- runScenario -->
        <test-method signature="runScenario(io.cucumber.testng.PickleWrapper,io.cucumber.testng.FeatureWrapper)[pri:0, instance:runner.TestNGRunner2@7817fd62]" started-at="2024-04-22T18:52:06 IST" name="runScenario" description="Runs Cucumber Scenarios" data-provider="scenarios" finished-at="2024-04-22T18:52:12 IST" duration-ms="6022" status="PASS">
          <params>
            <param index="0">
              <value>
                <![CDATA["Delete the branch in exam module"]]>
              </value>
            </param>
            <param index="1">
              <value>
                <![CDATA["College - Exam"]]>
              </value>
            </param>
          </params>
          <reporter-output>
          </reporter-output>
        </test-method> <!-- runScenario -->
        <test-method signature="runScenario(io.cucumber.testng.PickleWrapper,io.cucumber.testng.FeatureWrapper)[pri:0, instance:runner.TestNGRunner2@7817fd62]" started-at="2024-04-22T18:52:12 IST" name="runScenario" description="Runs Cucumber Scenarios" data-provider="scenarios" finished-at="2024-04-22T18:52:31 IST" duration-ms="18603" status="PASS">
          <params>
            <param index="0">
              <value>
                <![CDATA["Positive Scenario for Branch Module"]]>
              </value>
            </param>
            <param index="1">
              <value>
                <![CDATA["Branch Module"]]>
              </value>
            </param>
          </params>
          <reporter-output>
          </reporter-output>
        </test-method> <!-- runScenario -->
        <test-method signature="runScenario(io.cucumber.testng.PickleWrapper,io.cucumber.testng.FeatureWrapper)[pri:0, instance:runner.TestNGRunner2@7817fd62]" started-at="2024-04-22T18:52:31 IST" name="runScenario" description="Runs Cucumber Scenarios" data-provider="scenarios" finished-at="2024-04-22T18:52:48 IST" duration-ms="17095" status="PASS">
          <params>
            <param index="0">
              <value>
                <![CDATA["Negative Scenario1 for Branch Module"]]>
              </value>
            </param>
            <param index="1">
              <value>
                <![CDATA["Branch Module"]]>
              </value>
            </param>
          </params>
          <reporter-output>
          </reporter-output>
        </test-method> <!-- runScenario -->
        <test-method signature="runScenario(io.cucumber.testng.PickleWrapper,io.cucumber.testng.FeatureWrapper)[pri:0, instance:runner.TestNGRunner2@7817fd62]" started-at="2024-04-22T18:52:48 IST" name="runScenario" description="Runs Cucumber Scenarios" data-provider="scenarios" finished-at="2024-04-22T18:53:05 IST" duration-ms="17173" status="FAIL">
          <params>
            <param index="0">
              <value>
                <![CDATA["Positive Scenario - Add a new branch and check created date and time"]]>
              </value>
            </param>
            <param index="1">
              <value>
                <![CDATA["Branch Module"]]>
              </value>
            </param>
          </params>
          <exception class="java.lang.AssertionError">
            <message>
              <![CDATA[expected [22/04/2024] but found [29/03/2024]]]>
            </message>
            <full-stacktrace>
              <![CDATA[java.lang.AssertionError: expected [22/04/2024] but found [29/03/2024]
at org.testng.Assert.fail(Assert.java:111)
at org.testng.Assert.failNotEquals(Assert.java:1578)
at org.testng.Assert.assertEqualsImpl(Assert.java:150)
at org.testng.Assert.assertEquals(Assert.java:132)
at org.testng.Assert.assertEquals(Assert.java:656)
at org.testng.Assert.assertEquals(Assert.java:666)
at stepDefinitions.BranchModule.check_the_created_date_and_time(BranchModule.java:123)
at ✽.Check the created date and time.(file:///C:/Users/dinesh/eclipse-workspace/Colleges/src/test/java/features/College1_Branch.feature:22)
]]>
            </full-stacktrace>
          </exception> <!-- java.lang.AssertionError -->
          <reporter-output>
          </reporter-output>
        </test-method> <!-- runScenario -->
        <test-method signature="runScenario(io.cucumber.testng.PickleWrapper,io.cucumber.testng.FeatureWrapper)[pri:0, instance:runner.TestNGRunner2@7817fd62]" started-at="2024-04-22T18:53:05 IST" name="runScenario" description="Runs Cucumber Scenarios" data-provider="scenarios" finished-at="2024-04-22T18:53:10 IST" duration-ms="4230" status="PASS">
          <params>
            <param index="0">
              <value>
                <![CDATA["Without Enter anything click submit icon and check how its behave"]]>
              </value>
            </param>
            <param index="1">
              <value>
                <![CDATA["Branch Module"]]>
              </value>
            </param>
          </params>
          <reporter-output>
          </reporter-output>
        </test-method> <!-- runScenario -->
        <test-method signature="runScenario(io.cucumber.testng.PickleWrapper,io.cucumber.testng.FeatureWrapper)[pri:0, instance:runner.TestNGRunner2@7817fd62]" started-at="2024-04-22T18:53:10 IST" name="runScenario" description="Runs Cucumber Scenarios" data-provider="scenarios" finished-at="2024-04-22T18:53:26 IST" duration-ms="16374" status="FAIL">
          <params>
            <param index="0">
              <value>
                <![CDATA["Positive Scenario - Add two data simutaneously by using submit and add button."]]>
              </value>
            </param>
            <param index="1">
              <value>
                <![CDATA["Branch Module"]]>
              </value>
            </param>
          </params>
          <exception class="org.openqa.selenium.StaleElementReferenceException">
            <message>
              <![CDATA[stale element reference: stale element not found in the current frame
  (Session info: chrome=124.0.6367.61)
For documentation on this error, please visit: https://www.selenium.dev/documentation/webdriver/troubleshooting/errors#stale-element-reference-exception
Build info: version: '4.11.0', revision: '040bc5406b'
System info: os.name: 'Windows 11', os.arch: 'amd64', os.version: '10.0', java.version: '19.0.1'
Driver info: org.openqa.selenium.chrome.ChromeDriver
Command: [1afb920afdf99db8296b28cf409ba88b, clickElement {id=f.6D0BEC7700AE33B001CFB83F50D30AF3.d.9BBFF814243E5AA19E077659E01937DE.e.82}]
Capabilities {acceptInsecureCerts: false, browserName: chrome, browserVersion: 124.0.6367.61, chrome: {chromedriverVersion: 124.0.6367.60 (8771130bd84f..., userDataDir: C:\Users\dinesh\AppData\Loc...}, fedcm:accounts: true, goog:chromeOptions: {debuggerAddress: localhost:50614}, networkConnectionEnabled: false, pageLoadStrategy: normal, platformName: windows, proxy: Proxy(), se:cdp: ws://localhost:50614/devtoo..., se:cdpVersion: 124.0.6367.61, setWindowRect: true, strictFileInteractability: false, timeouts: {implicit: 0, pageLoad: 300000, script: 30000}, unhandledPromptBehavior: dismiss and notify, webauthn:extension:credBlob: true, webauthn:extension:largeBlob: true, webauthn:extension:minPinLength: true, webauthn:extension:prf: true, webauthn:virtualAuthenticators: true}
Element: [[ChromeDriver: chrome on windows (1afb920afdf99db8296b28cf409ba88b)] -> xpath: /html/body/div/div/div[1]/div[2]/div[2]/div/form/div[1]/label/span/div]
Session ID: 1afb920afdf99db8296b28cf409ba88b]]>
            </message>
            <full-stacktrace>
              <![CDATA[org.openqa.selenium.StaleElementReferenceException: stale element reference: stale element not found in the current frame
  (Session info: chrome=124.0.6367.61)
For documentation on this error, please visit: https://www.selenium.dev/documentation/webdriver/troubleshooting/errors#stale-element-reference-exception
Build info: version: '4.11.0', revision: '040bc5406b'
System info: os.name: 'Windows 11', os.arch: 'amd64', os.version: '10.0', java.version: '19.0.1'
Driver info: org.openqa.selenium.chrome.ChromeDriver
Command: [1afb920afdf99db8296b28cf409ba88b, clickElement {id=f.6D0BEC7700AE33B001CFB83F50D30AF3.d.9BBFF814243E5AA19E077659E01937DE.e.82}]
Capabilities {acceptInsecureCerts: false, browserName: chrome, browserVersion: 124.0.6367.61, chrome: {chromedriverVersion: 124.0.6367.60 (8771130bd84f..., userDataDir: C:\Users\dinesh\AppData\Loc...}, fedcm:accounts: true, goog:chromeOptions: {debuggerAddress: localhost:50614}, networkConnectionEnabled: false, pageLoadStrategy: normal, platformName: windows, proxy: Proxy(), se:cdp: ws://localhost:50614/devtoo..., se:cdpVersion: 124.0.6367.61, setWindowRect: true, strictFileInteractability: false, timeouts: {implicit: 0, pageLoad: 300000, script: 30000}, unhandledPromptBehavior: dismiss and notify, webauthn:extension:credBlob: true, webauthn:extension:largeBlob: true, webauthn:extension:minPinLength: true, webauthn:extension:prf: true, webauthn:virtualAuthenticators: true}
Element: [[ChromeDriver: chrome on windows (1afb920afdf99db8296b28cf409ba88b)] -> xpath: /html/body/div/div/div[1]/div[2]/div[2]/div/form/div[1]/label/span/div]
Session ID: 1afb920afdf99db8296b28cf409ba88b
at java.base/jdk.internal.reflect.DirectConstructorHandleAccessor.newInstance(DirectConstructorHandleAccessor.java:67)
at java.base/java.lang.reflect.Constructor.newInstanceWithCaller(Constructor.java:500)
at java.base/java.lang.reflect.Constructor.newInstance(Constructor.java:484)
at org.openqa.selenium.remote.codec.w3c.W3CHttpResponseCodec.createException(W3CHttpResponseCodec.java:200)
at org.openqa.selenium.remote.codec.w3c.W3CHttpResponseCodec.decode(W3CHttpResponseCodec.java:133)
at org.openqa.selenium.remote.codec.w3c.W3CHttpResponseCodec.decode(W3CHttpResponseCodec.java:52)
at org.openqa.selenium.remote.HttpCommandExecutor.execute(HttpCommandExecutor.java:191)
at org.openqa.selenium.remote.service.DriverCommandExecutor.invokeExecute(DriverCommandExecutor.java:196)
at org.openqa.selenium.remote.service.DriverCommandExecutor.execute(DriverCommandExecutor.java:171)
at org.openqa.selenium.remote.RemoteWebDriver.execute(RemoteWebDriver.java:518)
at org.openqa.selenium.remote.RemoteWebElement.execute(RemoteWebElement.java:224)
at org.openqa.selenium.remote.RemoteWebElement.click(RemoteWebElement.java:77)
at Modules.BranchFields.uploadImage(BranchFields.java:49)
at stepDefinitions.BranchModule.enter_the_all_credentials_like1(BranchModule.java:144)
at ✽.Enter the all credentials like "dsds" "faa1411" "fa@gamil.com" "243131" "4352" "12345" "dfbdbd" "fdsfbdfs" "iokhjkj" "hghvbjj" "789" "0998"(file:///C:/Users/dinesh/eclipse-workspace/Colleges/src/test/java/features/College1_Branch.feature:33)
]]>
            </full-stacktrace>
          </exception> <!-- org.openqa.selenium.StaleElementReferenceException -->
          <reporter-output>
          </reporter-output>
        </test-method> <!-- runScenario -->
        <test-method signature="runScenario(io.cucumber.testng.PickleWrapper,io.cucumber.testng.FeatureWrapper)[pri:0, instance:runner.TestNGRunner2@7817fd62]" started-at="2024-04-22T18:53:26 IST" name="runScenario" description="Runs Cucumber Scenarios" data-provider="scenarios" finished-at="2024-04-22T18:53:42 IST" duration-ms="16317" status="FAIL">
          <params>
            <param index="0">
              <value>
                <![CDATA["Positive Scenario - Add two data simutaneously by using submit and add button."]]>
              </value>
            </param>
            <param index="1">
              <value>
                <![CDATA["Branch Module"]]>
              </value>
            </param>
          </params>
          <exception class="org.openqa.selenium.StaleElementReferenceException">
            <message>
              <![CDATA[stale element reference: stale element not found in the current frame
  (Session info: chrome=124.0.6367.61)
For documentation on this error, please visit: https://www.selenium.dev/documentation/webdriver/troubleshooting/errors#stale-element-reference-exception
Build info: version: '4.11.0', revision: '040bc5406b'
System info: os.name: 'Windows 11', os.arch: 'amd64', os.version: '10.0', java.version: '19.0.1'
Driver info: org.openqa.selenium.chrome.ChromeDriver
Command: [f556026a5996b2363f8140bb0913e400, clickElement {id=f.C0E64AD947F7FF20866C745F523CFD56.d.CD7FBF3D028BB7C7E9997D5F610F4B17.e.89}]
Capabilities {acceptInsecureCerts: false, browserName: chrome, browserVersion: 124.0.6367.61, chrome: {chromedriverVersion: 124.0.6367.60 (8771130bd84f..., userDataDir: C:\Users\dinesh\AppData\Loc...}, fedcm:accounts: true, goog:chromeOptions: {debuggerAddress: localhost:50661}, networkConnectionEnabled: false, pageLoadStrategy: normal, platformName: windows, proxy: Proxy(), se:cdp: ws://localhost:50661/devtoo..., se:cdpVersion: 124.0.6367.61, setWindowRect: true, strictFileInteractability: false, timeouts: {implicit: 0, pageLoad: 300000, script: 30000}, unhandledPromptBehavior: dismiss and notify, webauthn:extension:credBlob: true, webauthn:extension:largeBlob: true, webauthn:extension:minPinLength: true, webauthn:extension:prf: true, webauthn:virtualAuthenticators: true}
Element: [[ChromeDriver: chrome on windows (f556026a5996b2363f8140bb0913e400)] -> xpath: /html/body/div/div/div[1]/div[2]/div[2]/div/form/div[1]/label/span/div]
Session ID: f556026a5996b2363f8140bb0913e400]]>
            </message>
            <full-stacktrace>
              <![CDATA[org.openqa.selenium.StaleElementReferenceException: stale element reference: stale element not found in the current frame
  (Session info: chrome=124.0.6367.61)
For documentation on this error, please visit: https://www.selenium.dev/documentation/webdriver/troubleshooting/errors#stale-element-reference-exception
Build info: version: '4.11.0', revision: '040bc5406b'
System info: os.name: 'Windows 11', os.arch: 'amd64', os.version: '10.0', java.version: '19.0.1'
Driver info: org.openqa.selenium.chrome.ChromeDriver
Command: [f556026a5996b2363f8140bb0913e400, clickElement {id=f.C0E64AD947F7FF20866C745F523CFD56.d.CD7FBF3D028BB7C7E9997D5F610F4B17.e.89}]
Capabilities {acceptInsecureCerts: false, browserName: chrome, browserVersion: 124.0.6367.61, chrome: {chromedriverVersion: 124.0.6367.60 (8771130bd84f..., userDataDir: C:\Users\dinesh\AppData\Loc...}, fedcm:accounts: true, goog:chromeOptions: {debuggerAddress: localhost:50661}, networkConnectionEnabled: false, pageLoadStrategy: normal, platformName: windows, proxy: Proxy(), se:cdp: ws://localhost:50661/devtoo..., se:cdpVersion: 124.0.6367.61, setWindowRect: true, strictFileInteractability: false, timeouts: {implicit: 0, pageLoad: 300000, script: 30000}, unhandledPromptBehavior: dismiss and notify, webauthn:extension:credBlob: true, webauthn:extension:largeBlob: true, webauthn:extension:minPinLength: true, webauthn:extension:prf: true, webauthn:virtualAuthenticators: true}
Element: [[ChromeDriver: chrome on windows (f556026a5996b2363f8140bb0913e400)] -> xpath: /html/body/div/div/div[1]/div[2]/div[2]/div/form/div[1]/label/span/div]
Session ID: f556026a5996b2363f8140bb0913e400
at java.base/jdk.internal.reflect.DirectConstructorHandleAccessor.newInstance(DirectConstructorHandleAccessor.java:67)
at java.base/java.lang.reflect.Constructor.newInstanceWithCaller(Constructor.java:500)
at java.base/java.lang.reflect.Constructor.newInstance(Constructor.java:484)
at org.openqa.selenium.remote.codec.w3c.W3CHttpResponseCodec.createException(W3CHttpResponseCodec.java:200)
at org.openqa.selenium.remote.codec.w3c.W3CHttpResponseCodec.decode(W3CHttpResponseCodec.java:133)
at org.openqa.selenium.remote.codec.w3c.W3CHttpResponseCodec.decode(W3CHttpResponseCodec.java:52)
at org.openqa.selenium.remote.HttpCommandExecutor.execute(HttpCommandExecutor.java:191)
at org.openqa.selenium.remote.service.DriverCommandExecutor.invokeExecute(DriverCommandExecutor.java:196)
at org.openqa.selenium.remote.service.DriverCommandExecutor.execute(DriverCommandExecutor.java:171)
at org.openqa.selenium.remote.RemoteWebDriver.execute(RemoteWebDriver.java:518)
at org.openqa.selenium.remote.RemoteWebElement.execute(RemoteWebElement.java:224)
at org.openqa.selenium.remote.RemoteWebElement.click(RemoteWebElement.java:77)
at Modules.BranchFields.uploadImage(BranchFields.java:49)
at stepDefinitions.BranchModule.enter_the_all_credentials_like1(BranchModule.java:144)
at ✽.Enter the all credentials like "afdd" "gds231" "fda@gamil.com" "89900" "78789" "12345" "iuhj" "jbnn" "jhjk" "bnkm" "76778" "76889"(file:///C:/Users/dinesh/eclipse-workspace/Colleges/src/test/java/features/College1_Branch.feature:33)
]]>
            </full-stacktrace>
          </exception> <!-- org.openqa.selenium.StaleElementReferenceException -->
          <reporter-output>
          </reporter-output>
        </test-method> <!-- runScenario -->
        <test-method signature="runScenario(io.cucumber.testng.PickleWrapper,io.cucumber.testng.FeatureWrapper)[pri:0, instance:runner.TestNGRunner2@7817fd62]" started-at="2024-04-22T18:53:42 IST" name="runScenario" description="Runs Cucumber Scenarios" data-provider="scenarios" finished-at="2024-04-22T18:54:00 IST" duration-ms="17903" status="FAIL">
          <params>
            <param index="0">
              <value>
                <![CDATA["Negative Scenario2 - In email id and mobile number and cloud also do negative scenarios values check how it behaves."]]>
              </value>
            </param>
            <param index="1">
              <value>
                <![CDATA["Branch Module"]]>
              </value>
            </param>
          </params>
          <exception class="java.lang.Exception">
            <message>
              <![CDATA[BugException]]>
            </message>
            <full-stacktrace>
              <![CDATA[java.lang.Exception: BugException
at stepDefinitions.BranchModule.it_need_to_show_error_message(BranchModule.java:195)
at ✽.It need to show error message.(file:///C:/Users/dinesh/eclipse-workspace/Colleges/src/test/java/features/College1_Branch.feature:45)
]]>
            </full-stacktrace>
          </exception> <!-- java.lang.Exception -->
          <reporter-output>
          </reporter-output>
        </test-method> <!-- runScenario -->
        <test-method signature="runScenario(io.cucumber.testng.PickleWrapper,io.cucumber.testng.FeatureWrapper)[pri:0, instance:runner.TestNGRunner2@7817fd62]" started-at="2024-04-22T18:54:00 IST" name="runScenario" description="Runs Cucumber Scenarios" data-provider="scenarios" finished-at="2024-04-22T18:54:05 IST" duration-ms="4499" status="PASS">
          <params>
            <param index="0">
              <value>
                <![CDATA["Positive Scenario - Search some char in search box and check how its behave"]]>
              </value>
            </param>
            <param index="1">
              <value>
                <![CDATA["Branch Module"]]>
              </value>
            </param>
          </params>
          <reporter-output>
          </reporter-output>
        </test-method> <!-- runScenario -->
        <test-method signature="runScenario(io.cucumber.testng.PickleWrapper,io.cucumber.testng.FeatureWrapper)[pri:0, instance:runner.TestNGRunner2@7817fd62]" started-at="2024-04-22T18:54:05 IST" name="runScenario" description="Runs Cucumber Scenarios" data-provider="scenarios" finished-at="2024-04-22T18:54:11 IST" duration-ms="6260" status="PASS">
          <params>
            <param index="0">
              <value>
                <![CDATA["Negative Scenario Search irrelevant char and check how it behave"]]>
              </value>
            </param>
            <param index="1">
              <value>
                <![CDATA["Branch Module"]]>
              </value>
            </param>
          </params>
          <reporter-output>
          </reporter-output>
        </test-method> <!-- runScenario -->
        <test-method signature="runScenario(io.cucumber.testng.PickleWrapper,io.cucumber.testng.FeatureWrapper)[pri:0, instance:runner.TestNGRunner2@7817fd62]" started-at="2024-04-22T18:54:11 IST" name="runScenario" description="Runs Cucumber Scenarios" data-provider="scenarios" finished-at="2024-04-22T18:54:16 IST" duration-ms="4966" status="PASS">
          <params>
            <param index="0">
              <value>
                <![CDATA["Positive Scenario - Edit - Check Branch ID is editable or not"]]>
              </value>
            </param>
            <param index="1">
              <value>
                <![CDATA["Branch Module"]]>
              </value>
            </param>
          </params>
          <reporter-output>
          </reporter-output>
        </test-method> <!-- runScenario -->
        <test-method signature="runScenario(io.cucumber.testng.PickleWrapper,io.cucumber.testng.FeatureWrapper)[pri:0, instance:runner.TestNGRunner2@7817fd62]" started-at="2024-04-22T18:54:16 IST" name="runScenario" description="Runs Cucumber Scenarios" data-provider="scenarios" finished-at="2024-04-22T18:54:21 IST" duration-ms="5077" status="FAIL">
          <params>
            <param index="0">
              <value>
                <![CDATA["Edit - Check all value is present or not"]]>
              </value>
            </param>
            <param index="1">
              <value>
                <![CDATA["Branch Module"]]>
              </value>
            </param>
          </params>
          <exception class="java.lang.AssertionError">
            <message>
              <![CDATA[expected [iuvvs] but found [ga]]]>
            </message>
            <full-stacktrace>
              <![CDATA[java.lang.AssertionError: expected [iuvvs] but found [ga]
at org.testng.Assert.fail(Assert.java:111)
at org.testng.Assert.failNotEquals(Assert.java:1578)
at org.testng.Assert.assertEqualsImpl(Assert.java:150)
at org.testng.Assert.assertEquals(Assert.java:132)
at org.testng.Assert.assertEquals(Assert.java:656)
at org.testng.Assert.assertEquals(Assert.java:666)
at stepDefinitions.BranchModule1.check_the_values_present_in_all_fields(BranchModule1.java:53)
at ✽.Check the values present in all fields.(file:///C:/Users/dinesh/eclipse-workspace/Colleges/src/test/java/features/College2_Branch1.feature:18)
]]>
            </full-stacktrace>
          </exception> <!-- java.lang.AssertionError -->
          <reporter-output>
          </reporter-output>
        </test-method> <!-- runScenario -->
        <test-method signature="runScenario(io.cucumber.testng.PickleWrapper,io.cucumber.testng.FeatureWrapper)[pri:0, instance:runner.TestNGRunner2@7817fd62]" started-at="2024-04-22T18:54:21 IST" name="runScenario" description="Runs Cucumber Scenarios" data-provider="scenarios" finished-at="2024-04-22T18:54:26 IST" duration-ms="4728" status="FAIL">
          <params>
            <param index="0">
              <value>
                <![CDATA["View the branch"]]>
              </value>
            </param>
            <param index="1">
              <value>
                <![CDATA["Branch Module"]]>
              </value>
            </param>
          </params>
          <exception class="java.lang.AssertionError">
            <message>
              <![CDATA[expected [iuvvs] but found [ga]]]>
            </message>
            <full-stacktrace>
              <![CDATA[java.lang.AssertionError: expected [iuvvs] but found [ga]
at org.testng.Assert.fail(Assert.java:111)
at org.testng.Assert.failNotEquals(Assert.java:1578)
at org.testng.Assert.assertEqualsImpl(Assert.java:150)
at org.testng.Assert.assertEquals(Assert.java:132)
at org.testng.Assert.assertEquals(Assert.java:656)
at org.testng.Assert.assertEquals(Assert.java:666)
at stepDefinitions.BranchModule1.check1(BranchModule1.java:66)
at ✽.Check the value present in all fields.(file:///C:/Users/dinesh/eclipse-workspace/Colleges/src/test/java/features/College2_Branch1.feature:23)
]]>
            </full-stacktrace>
          </exception> <!-- java.lang.AssertionError -->
          <reporter-output>
          </reporter-output>
        </test-method> <!-- runScenario -->
        <test-method signature="runScenario(io.cucumber.testng.PickleWrapper,io.cucumber.testng.FeatureWrapper)[pri:0, instance:runner.TestNGRunner2@7817fd62]" started-at="2024-04-22T18:54:26 IST" name="runScenario" description="Runs Cucumber Scenarios" data-provider="scenarios" finished-at="2024-04-22T18:54:29 IST" duration-ms="3306" status="PASS">
          <params>
            <param index="0">
              <value>
                <![CDATA["Delete the branch"]]>
              </value>
            </param>
            <param index="1">
              <value>
                <![CDATA["Branch Module"]]>
              </value>
            </param>
          </params>
          <reporter-output>
          </reporter-output>
        </test-method> <!-- runScenario -->
        <test-method signature="runScenario(io.cucumber.testng.PickleWrapper,io.cucumber.testng.FeatureWrapper)[pri:0, instance:runner.TestNGRunner2@7817fd62]" started-at="2024-04-22T18:54:29 IST" name="runScenario" description="Runs Cucumber Scenarios" data-provider="scenarios" finished-at="2024-04-22T18:54:49 IST" duration-ms="19980" status="PASS">
          <params>
            <param index="0">
              <value>
                <![CDATA["Positive Sceanrio for Faculty Module"]]>
              </value>
            </param>
            <param index="1">
              <value>
                <![CDATA["College - Faculty Module"]]>
              </value>
            </param>
          </params>
          <reporter-output>
          </reporter-output>
        </test-method> <!-- runScenario -->
        <test-method signature="runScenario(io.cucumber.testng.PickleWrapper,io.cucumber.testng.FeatureWrapper)[pri:0, instance:runner.TestNGRunner2@7817fd62]" started-at="2024-04-22T18:54:49 IST" name="runScenario" description="Runs Cucumber Scenarios" data-provider="scenarios" finished-at="2024-04-22T18:54:54 IST" duration-ms="5211" status="PASS">
          <params>
            <param index="0">
              <value>
                <![CDATA["Without Enter anything click submit icon and check how its behave"]]>
              </value>
            </param>
            <param index="1">
              <value>
                <![CDATA["College - Faculty Module"]]>
              </value>
            </param>
          </params>
          <reporter-output>
          </reporter-output>
        </test-method> <!-- runScenario -->
        <test-method signature="runScenario(io.cucumber.testng.PickleWrapper,io.cucumber.testng.FeatureWrapper)[pri:0, instance:runner.TestNGRunner2@7817fd62]" started-at="2024-04-22T18:54:54 IST" name="runScenario" description="Runs Cucumber Scenarios" data-provider="scenarios" finished-at="2024-04-22T18:55:13 IST" duration-ms="18845" status="FAIL">
          <params>
            <param index="0">
              <value>
                <![CDATA["Check the date why it shows null"]]>
              </value>
            </param>
            <param index="1">
              <value>
                <![CDATA["College - Faculty Module"]]>
              </value>
            </param>
          </params>
          <exception class="java.lang.Exception">
            <message>
              <![CDATA[DateMandatoryFieldDidn'tWork]]>
            </message>
            <full-stacktrace>
              <![CDATA[java.lang.Exception: DateMandatoryFieldDidn'tWork
at stepDefinitions.FacultyModule.check_how_it_behaves(FacultyModule.java:133)
at ✽.Check how it behaves.(file:///C:/Users/dinesh/eclipse-workspace/Colleges/src/test/java/features/College3_Faculty.feature:22)
]]>
            </full-stacktrace>
          </exception> <!-- java.lang.Exception -->
          <reporter-output>
          </reporter-output>
        </test-method> <!-- runScenario -->
        <test-method signature="runScenario(io.cucumber.testng.PickleWrapper,io.cucumber.testng.FeatureWrapper)[pri:0, instance:runner.TestNGRunner2@7817fd62]" started-at="2024-04-22T18:55:13 IST" name="runScenario" description="Runs Cucumber Scenarios" data-provider="scenarios" finished-at="2024-04-22T18:55:32 IST" duration-ms="18660" status="PASS">
          <params>
            <param index="0">
              <value>
                <![CDATA["Negative Scenario1 for Faculty Module"]]>
              </value>
            </param>
            <param index="1">
              <value>
                <![CDATA["College - Faculty Module"]]>
              </value>
            </param>
          </params>
          <reporter-output>
          </reporter-output>
        </test-method> <!-- runScenario -->
        <test-method signature="runScenario(io.cucumber.testng.PickleWrapper,io.cucumber.testng.FeatureWrapper)[pri:0, instance:runner.TestNGRunner2@7817fd62]" started-at="2024-04-22T18:55:32 IST" name="runScenario" description="Runs Cucumber Scenarios" data-provider="scenarios" finished-at="2024-04-22T18:55:51 IST" duration-ms="19239" status="FAIL">
          <params>
            <param index="0">
              <value>
                <![CDATA["Negative Scenario2 in Date Fields"]]>
              </value>
            </param>
            <param index="1">
              <value>
                <![CDATA["College - Faculty Module"]]>
              </value>
            </param>
          </params>
          <exception class="java.lang.Exception">
            <message>
              <![CDATA[DateValidationMustInDOB]]>
            </message>
            <full-stacktrace>
              <![CDATA[java.lang.Exception: DateValidationMustInDOB
at stepDefinitions.FacultyModule.check_the_condition_is_true_or_false(FacultyModule.java:166)
at ✽.Check the condition is True or False.(file:///C:/Users/dinesh/eclipse-workspace/Colleges/src/test/java/features/College3_Faculty.feature:34)
]]>
            </full-stacktrace>
          </exception> <!-- java.lang.Exception -->
          <reporter-output>
          </reporter-output>
        </test-method> <!-- runScenario -->
        <test-method signature="runScenario(io.cucumber.testng.PickleWrapper,io.cucumber.testng.FeatureWrapper)[pri:0, instance:runner.TestNGRunner2@7817fd62]" started-at="2024-04-22T18:55:51 IST" name="runScenario" description="Runs Cucumber Scenarios" data-provider="scenarios" finished-at="2024-04-22T18:56:09 IST" duration-ms="18027" status="FAIL">
          <params>
            <param index="0">
              <value>
                <![CDATA["Negative Scenario3 in Email,Mobile,Pincode Fields"]]>
              </value>
            </param>
            <param index="1">
              <value>
                <![CDATA["College - Faculty Module"]]>
              </value>
            </param>
          </params>
          <exception class="java.lang.Exception">
            <message>
              <![CDATA[BugException]]>
            </message>
            <full-stacktrace>
              <![CDATA[java.lang.Exception: BugException
at stepDefinitions.FacultyModule.it_need_to_shows_error_message(FacultyModule.java:176)
at ✽.It need to shows error message.(file:///C:/Users/dinesh/eclipse-workspace/Colleges/src/test/java/features/College3_Faculty.feature:40)
]]>
            </full-stacktrace>
          </exception> <!-- java.lang.Exception -->
          <reporter-output>
          </reporter-output>
        </test-method> <!-- runScenario -->
        <test-method signature="runScenario(io.cucumber.testng.PickleWrapper,io.cucumber.testng.FeatureWrapper)[pri:0, instance:runner.TestNGRunner2@7817fd62]" started-at="2024-04-22T18:56:09 IST" name="runScenario" description="Runs Cucumber Scenarios" data-provider="scenarios" finished-at="2024-04-22T18:56:14 IST" duration-ms="4580" status="PASS">
          <params>
            <param index="0">
              <value>
                <![CDATA["Postive Scenario - Search some char in faculty search box and check it contains this char"]]>
              </value>
            </param>
            <param index="1">
              <value>
                <![CDATA["College - Faculty Module"]]>
              </value>
            </param>
          </params>
          <reporter-output>
          </reporter-output>
        </test-method> <!-- runScenario -->
        <test-method signature="runScenario(io.cucumber.testng.PickleWrapper,io.cucumber.testng.FeatureWrapper)[pri:0, instance:runner.TestNGRunner2@7817fd62]" started-at="2024-04-22T18:56:14 IST" name="runScenario" description="Runs Cucumber Scenarios" data-provider="scenarios" finished-at="2024-04-22T18:56:20 IST" duration-ms="6031" status="PASS">
          <params>
            <param index="0">
              <value>
                <![CDATA["Negative Scenario - Search irrelevant char and check how its behave"]]>
              </value>
            </param>
            <param index="1">
              <value>
                <![CDATA["College - Faculty Module"]]>
              </value>
            </param>
          </params>
          <reporter-output>
          </reporter-output>
        </test-method> <!-- runScenario -->
        <test-method signature="runScenario(io.cucumber.testng.PickleWrapper,io.cucumber.testng.FeatureWrapper)[pri:0, instance:runner.TestNGRunner2@7817fd62]" started-at="2024-04-22T18:56:20 IST" name="runScenario" description="Runs Cucumber Scenarios" data-provider="scenarios" finished-at="2024-04-22T18:56:27 IST" duration-ms="7809" status="PASS">
          <params>
            <param index="0">
              <value>
                <![CDATA["Edit - Some Faculty"]]>
              </value>
            </param>
            <param index="1">
              <value>
                <![CDATA["College - Faculty Module"]]>
              </value>
            </param>
          </params>
          <reporter-output>
          </reporter-output>
        </test-method> <!-- runScenario -->
        <test-method signature="runScenario(io.cucumber.testng.PickleWrapper,io.cucumber.testng.FeatureWrapper)[pri:0, instance:runner.TestNGRunner2@7817fd62]" started-at="2024-04-22T18:56:27 IST" name="runScenario" description="Runs Cucumber Scenarios" data-provider="scenarios" finished-at="2024-04-22T18:56:33 IST" duration-ms="5527" status="PASS">
          <params>
            <param index="0">
              <value>
                <![CDATA["Delete Some Faculty"]]>
              </value>
            </param>
            <param index="1">
              <value>
                <![CDATA["College - Faculty Module"]]>
              </value>
            </param>
          </params>
          <reporter-output>
          </reporter-output>
        </test-method> <!-- runScenario -->
        <test-method signature="runScenario(io.cucumber.testng.PickleWrapper,io.cucumber.testng.FeatureWrapper)[pri:0, instance:runner.TestNGRunner2@7817fd62]" started-at="2024-04-22T18:56:33 IST" name="runScenario" description="Runs Cucumber Scenarios" data-provider="scenarios" finished-at="2024-04-22T18:56:41 IST" duration-ms="7766" status="PASS">
          <params>
            <param index="0">
              <value>
                <![CDATA["Positive Scenario for subject module."]]>
              </value>
            </param>
            <param index="1">
              <value>
                <![CDATA["College - Subject Module"]]>
              </value>
            </param>
          </params>
          <reporter-output>
          </reporter-output>
        </test-method> <!-- runScenario -->
        <test-method signature="runScenario(io.cucumber.testng.PickleWrapper,io.cucumber.testng.FeatureWrapper)[pri:0, instance:runner.TestNGRunner2@7817fd62]" started-at="2024-04-22T18:56:41 IST" name="runScenario" description="Runs Cucumber Scenarios" data-provider="scenarios" finished-at="2024-04-22T18:56:47 IST" duration-ms="6048" status="FAIL">
          <params>
            <param index="0">
              <value>
                <![CDATA["Negative Scenario1 for Branch Module"]]>
              </value>
            </param>
            <param index="1">
              <value>
                <![CDATA["College - Subject Module"]]>
              </value>
            </param>
          </params>
          <exception class="java.lang.Exception">
            <message>
              <![CDATA[Error Message didn't show]]>
            </message>
            <full-stacktrace>
              <![CDATA[java.lang.Exception: Error Message didn't show
at stepDefinitions.SubjectModule.error_message_showing_or_not_in_subject_page(SubjectModule.java:85)
at ✽.Error Message showing or not in subject page.(file:///C:/Users/dinesh/eclipse-workspace/Colleges/src/test/java/features/College4_Subject.feature:16)
]]>
            </full-stacktrace>
          </exception> <!-- java.lang.Exception -->
          <reporter-output>
          </reporter-output>
        </test-method> <!-- runScenario -->
        <test-method signature="runScenario(io.cucumber.testng.PickleWrapper,io.cucumber.testng.FeatureWrapper)[pri:0, instance:runner.TestNGRunner2@7817fd62]" started-at="2024-04-22T18:56:47 IST" name="runScenario" description="Runs Cucumber Scenarios" data-provider="scenarios" finished-at="2024-04-22T18:56:54 IST" duration-ms="7469" status="FAIL">
          <params>
            <param index="0">
              <value>
                <![CDATA["Negative Scenario2 - Fac ID can able to clear the data or not."]]>
              </value>
            </param>
            <param index="1">
              <value>
                <![CDATA["College - Subject Module"]]>
              </value>
            </param>
          </params>
          <exception class="java.lang.Exception">
            <message>
              <![CDATA[FacID is possible to able to clear]]>
            </message>
            <full-stacktrace>
              <![CDATA[java.lang.Exception: FacID is possible to able to clear
at stepDefinitions.SubjectModule.user_can_able_to_clear_fac_id_or_not(SubjectModule.java:94)
at ✽.User can able to clear facID or not.(file:///C:/Users/dinesh/eclipse-workspace/Colleges/src/test/java/features/College4_Subject.feature:21)
]]>
            </full-stacktrace>
          </exception> <!-- java.lang.Exception -->
          <reporter-output>
          </reporter-output>
        </test-method> <!-- runScenario -->
        <test-method signature="runScenario(io.cucumber.testng.PickleWrapper,io.cucumber.testng.FeatureWrapper)[pri:0, instance:runner.TestNGRunner2@7817fd62]" started-at="2024-04-22T18:56:54 IST" name="runScenario" description="Runs Cucumber Scenarios" data-provider="scenarios" finished-at="2024-04-22T18:56:59 IST" duration-ms="4726" status="PASS">
          <params>
            <param index="0">
              <value>
                <![CDATA["Without enter anything and check how it behave."]]>
              </value>
            </param>
            <param index="1">
              <value>
                <![CDATA["College - Subject Module"]]>
              </value>
            </param>
          </params>
          <reporter-output>
          </reporter-output>
        </test-method> <!-- runScenario -->
        <test-method signature="runScenario(io.cucumber.testng.PickleWrapper,io.cucumber.testng.FeatureWrapper)[pri:0, instance:runner.TestNGRunner2@7817fd62]" started-at="2024-04-22T18:56:59 IST" name="runScenario" description="Runs Cucumber Scenarios" data-provider="scenarios" finished-at="2024-04-22T18:57:04 IST" duration-ms="5133" status="PASS">
          <params>
            <param index="0">
              <value>
                <![CDATA["Edit some values and check how its behave"]]>
              </value>
            </param>
            <param index="1">
              <value>
                <![CDATA["College - Subject Module"]]>
              </value>
            </param>
          </params>
          <reporter-output>
          </reporter-output>
        </test-method> <!-- runScenario -->
        <test-method signature="runScenario(io.cucumber.testng.PickleWrapper,io.cucumber.testng.FeatureWrapper)[pri:0, instance:runner.TestNGRunner2@7817fd62]" started-at="2024-04-22T18:57:04 IST" name="runScenario" description="Runs Cucumber Scenarios" data-provider="scenarios" finished-at="2024-04-22T18:57:09 IST" duration-ms="5388" status="PASS">
          <params>
            <param index="0">
              <value>
                <![CDATA["Delete some faculty"]]>
              </value>
            </param>
            <param index="1">
              <value>
                <![CDATA["College - Subject Module"]]>
              </value>
            </param>
          </params>
          <reporter-output>
          </reporter-output>
        </test-method> <!-- runScenario -->
        <test-method signature="runScenario(io.cucumber.testng.PickleWrapper,io.cucumber.testng.FeatureWrapper)[pri:0, instance:runner.TestNGRunner2@7817fd62]" started-at="2024-04-22T18:57:09 IST" name="runScenario" description="Runs Cucumber Scenarios" data-provider="scenarios" finished-at="2024-04-22T18:57:14 IST" duration-ms="4386" status="PASS">
          <params>
            <param index="0">
              <value>
                <![CDATA["Search some valid Faculty"]]>
              </value>
            </param>
            <param index="1">
              <value>
                <![CDATA["College - Subject Module"]]>
              </value>
            </param>
          </params>
          <reporter-output>
          </reporter-output>
        </test-method> <!-- runScenario -->
        <test-method signature="runScenario(io.cucumber.testng.PickleWrapper,io.cucumber.testng.FeatureWrapper)[pri:0, instance:runner.TestNGRunner2@7817fd62]" started-at="2024-04-22T18:57:14 IST" name="runScenario" description="Runs Cucumber Scenarios" data-provider="scenarios" finished-at="2024-04-22T18:57:20 IST" duration-ms="6348" status="PASS">
          <params>
            <param index="0">
              <value>
                <![CDATA["Search some invalid Faculty"]]>
              </value>
            </param>
            <param index="1">
              <value>
                <![CDATA["College - Subject Module"]]>
              </value>
            </param>
          </params>
          <reporter-output>
          </reporter-output>
        </test-method> <!-- runScenario -->
        <test-method signature="runScenario(io.cucumber.testng.PickleWrapper,io.cucumber.testng.FeatureWrapper)[pri:0, instance:runner.TestNGRunner2@7817fd62]" started-at="2024-04-22T18:57:20 IST" name="runScenario" description="Runs Cucumber Scenarios" data-provider="scenarios" finished-at="2024-04-22T18:57:38 IST" duration-ms="18262" status="PASS">
          <params>
            <param index="0">
              <value>
                <![CDATA["Postive Sceanrio for Academic Module"]]>
              </value>
            </param>
            <param index="1">
              <value>
                <![CDATA["Academic Modules"]]>
              </value>
            </param>
          </params>
          <reporter-output>
          </reporter-output>
        </test-method> <!-- runScenario -->
        <test-method signature="runScenario(io.cucumber.testng.PickleWrapper,io.cucumber.testng.FeatureWrapper)[pri:0, instance:runner.TestNGRunner2@7817fd62]" started-at="2024-04-22T18:57:38 IST" name="runScenario" description="Runs Cucumber Scenarios" data-provider="scenarios" finished-at="2024-04-22T18:57:43 IST" duration-ms="4644" status="PASS">
          <params>
            <param index="0">
              <value>
                <![CDATA["Without enter anything click submit icon"]]>
              </value>
            </param>
            <param index="1">
              <value>
                <![CDATA["Academic Modules"]]>
              </value>
            </param>
          </params>
          <reporter-output>
          </reporter-output>
        </test-method> <!-- runScenario -->
        <test-method signature="runScenario(io.cucumber.testng.PickleWrapper,io.cucumber.testng.FeatureWrapper)[pri:0, instance:runner.TestNGRunner2@7817fd62]" started-at="2024-04-22T18:57:43 IST" name="runScenario" description="Runs Cucumber Scenarios" data-provider="scenarios" finished-at="2024-04-22T18:58:04 IST" duration-ms="20442" status="FAIL">
          <params>
            <param index="0">
              <value>
                <![CDATA["Negative Scenario - Valid From and Invalid To input"]]>
              </value>
            </param>
            <param index="1">
              <value>
                <![CDATA["Academic Modules"]]>
              </value>
            </param>
          </params>
          <exception class="java.lang.Exception">
            <message>
              <![CDATA[To Validation Must]]>
            </message>
            <full-stacktrace>
              <![CDATA[java.lang.Exception: To Validation Must
at stepDefinitions.AcademicModule.if_the_data_is_present_throw_error(AcademicModule.java:111)
at ✽.If the data is present throw error.(file:///C:/Users/dinesh/eclipse-workspace/Colleges/src/test/java/features/College5_Academic.feature:21)
]]>
            </full-stacktrace>
          </exception> <!-- java.lang.Exception -->
          <reporter-output>
          </reporter-output>
        </test-method> <!-- runScenario -->
        <test-method signature="runScenario(io.cucumber.testng.PickleWrapper,io.cucumber.testng.FeatureWrapper)[pri:0, instance:runner.TestNGRunner2@7817fd62]" started-at="2024-04-22T18:58:04 IST" name="runScenario" description="Runs Cucumber Scenarios" data-provider="scenarios" finished-at="2024-04-22T18:58:27 IST" duration-ms="22982" status="FAIL">
          <params>
            <param index="0">
              <value>
                <![CDATA["Negative Scenario - Working days Fields"]]>
              </value>
            </param>
            <param index="1">
              <value>
                <![CDATA["Academic Modules"]]>
              </value>
            </param>
          </params>
          <exception class="java.lang.Exception">
            <message>
              <![CDATA[Negative Value Accept in working days Fields]]>
            </message>
            <full-stacktrace>
              <![CDATA[java.lang.Exception: Negative Value Accept in working days Fields
at stepDefinitions.AcademicModule.if_it_allows_throw_error(AcademicModule.java:142)
at ✽.If it allows throw error.(file:///C:/Users/dinesh/eclipse-workspace/Colleges/src/test/java/features/College5_Academic.feature:27)
]]>
            </full-stacktrace>
          </exception> <!-- java.lang.Exception -->
          <reporter-output>
          </reporter-output>
        </test-method> <!-- runScenario -->
        <test-method signature="runScenario(io.cucumber.testng.PickleWrapper,io.cucumber.testng.FeatureWrapper)[pri:0, instance:runner.TestNGRunner2@7817fd62]" started-at="2024-04-22T18:58:27 IST" name="runScenario" description="Runs Cucumber Scenarios" data-provider="scenarios" finished-at="2024-04-22T18:58:48 IST" duration-ms="21936" status="FAIL">
          <params>
            <param index="0">
              <value>
                <![CDATA["NegativeScenario1 - Working days Fields"]]>
              </value>
            </param>
            <param index="1">
              <value>
                <![CDATA["Academic Modules"]]>
              </value>
            </param>
          </params>
          <exception class="java.lang.Exception">
            <message>
              <![CDATA[validtion Must]]>
            </message>
            <full-stacktrace>
              <![CDATA[java.lang.Exception: validtion Must
at stepDefinitions.AcademicModule.enter_some_invalid_data_in_working_fields(AcademicModule.java:194)
at ✽.Enter some invalid data in working fields.(file:///C:/Users/dinesh/eclipse-workspace/Colleges/src/test/java/features/College5_Academic.feature:31)
]]>
            </full-stacktrace>
          </exception> <!-- java.lang.Exception -->
          <reporter-output>
          </reporter-output>
        </test-method> <!-- runScenario -->
        <test-method signature="runScenario(io.cucumber.testng.PickleWrapper,io.cucumber.testng.FeatureWrapper)[pri:0, instance:runner.TestNGRunner2@7817fd62]" started-at="2024-04-22T18:58:48 IST" name="runScenario" description="Runs Cucumber Scenarios" data-provider="scenarios" finished-at="2024-04-22T18:58:56 IST" duration-ms="7923" status="PASS">
          <params>
            <param index="0">
              <value>
                <![CDATA["Positive Scenario - Edit"]]>
              </value>
            </param>
            <param index="1">
              <value>
                <![CDATA["Academic Modules"]]>
              </value>
            </param>
          </params>
          <reporter-output>
          </reporter-output>
        </test-method> <!-- runScenario -->
        <test-method signature="runScenario(io.cucumber.testng.PickleWrapper,io.cucumber.testng.FeatureWrapper)[pri:0, instance:runner.TestNGRunner2@7817fd62]" started-at="2024-04-22T18:58:56 IST" name="runScenario" description="Runs Cucumber Scenarios" data-provider="scenarios" finished-at="2024-04-22T18:59:02 IST" duration-ms="5249" status="FAIL">
          <params>
            <param index="0">
              <value>
                <![CDATA["Without enter anything click submit and add"]]>
              </value>
            </param>
            <param index="1">
              <value>
                <![CDATA["Academic Modules"]]>
              </value>
            </param>
          </params>
          <exception class="java.lang.Exception">
            <message>
              <![CDATA[It created one data]]>
            </message>
            <full-stacktrace>
              <![CDATA[java.lang.Exception: It created one data
at stepDefinitions.AcademicModule.click_the_submit_and_add_button(AcademicModule.java:236)
at ✽.Click the submit and add button.(file:///C:/Users/dinesh/eclipse-workspace/Colleges/src/test/java/features/College5_Academic.feature:41)
]]>
            </full-stacktrace>
          </exception> <!-- java.lang.Exception -->
          <reporter-output>
          </reporter-output>
        </test-method> <!-- runScenario -->
        <test-method signature="runScenario(io.cucumber.testng.PickleWrapper,io.cucumber.testng.FeatureWrapper)[pri:0, instance:runner.TestNGRunner2@7817fd62]" started-at="2024-04-22T18:59:02 IST" name="runScenario" description="Runs Cucumber Scenarios" data-provider="scenarios" finished-at="2024-04-22T18:59:06 IST" duration-ms="4782" status="FAIL">
          <params>
            <param index="0">
              <value>
                <![CDATA["View - Academic"]]>
              </value>
            </param>
            <param index="1">
              <value>
                <![CDATA["Academic Modules"]]>
              </value>
            </param>
          </params>
          <exception class="java.lang.Exception">
            <message>
              <![CDATA[Values didn't shows]]>
            </message>
            <full-stacktrace>
              <![CDATA[java.lang.Exception: Values didn't shows
at stepDefinitions.AcademicModule.check_all_the_values_present_or_not(AcademicModule.java:248)
at ✽.check all the values present or not.(file:///C:/Users/dinesh/eclipse-workspace/Colleges/src/test/java/features/College5_Academic.feature:45)
]]>
            </full-stacktrace>
          </exception> <!-- java.lang.Exception -->
          <reporter-output>
          </reporter-output>
        </test-method> <!-- runScenario -->
        <test-method signature="runScenario(io.cucumber.testng.PickleWrapper,io.cucumber.testng.FeatureWrapper)[pri:0, instance:runner.TestNGRunner2@7817fd62]" started-at="2024-04-22T18:59:06 IST" name="runScenario" description="Runs Cucumber Scenarios" data-provider="scenarios" finished-at="2024-04-22T18:59:10 IST" duration-ms="3696" status="PASS">
          <params>
            <param index="0">
              <value>
                <![CDATA["Without enter anything click submit button and check how it behave"]]>
              </value>
            </param>
            <param index="1">
              <value>
                <![CDATA["Course Module"]]>
              </value>
            </param>
          </params>
          <reporter-output>
          </reporter-output>
        </test-method> <!-- runScenario -->
        <test-method signature="runScenario(io.cucumber.testng.PickleWrapper,io.cucumber.testng.FeatureWrapper)[pri:0, instance:runner.TestNGRunner2@7817fd62]" started-at="2024-04-22T18:59:10 IST" name="runScenario" description="Runs Cucumber Scenarios" data-provider="scenarios" finished-at="2024-04-22T18:59:16 IST" duration-ms="5726" status="PASS">
          <params>
            <param index="0">
              <value>
                <![CDATA["Positive Scenario - Course Module"]]>
              </value>
            </param>
            <param index="1">
              <value>
                <![CDATA["Course Module"]]>
              </value>
            </param>
          </params>
          <reporter-output>
          </reporter-output>
        </test-method> <!-- runScenario -->
        <test-method signature="runScenario(io.cucumber.testng.PickleWrapper,io.cucumber.testng.FeatureWrapper)[pri:0, instance:runner.TestNGRunner2@7817fd62]" started-at="2024-04-22T18:59:16 IST" name="runScenario" description="Runs Cucumber Scenarios" data-provider="scenarios" finished-at="2024-04-22T18:59:21 IST" duration-ms="5441" status="PASS">
          <params>
            <param index="0">
              <value>
                <![CDATA["Negative Sceanrio - Missing one mandatory fields."]]>
              </value>
            </param>
            <param index="1">
              <value>
                <![CDATA["Course Module"]]>
              </value>
            </param>
          </params>
          <reporter-output>
          </reporter-output>
        </test-method> <!-- runScenario -->
        <test-method signature="runScenario(io.cucumber.testng.PickleWrapper,io.cucumber.testng.FeatureWrapper)[pri:0, instance:runner.TestNGRunner2@7817fd62]" started-at="2024-04-22T18:59:21 IST" name="runScenario" description="Runs Cucumber Scenarios" data-provider="scenarios" finished-at="2024-04-22T18:59:27 IST" duration-ms="5671" status="PASS">
          <params>
            <param index="0">
              <value>
                <![CDATA["Negative Scenario - Enter the existing data"]]>
              </value>
            </param>
            <param index="1">
              <value>
                <![CDATA["Course Module"]]>
              </value>
            </param>
          </params>
          <reporter-output>
          </reporter-output>
        </test-method> <!-- runScenario -->
        <test-method signature="runScenario(io.cucumber.testng.PickleWrapper,io.cucumber.testng.FeatureWrapper)[pri:0, instance:runner.TestNGRunner2@7817fd62]" started-at="2024-04-22T18:59:27 IST" name="runScenario" description="Runs Cucumber Scenarios" data-provider="scenarios" finished-at="2024-04-22T18:59:34 IST" duration-ms="6881" status="FAIL">
          <params>
            <param index="0">
              <value>
                <![CDATA["Edit Scenario - Value present or not"]]>
              </value>
            </param>
            <param index="1">
              <value>
                <![CDATA["Course Module"]]>
              </value>
            </param>
          </params>
          <exception class="java.lang.Exception">
            <message>
              <![CDATA[Keyword Showing wrong]]>
            </message>
            <full-stacktrace>
              <![CDATA[java.lang.Exception: Keyword Showing wrong
at stepDefinitions.CourseModule.check_all_values_showing_or_not(CourseModule.java:124)
at ✽.Check all values showing or not.(file:///C:/Users/dinesh/eclipse-workspace/Colleges/src/test/java/features/College6_Course.feature:32)
]]>
            </full-stacktrace>
          </exception> <!-- java.lang.Exception -->
          <reporter-output>
          </reporter-output>
        </test-method> <!-- runScenario -->
        <test-method signature="runScenario(io.cucumber.testng.PickleWrapper,io.cucumber.testng.FeatureWrapper)[pri:0, instance:runner.TestNGRunner2@7817fd62]" started-at="2024-04-22T18:59:34 IST" name="runScenario" description="Runs Cucumber Scenarios" data-provider="scenarios" finished-at="2024-04-22T18:59:42 IST" duration-ms="7683" status="PASS">
          <params>
            <param index="0">
              <value>
                <![CDATA["Edit Scenario"]]>
              </value>
            </param>
            <param index="1">
              <value>
                <![CDATA["Course Module"]]>
              </value>
            </param>
          </params>
          <reporter-output>
          </reporter-output>
        </test-method> <!-- runScenario -->
        <test-method signature="runScenario(io.cucumber.testng.PickleWrapper,io.cucumber.testng.FeatureWrapper)[pri:0, instance:runner.TestNGRunner2@7817fd62]" started-at="2024-04-22T18:59:42 IST" name="runScenario" description="Runs Cucumber Scenarios" data-provider="scenarios" finished-at="2024-04-22T18:59:48 IST" duration-ms="6556" status="PASS">
          <params>
            <param index="0">
              <value>
                <![CDATA["Postive Scenario - Search some char in course search box and check it contains this char"]]>
              </value>
            </param>
            <param index="1">
              <value>
                <![CDATA["Course Module"]]>
              </value>
            </param>
          </params>
          <reporter-output>
          </reporter-output>
        </test-method> <!-- runScenario -->
        <test-method signature="runScenario(io.cucumber.testng.PickleWrapper,io.cucumber.testng.FeatureWrapper)[pri:0, instance:runner.TestNGRunner2@7817fd62]" started-at="2024-04-22T18:59:48 IST" name="runScenario" description="Runs Cucumber Scenarios" data-provider="scenarios" finished-at="2024-04-22T18:59:54 IST" duration-ms="6349" status="PASS">
          <params>
            <param index="0">
              <value>
                <![CDATA["Negative Scenario - Search irrelevant char and check how its behave in course"]]>
              </value>
            </param>
            <param index="1">
              <value>
                <![CDATA["Course Module"]]>
              </value>
            </param>
          </params>
          <reporter-output>
          </reporter-output>
        </test-method> <!-- runScenario -->
        <test-method signature="runScenario(io.cucumber.testng.PickleWrapper,io.cucumber.testng.FeatureWrapper)[pri:0, instance:runner.TestNGRunner2@7817fd62]" started-at="2024-04-22T18:59:54 IST" name="runScenario" description="Runs Cucumber Scenarios" data-provider="scenarios" finished-at="2024-04-22T19:00:00 IST" duration-ms="5432" status="FAIL">
          <params>
            <param index="0">
              <value>
                <![CDATA["Delete some course"]]>
              </value>
            </param>
            <param index="1">
              <value>
                <![CDATA["Course Module"]]>
              </value>
            </param>
          </params>
          <exception class="org.openqa.selenium.StaleElementReferenceException">
            <message>
              <![CDATA[stale element reference: stale element not found in the current frame
  (Session info: chrome=124.0.6367.61)
For documentation on this error, please visit: https://www.selenium.dev/documentation/webdriver/troubleshooting/errors#stale-element-reference-exception
Build info: version: '4.11.0', revision: '040bc5406b'
System info: os.name: 'Windows 11', os.arch: 'amd64', os.version: '10.0', java.version: '19.0.1'
Driver info: org.openqa.selenium.chrome.ChromeDriver
Command: [faf1093c42c805a6ddc8b591d42319fc, getElementText {id=f.BFC2DE6B5F9F94C0884FE19AC8F297C8.d.822C6044D0BB6264BF1DD4D6406BF827.e.88}]
Capabilities {acceptInsecureCerts: false, browserName: chrome, browserVersion: 124.0.6367.61, chrome: {chromedriverVersion: 124.0.6367.60 (8771130bd84f..., userDataDir: C:\Users\dinesh\AppData\Loc...}, fedcm:accounts: true, goog:chromeOptions: {debuggerAddress: localhost:52415}, networkConnectionEnabled: false, pageLoadStrategy: normal, platformName: windows, proxy: Proxy(), se:cdp: ws://localhost:52415/devtoo..., se:cdpVersion: 124.0.6367.61, setWindowRect: true, strictFileInteractability: false, timeouts: {implicit: 0, pageLoad: 300000, script: 30000}, unhandledPromptBehavior: dismiss and notify, webauthn:extension:credBlob: true, webauthn:extension:largeBlob: true, webauthn:extension:minPinLength: true, webauthn:extension:prf: true, webauthn:virtualAuthenticators: true}
Element: [[ChromeDriver: chrome on windows (faf1093c42c805a6ddc8b591d42319fc)] -> xpath: //div[@id='cell-3-undefined']/div]
Session ID: faf1093c42c805a6ddc8b591d42319fc]]>
            </message>
            <full-stacktrace>
              <![CDATA[org.openqa.selenium.StaleElementReferenceException: stale element reference: stale element not found in the current frame
  (Session info: chrome=124.0.6367.61)
For documentation on this error, please visit: https://www.selenium.dev/documentation/webdriver/troubleshooting/errors#stale-element-reference-exception
Build info: version: '4.11.0', revision: '040bc5406b'
System info: os.name: 'Windows 11', os.arch: 'amd64', os.version: '10.0', java.version: '19.0.1'
Driver info: org.openqa.selenium.chrome.ChromeDriver
Command: [faf1093c42c805a6ddc8b591d42319fc, getElementText {id=f.BFC2DE6B5F9F94C0884FE19AC8F297C8.d.822C6044D0BB6264BF1DD4D6406BF827.e.88}]
Capabilities {acceptInsecureCerts: false, browserName: chrome, browserVersion: 124.0.6367.61, chrome: {chromedriverVersion: 124.0.6367.60 (8771130bd84f..., userDataDir: C:\Users\dinesh\AppData\Loc...}, fedcm:accounts: true, goog:chromeOptions: {debuggerAddress: localhost:52415}, networkConnectionEnabled: false, pageLoadStrategy: normal, platformName: windows, proxy: Proxy(), se:cdp: ws://localhost:52415/devtoo..., se:cdpVersion: 124.0.6367.61, setWindowRect: true, strictFileInteractability: false, timeouts: {implicit: 0, pageLoad: 300000, script: 30000}, unhandledPromptBehavior: dismiss and notify, webauthn:extension:credBlob: true, webauthn:extension:largeBlob: true, webauthn:extension:minPinLength: true, webauthn:extension:prf: true, webauthn:virtualAuthenticators: true}
Element: [[ChromeDriver: chrome on windows (faf1093c42c805a6ddc8b591d42319fc)] -> xpath: //div[@id='cell-3-undefined']/div]
Session ID: faf1093c42c805a6ddc8b591d42319fc
at java.base/jdk.internal.reflect.DirectConstructorHandleAccessor.newInstance(DirectConstructorHandleAccessor.java:67)
at java.base/java.lang.reflect.Constructor.newInstanceWithCaller(Constructor.java:500)
at java.base/java.lang.reflect.Constructor.newInstance(Constructor.java:484)
at org.openqa.selenium.remote.codec.w3c.W3CHttpResponseCodec.createException(W3CHttpResponseCodec.java:200)
at org.openqa.selenium.remote.codec.w3c.W3CHttpResponseCodec.decode(W3CHttpResponseCodec.java:133)
at org.openqa.selenium.remote.codec.w3c.W3CHttpResponseCodec.decode(W3CHttpResponseCodec.java:52)
at org.openqa.selenium.remote.HttpCommandExecutor.execute(HttpCommandExecutor.java:191)
at org.openqa.selenium.remote.service.DriverCommandExecutor.invokeExecute(DriverCommandExecutor.java:196)
at org.openqa.selenium.remote.service.DriverCommandExecutor.execute(DriverCommandExecutor.java:171)
at org.openqa.selenium.remote.RemoteWebDriver.execute(RemoteWebDriver.java:518)
at org.openqa.selenium.remote.RemoteWebElement.execute(RemoteWebElement.java:224)
at org.openqa.selenium.remote.RemoteWebElement.getText(RemoteWebElement.java:192)
at stepDefinitions.CourseModule.check_deleted_data_is_showing_or_not(CourseModule.java:202)
at ✽.Check deleted data is showing or not.(file:///C:/Users/dinesh/eclipse-workspace/Colleges/src/test/java/features/College6_Course.feature:50)
]]>
            </full-stacktrace>
          </exception> <!-- org.openqa.selenium.StaleElementReferenceException -->
          <reporter-output>
          </reporter-output>
        </test-method> <!-- runScenario -->
        <test-method signature="runScenario(io.cucumber.testng.PickleWrapper,io.cucumber.testng.FeatureWrapper)[pri:0, instance:runner.TestNGRunner2@7817fd62]" started-at="2024-04-22T19:00:00 IST" name="runScenario" description="Runs Cucumber Scenarios" data-provider="scenarios" finished-at="2024-04-22T19:00:04 IST" duration-ms="4464" status="PASS">
          <params>
            <param index="0">
              <value>
                <![CDATA["Without enter anything in section page and then click submit button"]]>
              </value>
            </param>
            <param index="1">
              <value>
                <![CDATA["College - Section Module"]]>
              </value>
            </param>
          </params>
          <reporter-output>
          </reporter-output>
        </test-method> <!-- runScenario -->
        <test-method signature="runScenario(io.cucumber.testng.PickleWrapper,io.cucumber.testng.FeatureWrapper)[pri:0, instance:runner.TestNGRunner2@7817fd62]" started-at="2024-04-22T19:00:04 IST" name="runScenario" description="Runs Cucumber Scenarios" data-provider="scenarios" finished-at="2024-04-22T19:00:33 IST" duration-ms="28375" status="PASS">
          <params>
            <param index="0">
              <value>
                <![CDATA["Positive Scenario for Secction Module"]]>
              </value>
            </param>
            <param index="1">
              <value>
                <![CDATA["College - Section Module"]]>
              </value>
            </param>
          </params>
          <reporter-output>
          </reporter-output>
        </test-method> <!-- runScenario -->
        <test-method signature="runScenario(io.cucumber.testng.PickleWrapper,io.cucumber.testng.FeatureWrapper)[pri:0, instance:runner.TestNGRunner2@7817fd62]" started-at="2024-04-22T19:00:33 IST" name="runScenario" description="Runs Cucumber Scenarios" data-provider="scenarios" finished-at="2024-04-22T19:00:42 IST" duration-ms="9068" status="PASS">
          <params>
            <param index="0">
              <value>
                <![CDATA["Negative Scenario for Section Module"]]>
              </value>
            </param>
            <param index="1">
              <value>
                <![CDATA["College - Section Module"]]>
              </value>
            </param>
          </params>
          <reporter-output>
          </reporter-output>
        </test-method> <!-- runScenario -->
        <test-method signature="runScenario(io.cucumber.testng.PickleWrapper,io.cucumber.testng.FeatureWrapper)[pri:0, instance:runner.TestNGRunner2@7817fd62]" started-at="2024-04-22T19:00:42 IST" name="runScenario" description="Runs Cucumber Scenarios" data-provider="scenarios" finished-at="2024-04-22T19:01:11 IST" duration-ms="29423" status="FAIL">
          <params>
            <param index="0">
              <value>
                <![CDATA["Negative Scenario1 for section module - Enter all credentials previously what we entered"]]>
              </value>
            </param>
            <param index="1">
              <value>
                <![CDATA["College - Section Module"]]>
              </value>
            </param>
          </params>
          <exception class="org.openqa.selenium.NoSuchElementException">
            <message>
              <![CDATA[no such element: Unable to locate element: {"method":"xpath","selector":"//div[text()='Section ID is already exist']"}
  (Session info: chrome=124.0.6367.61)
For documentation on this error, please visit: https://www.selenium.dev/documentation/webdriver/troubleshooting/errors#no-such-element-exception
Build info: version: '4.11.0', revision: '040bc5406b'
System info: os.name: 'Windows 11', os.arch: 'amd64', os.version: '10.0', java.version: '19.0.1'
Driver info: org.openqa.selenium.chrome.ChromeDriver
Command: [63363f3a5b2b4fcc7b389c73abfd579a, findElement {using=xpath, value=//div[text()='Section ID is already exist']}]
Capabilities {acceptInsecureCerts: false, browserName: chrome, browserVersion: 124.0.6367.61, chrome: {chromedriverVersion: 124.0.6367.60 (8771130bd84f..., userDataDir: C:\Users\dinesh\AppData\Loc...}, fedcm:accounts: true, goog:chromeOptions: {debuggerAddress: localhost:52593}, networkConnectionEnabled: false, pageLoadStrategy: normal, platformName: windows, proxy: Proxy(), se:cdp: ws://localhost:52593/devtoo..., se:cdpVersion: 124.0.6367.61, setWindowRect: true, strictFileInteractability: false, timeouts: {implicit: 0, pageLoad: 300000, script: 30000}, unhandledPromptBehavior: dismiss and notify, webauthn:extension:credBlob: true, webauthn:extension:largeBlob: true, webauthn:extension:minPinLength: true, webauthn:extension:prf: true, webauthn:virtualAuthenticators: true}
Session ID: 63363f3a5b2b4fcc7b389c73abfd579a]]>
            </message>
            <full-stacktrace>
              <![CDATA[org.openqa.selenium.NoSuchElementException: no such element: Unable to locate element: {"method":"xpath","selector":"//div[text()='Section ID is already exist']"}
  (Session info: chrome=124.0.6367.61)
For documentation on this error, please visit: https://www.selenium.dev/documentation/webdriver/troubleshooting/errors#no-such-element-exception
Build info: version: '4.11.0', revision: '040bc5406b'
System info: os.name: 'Windows 11', os.arch: 'amd64', os.version: '10.0', java.version: '19.0.1'
Driver info: org.openqa.selenium.chrome.ChromeDriver
Command: [63363f3a5b2b4fcc7b389c73abfd579a, findElement {using=xpath, value=//div[text()='Section ID is already exist']}]
Capabilities {acceptInsecureCerts: false, browserName: chrome, browserVersion: 124.0.6367.61, chrome: {chromedriverVersion: 124.0.6367.60 (8771130bd84f..., userDataDir: C:\Users\dinesh\AppData\Loc...}, fedcm:accounts: true, goog:chromeOptions: {debuggerAddress: localhost:52593}, networkConnectionEnabled: false, pageLoadStrategy: normal, platformName: windows, proxy: Proxy(), se:cdp: ws://localhost:52593/devtoo..., se:cdpVersion: 124.0.6367.61, setWindowRect: true, strictFileInteractability: false, timeouts: {implicit: 0, pageLoad: 300000, script: 30000}, unhandledPromptBehavior: dismiss and notify, webauthn:extension:credBlob: true, webauthn:extension:largeBlob: true, webauthn:extension:minPinLength: true, webauthn:extension:prf: true, webauthn:virtualAuthenticators: true}
Session ID: 63363f3a5b2b4fcc7b389c73abfd579a
at java.base/jdk.internal.reflect.DirectConstructorHandleAccessor.newInstance(DirectConstructorHandleAccessor.java:67)
at java.base/java.lang.reflect.Constructor.newInstanceWithCaller(Constructor.java:500)
at java.base/java.lang.reflect.Constructor.newInstance(Constructor.java:484)
at org.openqa.selenium.remote.codec.w3c.W3CHttpResponseCodec.createException(W3CHttpResponseCodec.java:200)
at org.openqa.selenium.remote.codec.w3c.W3CHttpResponseCodec.decode(W3CHttpResponseCodec.java:133)
at org.openqa.selenium.remote.codec.w3c.W3CHttpResponseCodec.decode(W3CHttpResponseCodec.java:52)
at org.openqa.selenium.remote.HttpCommandExecutor.execute(HttpCommandExecutor.java:191)
at org.openqa.selenium.remote.service.DriverCommandExecutor.invokeExecute(DriverCommandExecutor.java:196)
at org.openqa.selenium.remote.service.DriverCommandExecutor.execute(DriverCommandExecutor.java:171)
at org.openqa.selenium.remote.RemoteWebDriver.execute(RemoteWebDriver.java:518)
at org.openqa.selenium.remote.ElementLocation$ElementFinder$2.findElement(ElementLocation.java:165)
at org.openqa.selenium.remote.ElementLocation.findElement(ElementLocation.java:59)
at org.openqa.selenium.remote.RemoteWebDriver.findElement(RemoteWebDriver.java:355)
at org.openqa.selenium.remote.RemoteWebDriver.findElement(RemoteWebDriver.java:349)
at stepDefinitions.SectionModule.error_message_showing_or_not_in_section_menu(SectionModule.java:113)
at ✽.Error Message showing or not in section menu.(file:///C:/Users/dinesh/eclipse-workspace/Colleges/src/test/java/features/College7_Secyion.feature:28)
]]>
            </full-stacktrace>
          </exception> <!-- org.openqa.selenium.NoSuchElementException -->
          <reporter-output>
          </reporter-output>
        </test-method> <!-- runScenario -->
        <test-method signature="runScenario(io.cucumber.testng.PickleWrapper,io.cucumber.testng.FeatureWrapper)[pri:0, instance:runner.TestNGRunner2@7817fd62]" started-at="2024-04-22T19:01:11 IST" name="runScenario" description="Runs Cucumber Scenarios" data-provider="scenarios" finished-at="2024-04-22T19:01:21 IST" duration-ms="10117" status="FAIL">
          <params>
            <param index="0">
              <value>
                <![CDATA["Negative Sceanrio2 User can able to clear the ID data or not."]]>
              </value>
            </param>
            <param index="1">
              <value>
                <![CDATA["College - Section Module"]]>
              </value>
            </param>
          </params>
          <exception class="java.lang.Exception">
            <message>
              <![CDATA[User can able to clear ID data in Section]]>
            </message>
            <full-stacktrace>
              <![CDATA[java.lang.Exception: User can able to clear ID data in Section
at stepDefinitions.SectionModule.check_it_allow_or_not_in_section_menu(SectionModule.java:131)
at ✽.Check it allow or not in section menu.(file:///C:/Users/dinesh/eclipse-workspace/Colleges/src/test/java/features/College7_Secyion.feature:35)
]]>
            </full-stacktrace>
          </exception> <!-- java.lang.Exception -->
          <reporter-output>
          </reporter-output>
        </test-method> <!-- runScenario -->
        <test-method signature="runScenario(io.cucumber.testng.PickleWrapper,io.cucumber.testng.FeatureWrapper)[pri:0, instance:runner.TestNGRunner2@7817fd62]" started-at="2024-04-22T19:01:21 IST" name="runScenario" description="Runs Cucumber Scenarios" data-provider="scenarios" finished-at="2024-04-22T19:01:32 IST" duration-ms="10325" status="FAIL">
          <params>
            <param index="0">
              <value>
                <![CDATA["Negative Scenario3 - Enter a negativve value in Section ID Fields"]]>
              </value>
            </param>
            <param index="1">
              <value>
                <![CDATA["College - Section Module"]]>
              </value>
            </param>
          </params>
          <exception class="java.lang.Exception">
            <message>
              <![CDATA[Negative Values allow in section ID fields]]>
            </message>
            <full-stacktrace>
              <![CDATA[java.lang.Exception: Negative Values allow in section ID fields
at stepDefinitions.SectionModule.check_the_if_the_data_is_present_throw_bugs(SectionModule.java:163)
at ✽.Check the if the data is present throw bugs.(file:///C:/Users/dinesh/eclipse-workspace/Colleges/src/test/java/features/College7_Secyion.feature:41)
]]>
            </full-stacktrace>
          </exception> <!-- java.lang.Exception -->
          <reporter-output>
          </reporter-output>
        </test-method> <!-- runScenario -->
        <test-method signature="runScenario(io.cucumber.testng.PickleWrapper,io.cucumber.testng.FeatureWrapper)[pri:0, instance:runner.TestNGRunner2@7817fd62]" started-at="2024-04-22T19:01:32 IST" name="runScenario" description="Runs Cucumber Scenarios" data-provider="scenarios" finished-at="2024-04-22T19:01:36 IST" duration-ms="4531" status="PASS">
          <params>
            <param index="0">
              <value>
                <![CDATA["Postive Scenario - Search some char in course search box and check it contains this char in sec menu"]]>
              </value>
            </param>
            <param index="1">
              <value>
                <![CDATA["College - Section Module"]]>
              </value>
            </param>
          </params>
          <reporter-output>
          </reporter-output>
        </test-method> <!-- runScenario -->
        <test-method signature="runScenario(io.cucumber.testng.PickleWrapper,io.cucumber.testng.FeatureWrapper)[pri:0, instance:runner.TestNGRunner2@7817fd62]" started-at="2024-04-22T19:01:36 IST" name="runScenario" description="Runs Cucumber Scenarios" data-provider="scenarios" finished-at="2024-04-22T19:01:43 IST" duration-ms="6490" status="PASS">
          <params>
            <param index="0">
              <value>
                <![CDATA["Negative Scenario - Search irrelevant char and check how its behave in course in sec"]]>
              </value>
            </param>
            <param index="1">
              <value>
                <![CDATA["College - Section Module"]]>
              </value>
            </param>
          </params>
          <reporter-output>
          </reporter-output>
        </test-method> <!-- runScenario -->
        <test-method signature="runScenario(io.cucumber.testng.PickleWrapper,io.cucumber.testng.FeatureWrapper)[pri:0, instance:runner.TestNGRunner2@7817fd62]" started-at="2024-04-22T19:01:43 IST" name="runScenario" description="Runs Cucumber Scenarios" data-provider="scenarios" finished-at="2024-04-22T19:01:47 IST" duration-ms="4746" status="PASS">
          <params>
            <param index="0">
              <value>
                <![CDATA["Edit Scenario - Value present or not"]]>
              </value>
            </param>
            <param index="1">
              <value>
                <![CDATA["College - Section Module"]]>
              </value>
            </param>
          </params>
          <reporter-output>
          </reporter-output>
        </test-method> <!-- runScenario -->
        <test-method signature="runScenario(io.cucumber.testng.PickleWrapper,io.cucumber.testng.FeatureWrapper)[pri:0, instance:runner.TestNGRunner2@7817fd62]" started-at="2024-04-22T19:01:47 IST" name="runScenario" description="Runs Cucumber Scenarios" data-provider="scenarios" finished-at="2024-04-22T19:01:53 IST" duration-ms="5158" status="PASS">
          <params>
            <param index="0">
              <value>
                <![CDATA["Edit Scenario"]]>
              </value>
            </param>
            <param index="1">
              <value>
                <![CDATA["College - Section Module"]]>
              </value>
            </param>
          </params>
          <reporter-output>
          </reporter-output>
        </test-method> <!-- runScenario -->
        <test-method signature="runScenario(io.cucumber.testng.PickleWrapper,io.cucumber.testng.FeatureWrapper)[pri:0, instance:runner.TestNGRunner2@7817fd62]" started-at="2024-04-22T19:01:53 IST" name="runScenario" description="Runs Cucumber Scenarios" data-provider="scenarios" finished-at="2024-04-22T19:01:57 IST" duration-ms="4046" status="FAIL">
          <params>
            <param index="0">
              <value>
                <![CDATA["Delete some section"]]>
              </value>
            </param>
            <param index="1">
              <value>
                <![CDATA["College - Section Module"]]>
              </value>
            </param>
          </params>
          <exception class="java.lang.Exception">
            <message>
              <![CDATA[Deleted Not Successfuly]]>
            </message>
            <full-stacktrace>
              <![CDATA[java.lang.Exception: Deleted Not Successfuly
at stepDefinitions.SectionModule.check_deleted_data_is_showing_or_not_in_section_menu(SectionModule.java:250)
at ✽.Check deleted data is showing or not in section menu.(file:///C:/Users/dinesh/eclipse-workspace/Colleges/src/test/java/features/College7_Secyion.feature:63)
]]>
            </full-stacktrace>
          </exception> <!-- java.lang.Exception -->
          <reporter-output>
          </reporter-output>
        </test-method> <!-- runScenario -->
        <test-method signature="runScenario(io.cucumber.testng.PickleWrapper,io.cucumber.testng.FeatureWrapper)[pri:0, instance:runner.TestNGRunner2@7817fd62]" started-at="2024-04-22T19:01:57 IST" name="runScenario" description="Runs Cucumber Scenarios" data-provider="scenarios" finished-at="2024-04-22T19:01:57 IST" duration-ms="5" status="PASS">
          <params>
            <param index="0">
              <value>
                <![CDATA["Search Module"]]>
              </value>
            </param>
            <param index="1">
              <value>
                <![CDATA["College - Section Module"]]>
              </value>
            </param>
          </params>
          <reporter-output>
          </reporter-output>
        </test-method> <!-- runScenario -->
        <test-method signature="runScenario(io.cucumber.testng.PickleWrapper,io.cucumber.testng.FeatureWrapper)[pri:0, instance:runner.TestNGRunner2@7817fd62]" started-at="2024-04-22T19:01:57 IST" name="runScenario" description="Runs Cucumber Scenarios" data-provider="scenarios" finished-at="2024-04-22T19:02:29 IST" duration-ms="31876" status="PASS">
          <params>
            <param index="0">
              <value>
                <![CDATA["Positive Scenario for Login Module"]]>
              </value>
            </param>
            <param index="1">
              <value>
                <![CDATA["College - Student Module"]]>
              </value>
            </param>
          </params>
          <reporter-output>
          </reporter-output>
        </test-method> <!-- runScenario -->
        <test-method signature="runScenario(io.cucumber.testng.PickleWrapper,io.cucumber.testng.FeatureWrapper)[pri:0, instance:runner.TestNGRunner2@7817fd62]" started-at="2024-04-22T19:02:29 IST" name="runScenario" description="Runs Cucumber Scenarios" data-provider="scenarios" finished-at="2024-04-22T19:02:34 IST" duration-ms="5130" status="PASS">
          <params>
            <param index="0">
              <value>
                <![CDATA["Without enter anything check how its behave"]]>
              </value>
            </param>
            <param index="1">
              <value>
                <![CDATA["College - Student Module"]]>
              </value>
            </param>
          </params>
          <reporter-output>
          </reporter-output>
        </test-method> <!-- runScenario -->
        <test-method signature="runScenario(io.cucumber.testng.PickleWrapper,io.cucumber.testng.FeatureWrapper)[pri:0, instance:runner.TestNGRunner2@7817fd62]" started-at="2024-04-22T19:02:34 IST" name="runScenario" description="Runs Cucumber Scenarios" data-provider="scenarios" finished-at="2024-04-22T19:03:05 IST" duration-ms="31820" status="PASS">
          <params>
            <param index="0">
              <value>
                <![CDATA["Enter the same credentials what we entered in previous cases"]]>
              </value>
            </param>
            <param index="1">
              <value>
                <![CDATA["College - Student Module"]]>
              </value>
            </param>
          </params>
          <reporter-output>
          </reporter-output>
        </test-method> <!-- runScenario -->
        <test-method signature="runScenario(io.cucumber.testng.PickleWrapper,io.cucumber.testng.FeatureWrapper)[pri:0, instance:runner.TestNGRunner2@7817fd62]" started-at="2024-04-22T19:03:05 IST" name="runScenario" description="Runs Cucumber Scenarios" data-provider="scenarios" finished-at="2024-04-22T19:03:35 IST" duration-ms="29628" status="FAIL">
          <params>
            <param index="0">
              <value>
                <![CDATA["Enter the different valid crendials but enter the previous credentials in admission id"]]>
              </value>
            </param>
            <param index="1">
              <value>
                <![CDATA["College - Student Module"]]>
              </value>
            </param>
          </params>
          <exception class="java.lang.Exception">
            <message>
              <![CDATA[Admission ID Validation Must]]>
            </message>
            <full-stacktrace>
              <![CDATA[java.lang.Exception: Admission ID Validation Must
at stepDefinitions.StudentModule.check_error_message_showing_or_not_like_admission_id_already_exists(StudentModule.java:147)
at ✽.Check error message showing or not like admission id already exists(file:///C:/Users/dinesh/eclipse-workspace/Colleges/src/test/java/features/College8_Student.feature:29)
]]>
            </full-stacktrace>
          </exception> <!-- java.lang.Exception -->
          <reporter-output>
          </reporter-output>
        </test-method> <!-- runScenario -->
        <test-method signature="runScenario(io.cucumber.testng.PickleWrapper,io.cucumber.testng.FeatureWrapper)[pri:0, instance:runner.TestNGRunner2@7817fd62]" started-at="2024-04-22T19:03:35 IST" name="runScenario" description="Runs Cucumber Scenarios" data-provider="scenarios" finished-at="2024-04-22T19:03:59 IST" duration-ms="24380" status="PASS">
          <params>
            <param index="0">
              <value>
                <![CDATA["Enter the value in mandatory fields"]]>
              </value>
            </param>
            <param index="1">
              <value>
                <![CDATA["College - Student Module"]]>
              </value>
            </param>
          </params>
          <reporter-output>
          </reporter-output>
        </test-method> <!-- runScenario -->
        <test-method signature="runScenario(io.cucumber.testng.PickleWrapper,io.cucumber.testng.FeatureWrapper)[pri:0, instance:runner.TestNGRunner2@7817fd62]" started-at="2024-04-22T19:03:59 IST" name="runScenario" description="Runs Cucumber Scenarios" data-provider="scenarios" finished-at="2024-04-22T19:04:20 IST" duration-ms="20712" status="FAIL">
          <params>
            <param index="0">
              <value>
                <![CDATA["Enter a value in dob and check how it behaves"]]>
              </value>
            </param>
            <param index="1">
              <value>
                <![CDATA["College - Student Module"]]>
              </value>
            </param>
          </params>
          <exception class="java.lang.Exception">
            <message>
              <![CDATA[Date Validation Didn't Work]]>
            </message>
            <full-stacktrace>
              <![CDATA[java.lang.Exception: Date Validation Didn't Work
at stepDefinitions.StudentModule.check_the_values_present_in_student_page_or_not(StudentModule.java:232)
at ✽.Check the values present in student page or not.(file:///C:/Users/dinesh/eclipse-workspace/Colleges/src/test/java/features/College8_Student.feature:41)
]]>
            </full-stacktrace>
          </exception> <!-- java.lang.Exception -->
          <reporter-output>
          </reporter-output>
        </test-method> <!-- runScenario -->
        <test-method signature="runScenario(io.cucumber.testng.PickleWrapper,io.cucumber.testng.FeatureWrapper)[pri:0, instance:runner.TestNGRunner2@7817fd62]" started-at="2024-04-22T19:04:20 IST" name="runScenario" description="Runs Cucumber Scenarios" data-provider="scenarios" finished-at="2024-04-22T19:04:42 IST" duration-ms="22219" status="PASS">
          <params>
            <param index="0">
              <value>
                <![CDATA["Clear the ID and check how it behaves"]]>
              </value>
            </param>
            <param index="1">
              <value>
                <![CDATA["College - Student Module"]]>
              </value>
            </param>
          </params>
          <reporter-output>
          </reporter-output>
        </test-method> <!-- runScenario -->
        <test-method signature="runScenario(io.cucumber.testng.PickleWrapper,io.cucumber.testng.FeatureWrapper)[pri:0, instance:runner.TestNGRunner2@7817fd62]" started-at="2024-04-22T19:04:42 IST" name="runScenario" description="Runs Cucumber Scenarios" data-provider="scenarios" finished-at="2024-04-22T19:04:48 IST" duration-ms="5532" status="FAIL">
          <params>
            <param index="0">
              <value>
                <![CDATA["Negative Value in Student Fields"]]>
              </value>
            </param>
            <param index="1">
              <value>
                <![CDATA["College - Student Module"]]>
              </value>
            </param>
          </params>
          <exception class="java.lang.Exception">
            <message>
              <![CDATA[Validation Must in Email,Mobile No,Pincode]]>
            </message>
            <full-stacktrace>
              <![CDATA[java.lang.Exception: Validation Must in Email,Mobile No,Pincode
at stepDefinitions.StudentModule.enter_the_negative_values_in_email_mobile_no_pincode_etc(StudentModule.java:251)
at ✽.Enter the negative values in email,mobile no,pincode etc..(file:///C:/Users/dinesh/eclipse-workspace/Colleges/src/test/java/features/College8_Student.feature:53)
]]>
            </full-stacktrace>
          </exception> <!-- java.lang.Exception -->
          <reporter-output>
          </reporter-output>
        </test-method> <!-- runScenario -->
        <test-method signature="runScenario(io.cucumber.testng.PickleWrapper,io.cucumber.testng.FeatureWrapper)[pri:0, instance:runner.TestNGRunner2@7817fd62]" started-at="2024-04-22T19:04:48 IST" name="runScenario" description="Runs Cucumber Scenarios" data-provider="scenarios" finished-at="2024-04-22T19:04:53 IST" duration-ms="4898" status="PASS">
          <params>
            <param index="0">
              <value>
                <![CDATA["Postive Scenario - Search some char in course search box and check it contains this char in sec menu"]]>
              </value>
            </param>
            <param index="1">
              <value>
                <![CDATA["College - Student Module"]]>
              </value>
            </param>
          </params>
          <reporter-output>
          </reporter-output>
        </test-method> <!-- runScenario -->
        <test-method signature="runScenario(io.cucumber.testng.PickleWrapper,io.cucumber.testng.FeatureWrapper)[pri:0, instance:runner.TestNGRunner2@7817fd62]" started-at="2024-04-22T19:04:53 IST" name="runScenario" description="Runs Cucumber Scenarios" data-provider="scenarios" finished-at="2024-04-22T19:04:59 IST" duration-ms="6265" status="PASS">
          <params>
            <param index="0">
              <value>
                <![CDATA["Negative Scenario - Search irrelevant char and check how its behave in course in sec"]]>
              </value>
            </param>
            <param index="1">
              <value>
                <![CDATA["College - Student Module"]]>
              </value>
            </param>
          </params>
          <reporter-output>
          </reporter-output>
        </test-method> <!-- runScenario -->
        <test-method signature="runScenario(io.cucumber.testng.PickleWrapper,io.cucumber.testng.FeatureWrapper)[pri:0, instance:runner.TestNGRunner2@7817fd62]" started-at="2024-04-22T19:04:59 IST" name="runScenario" description="Runs Cucumber Scenarios" data-provider="scenarios" finished-at="2024-04-22T19:05:04 IST" duration-ms="5142" status="PASS">
          <params>
            <param index="0">
              <value>
                <![CDATA["Click the view icon and check"]]>
              </value>
            </param>
            <param index="1">
              <value>
                <![CDATA["College - Student Module"]]>
              </value>
            </param>
          </params>
          <reporter-output>
          </reporter-output>
        </test-method> <!-- runScenario -->
        <test-method signature="runScenario(io.cucumber.testng.PickleWrapper,io.cucumber.testng.FeatureWrapper)[pri:0, instance:runner.TestNGRunner2@7817fd62]" started-at="2024-04-22T19:05:04 IST" name="runScenario" description="Runs Cucumber Scenarios" data-provider="scenarios" finished-at="2024-04-22T19:05:13 IST" duration-ms="8408" status="PASS">
          <params>
            <param index="0">
              <value>
                <![CDATA["Edit Scenario - Student"]]>
              </value>
            </param>
            <param index="1">
              <value>
                <![CDATA["College - Student Module"]]>
              </value>
            </param>
          </params>
          <reporter-output>
          </reporter-output>
        </test-method> <!-- runScenario -->
        <test-method signature="runScenario(io.cucumber.testng.PickleWrapper,io.cucumber.testng.FeatureWrapper)[pri:0, instance:runner.TestNGRunner2@7817fd62]" started-at="2024-04-22T19:05:13 IST" name="runScenario" description="Runs Cucumber Scenarios" data-provider="scenarios" finished-at="2024-04-22T19:05:17 IST" duration-ms="4338" status="PASS">
          <params>
            <param index="0">
              <value>
                <![CDATA["Delete some section"]]>
              </value>
            </param>
            <param index="1">
              <value>
                <![CDATA["College - Student Module"]]>
              </value>
            </param>
          </params>
          <reporter-output>
          </reporter-output>
        </test-method> <!-- runScenario -->
        <test-method signature="runScenario(io.cucumber.testng.PickleWrapper,io.cucumber.testng.FeatureWrapper)[pri:0, instance:runner.TestNGRunner2@7817fd62]" started-at="2024-04-22T19:05:17 IST" name="runScenario" description="Runs Cucumber Scenarios" data-provider="scenarios" finished-at="2024-04-22T19:05:26 IST" duration-ms="8824" status="FAIL">
          <params>
            <param index="0">
              <value>
                <![CDATA["Positive Scenario in Announcement Module"]]>
              </value>
            </param>
            <param index="1">
              <value>
                <![CDATA["College - Announcement Module"]]>
              </value>
            </param>
          </params>
          <exception class="org.openqa.selenium.ElementClickInterceptedException">
            <message>
              <![CDATA[element click intercepted: Element <button class="MuiButtonBase-root Mui-disabled MuiPickersDay-root Mui-disabled MuiPickersDay-dayWithMargin css-6exafu" tabindex="-1" type="button" disabled="" role="gridcell" data-timestamp="1713378600000" aria-colindex="5" aria-selected="false">...</button> is not clickable at point (1086, 525). Other element would receive the click: <div role="row" class="MuiDayCalendar-weekContainer css-mvmu1r" aria-rowindex="3">...</div>
  (Session info: chrome=124.0.6367.61)
Build info: version: '4.11.0', revision: '040bc5406b'
System info: os.name: 'Windows 11', os.arch: 'amd64', os.version: '10.0', java.version: '19.0.1'
Driver info: org.openqa.selenium.chrome.ChromeDriver
Command: [34732c34b9bee2bb8a68eb225747be06, clickElement {id=f.547230019A8CF5306C4F16C37D064514.d.2B848704C85E8DBE2DBC42D1A4223B33.e.128}]
Capabilities {acceptInsecureCerts: false, browserName: chrome, browserVersion: 124.0.6367.61, chrome: {chromedriverVersion: 124.0.6367.60 (8771130bd84f..., userDataDir: C:\Users\dinesh\AppData\Loc...}, fedcm:accounts: true, goog:chromeOptions: {debuggerAddress: localhost:53588}, networkConnectionEnabled: false, pageLoadStrategy: normal, platformName: windows, proxy: Proxy(), se:cdp: ws://localhost:53588/devtoo..., se:cdpVersion: 124.0.6367.61, setWindowRect: true, strictFileInteractability: false, timeouts: {implicit: 0, pageLoad: 300000, script: 30000}, unhandledPromptBehavior: dismiss and notify, webauthn:extension:credBlob: true, webauthn:extension:largeBlob: true, webauthn:extension:minPinLength: true, webauthn:extension:prf: true, webauthn:virtualAuthenticators: true}
Element: [[ChromeDriver: chrome on windows (34732c34b9bee2bb8a68eb225747be06)] -> xpath: /html/body/div[2]/div[2]/div/div/div/div[2]/div/div/div[2]/div/div[3]/button[5]]
Session ID: 34732c34b9bee2bb8a68eb225747be06]]>
            </message>
            <full-stacktrace>
              <![CDATA[org.openqa.selenium.ElementClickInterceptedException: element click intercepted: Element <button class="MuiButtonBase-root Mui-disabled MuiPickersDay-root Mui-disabled MuiPickersDay-dayWithMargin css-6exafu" tabindex="-1" type="button" disabled="" role="gridcell" data-timestamp="1713378600000" aria-colindex="5" aria-selected="false">...</button> is not clickable at point (1086, 525). Other element would receive the click: <div role="row" class="MuiDayCalendar-weekContainer css-mvmu1r" aria-rowindex="3">...</div>
  (Session info: chrome=124.0.6367.61)
Build info: version: '4.11.0', revision: '040bc5406b'
System info: os.name: 'Windows 11', os.arch: 'amd64', os.version: '10.0', java.version: '19.0.1'
Driver info: org.openqa.selenium.chrome.ChromeDriver
Command: [34732c34b9bee2bb8a68eb225747be06, clickElement {id=f.547230019A8CF5306C4F16C37D064514.d.2B848704C85E8DBE2DBC42D1A4223B33.e.128}]
Capabilities {acceptInsecureCerts: false, browserName: chrome, browserVersion: 124.0.6367.61, chrome: {chromedriverVersion: 124.0.6367.60 (8771130bd84f..., userDataDir: C:\Users\dinesh\AppData\Loc...}, fedcm:accounts: true, goog:chromeOptions: {debuggerAddress: localhost:53588}, networkConnectionEnabled: false, pageLoadStrategy: normal, platformName: windows, proxy: Proxy(), se:cdp: ws://localhost:53588/devtoo..., se:cdpVersion: 124.0.6367.61, setWindowRect: true, strictFileInteractability: false, timeouts: {implicit: 0, pageLoad: 300000, script: 30000}, unhandledPromptBehavior: dismiss and notify, webauthn:extension:credBlob: true, webauthn:extension:largeBlob: true, webauthn:extension:minPinLength: true, webauthn:extension:prf: true, webauthn:virtualAuthenticators: true}
Element: [[ChromeDriver: chrome on windows (34732c34b9bee2bb8a68eb225747be06)] -> xpath: /html/body/div[2]/div[2]/div/div/div/div[2]/div/div/div[2]/div/div[3]/button[5]]
Session ID: 34732c34b9bee2bb8a68eb225747be06
at java.base/jdk.internal.reflect.DirectConstructorHandleAccessor.newInstance(DirectConstructorHandleAccessor.java:67)
at java.base/java.lang.reflect.Constructor.newInstanceWithCaller(Constructor.java:500)
at java.base/java.lang.reflect.Constructor.newInstance(Constructor.java:484)
at org.openqa.selenium.remote.codec.w3c.W3CHttpResponseCodec.createException(W3CHttpResponseCodec.java:200)
at org.openqa.selenium.remote.codec.w3c.W3CHttpResponseCodec.decode(W3CHttpResponseCodec.java:133)
at org.openqa.selenium.remote.codec.w3c.W3CHttpResponseCodec.decode(W3CHttpResponseCodec.java:52)
at org.openqa.selenium.remote.HttpCommandExecutor.execute(HttpCommandExecutor.java:191)
at org.openqa.selenium.remote.service.DriverCommandExecutor.invokeExecute(DriverCommandExecutor.java:196)
at org.openqa.selenium.remote.service.DriverCommandExecutor.execute(DriverCommandExecutor.java:171)
at org.openqa.selenium.remote.RemoteWebDriver.execute(RemoteWebDriver.java:518)
at org.openqa.selenium.remote.RemoteWebElement.execute(RemoteWebElement.java:224)
at org.openqa.selenium.remote.RemoteWebElement.click(RemoteWebElement.java:77)
at stepDefinitions.AnnouncementModule.user_enter_the_all_credentials(AnnouncementModule.java:53)
at ✽.User enter the all credentials(file:///C:/Users/dinesh/eclipse-workspace/Colleges/src/test/java/features/College9_Announcement.feature:8)
]]>
            </full-stacktrace>
          </exception> <!-- org.openqa.selenium.ElementClickInterceptedException -->
          <reporter-output>
          </reporter-output>
        </test-method> <!-- runScenario -->
        <test-method signature="runScenario(io.cucumber.testng.PickleWrapper,io.cucumber.testng.FeatureWrapper)[pri:0, instance:runner.TestNGRunner2@7817fd62]" started-at="2024-04-22T19:05:26 IST" name="runScenario" description="Runs Cucumber Scenarios" data-provider="scenarios" finished-at="2024-04-22T19:05:30 IST" duration-ms="4048" status="PASS">
          <params>
            <param index="0">
              <value>
                <![CDATA["Check the month and year is shows correctly"]]>
              </value>
            </param>
            <param index="1">
              <value>
                <![CDATA["HomePage Scenarios"]]>
              </value>
            </param>
          </params>
          <reporter-output>
          </reporter-output>
        </test-method> <!-- runScenario -->
        <test-method signature="runScenario(io.cucumber.testng.PickleWrapper,io.cucumber.testng.FeatureWrapper)[pri:0, instance:runner.TestNGRunner2@7817fd62]" started-at="2024-04-22T19:05:30 IST" name="runScenario" description="Runs Cucumber Scenarios" data-provider="scenarios" finished-at="2024-04-22T19:05:40 IST" duration-ms="9808" status="PASS">
          <params>
            <param index="0">
              <value>
                <![CDATA["Edit the institute name and verify the value has been change in homepage"]]>
              </value>
            </param>
            <param index="1">
              <value>
                <![CDATA["HomePage Scenarios"]]>
              </value>
            </param>
          </params>
          <reporter-output>
          </reporter-output>
        </test-method> <!-- runScenario -->
        <test-method signature="runScenario(io.cucumber.testng.PickleWrapper,io.cucumber.testng.FeatureWrapper)[pri:0, instance:runner.TestNGRunner2@7817fd62]" started-at="2024-04-22T19:05:40 IST" name="runScenario" description="Runs Cucumber Scenarios" data-provider="scenarios" finished-at="2024-04-22T19:05:45 IST" duration-ms="5360" status="FAIL">
          <params>
            <param index="0">
              <value>
                <![CDATA["Click the edit institute icon and do some action"]]>
              </value>
            </param>
            <param index="1">
              <value>
                <![CDATA["HomePage Scenarios"]]>
              </value>
            </param>
          </params>
          <exception class="java.lang.AssertionError">
            <message>
              <![CDATA[expected [false] but found [true]]]>
            </message>
            <full-stacktrace>
              <![CDATA[java.lang.AssertionError: expected [false] but found [true]
at org.testng.Assert.fail(Assert.java:111)
at org.testng.Assert.failNotEquals(Assert.java:1578)
at org.testng.Assert.assertEqualsImpl(Assert.java:150)
at org.testng.Assert.assertEquals(Assert.java:132)
at org.testng.Assert.assertEquals(Assert.java:1067)
at org.testng.Assert.assertEquals(Assert.java:1031)
at org.testng.Assert.assertEquals(Assert.java:1077)
at stepDefinitions.HomePageDefinitions.user_can_able_to_edit_the_password_and_email_fields(HomePageDefinitions.java:115)
at ✽.User can able to edit the  password and email fields(file:///C:/Users/dinesh/eclipse-workspace/Colleges/src/test/java/features/College_HomePage.feature:16)
]]>
            </full-stacktrace>
          </exception> <!-- java.lang.AssertionError -->
          <reporter-output>
          </reporter-output>
        </test-method> <!-- runScenario -->
        <test-method signature="runScenario(io.cucumber.testng.PickleWrapper,io.cucumber.testng.FeatureWrapper)[pri:0, instance:runner.TestNGRunner2@7817fd62]" started-at="2024-04-22T19:05:45 IST" name="runScenario" description="Runs Cucumber Scenarios" data-provider="scenarios" finished-at="2024-04-22T19:05:53 IST" duration-ms="7484" status="FAIL">
          <params>
            <param index="0">
              <value>
                <![CDATA["Negative Testcase - In Edit - Mobile no field enter the negative value and how its behave"]]>
              </value>
            </param>
            <param index="1">
              <value>
                <![CDATA["HomePage Scenarios"]]>
              </value>
            </param>
          </params>
          <exception class="java.lang.AssertionError">
            <message>
              <![CDATA[expected [Invalid Mobile Number] but found [Profile updated successfully]]]>
            </message>
            <full-stacktrace>
              <![CDATA[java.lang.AssertionError: expected [Invalid Mobile Number] but found [Profile updated successfully]
at org.testng.Assert.fail(Assert.java:111)
at org.testng.Assert.failNotEquals(Assert.java:1578)
at org.testng.Assert.assertEqualsImpl(Assert.java:150)
at org.testng.Assert.assertEquals(Assert.java:132)
at org.testng.Assert.assertEquals(Assert.java:656)
at org.testng.Assert.assertEquals(Assert.java:666)
at stepDefinitions.HomePageDefinitions.click_submit_icon_if_its_allow_there_is_a_bug(HomePageDefinitions.java:146)
at ✽.Click Submit icon  if its allow there is a bug.(file:///C:/Users/dinesh/eclipse-workspace/Colleges/src/test/java/features/College_HomePage.feature:22)
]]>
            </full-stacktrace>
          </exception> <!-- java.lang.AssertionError -->
          <reporter-output>
          </reporter-output>
        </test-method> <!-- runScenario -->
        <test-method signature="runScenario(io.cucumber.testng.PickleWrapper,io.cucumber.testng.FeatureWrapper)[pri:0, instance:runner.TestNGRunner2@7817fd62]" started-at="2024-04-22T19:05:53 IST" name="runScenario" description="Runs Cucumber Scenarios" data-provider="scenarios" finished-at="2024-04-22T19:05:57 IST" duration-ms="4516" status="PASS">
          <params>
            <param index="0">
              <value>
                <![CDATA["Negative Testcase1 - Edit - Clear the all data and check how it behave"]]>
              </value>
            </param>
            <param index="1">
              <value>
                <![CDATA["HomePage Scenarios"]]>
              </value>
            </param>
          </params>
          <reporter-output>
          </reporter-output>
        </test-method> <!-- runScenario -->
        <test-method signature="runScenario(io.cucumber.testng.PickleWrapper,io.cucumber.testng.FeatureWrapper)[pri:0, instance:runner.TestNGRunner2@7817fd62]" started-at="2024-04-22T19:05:57 IST" name="runScenario" description="Runs Cucumber Scenarios" data-provider="scenarios" finished-at="2024-04-22T19:06:02 IST" duration-ms="4810" status="FAIL">
          <params>
            <param index="0">
              <value>
                <![CDATA["Click the profile icon and check all the data is present or not."]]>
              </value>
            </param>
            <param index="1">
              <value>
                <![CDATA["HomePage Scenarios"]]>
              </value>
            </param>
          </params>
          <exception class="java.lang.Exception">
            <message>
              <![CDATA[All VAlues didn't shows]]>
            </message>
            <full-stacktrace>
              <![CDATA[java.lang.Exception: All VAlues didn't shows
at stepDefinitions.HomePageDefinitions.check_all_values_showing_or_not_in_profile_view(HomePageDefinitions.java:173)
at ✽.Check all values showing or not in profile view.(file:///C:/Users/dinesh/eclipse-workspace/Colleges/src/test/java/features/College_HomePage.feature:31)
]]>
            </full-stacktrace>
          </exception> <!-- java.lang.Exception -->
          <reporter-output>
          </reporter-output>
        </test-method> <!-- runScenario -->
        <test-method is-config="true" signature="tearDownClass()[pri:0, instance:runner.TestNGRunner2@7817fd62]" started-at="2024-04-22T19:06:02 IST" name="tearDownClass" finished-at="2024-04-22T19:06:02 IST" duration-ms="2" status="PASS">
          <reporter-output>
          </reporter-output>
        </test-method> <!-- tearDownClass -->
      </class> <!-- runner.TestNGRunner2 -->
    </test> <!-- Default test -->
  </suite> <!-- Default suite -->
</testng-results>
