<?xml version="1.0" encoding="UTF-8"?>
<!-- Generated by org.testng.reporters.JUnitReportReporter -->
<testsuite hostname="DineshManoharan" failures="1" tests="6" name="runner.SupportRunner" time="58.339" errors="3" timestamp="2024-04-22T11:13:18 IST" skipped="0">
  <testcase classname="runner.SupportRunner" name="runScenario" time="3.738">
    <error message="Searcch Box didn&#039;t Work" type="java.lang.Exception">
      <![CDATA[java.lang.Exception: Searcch Box didn't Work
at stepDefinitions.SupportModule.check_all_words_contains_v_char_in_support(SupportModule.java:140)
at ✽.Check All words contains V char in support.(file:///C:/Users/dinesh/eclipse-workspace/Colleges/src/test/java/features/College11_Support.feature:34)
]]>
    </error>
  </testcase> <!-- runScenario -->
  <testcase classname="runner.SupportRunner" name="runScenario" time="18.048"/>
  <testcase classname="runner.SupportRunner" name="runScenario" time="4.427">
    <failure message="expected [Enter the credentials] but found [please upload the student data]" type="java.lang.AssertionError">
      <![CDATA[java.lang.AssertionError: expected [Enter the credentials] but found [please upload the student data]
at org.testng.Assert.fail(Assert.java:111)
at org.testng.Assert.failNotEquals(Assert.java:1578)
at org.testng.Assert.assertEqualsImpl(Assert.java:150)
at org.testng.Assert.assertEquals(Assert.java:132)
at org.testng.Assert.assertEquals(Assert.java:656)
at org.testng.Assert.assertEquals(Assert.java:666)
at stepDefinitions.SupportModule.check_how_it_behave_in_support_page_whether_it_shows_error_message_or_not(SupportModule.java:95)
at ✽.Check how it behave in support page whether it shows error message or not.(file:///C:/Users/dinesh/eclipse-workspace/Colleges/src/test/java/features/College11_Support.feature:20)
]]>
    </failure>
  </testcase> <!-- runScenario -->
  <testcase classname="runner.SupportRunner" name="runScenario" time="12.609">
    <error message="Error message didn&#039;t throw in support page" type="java.lang.Exception">
      <![CDATA[java.lang.Exception: Error message didn't throw in support page
at stepDefinitions.SupportModule.check_how_its_behave_in_support_page(SupportModule.java:112)
at ✽.Check how its behave in support page.(file:///C:/Users/dinesh/eclipse-workspace/Colleges/src/test/java/features/College11_Support.feature:25)
]]>
    </error>
  </testcase> <!-- runScenario -->
  <testcase classname="runner.SupportRunner" name="runScenario" time="3.765"/>
  <testcase classname="runner.SupportRunner" name="runScenario" time="15.752">
    <error message="Set limit video mb" type="java.lang.Exception">
      <![CDATA[java.lang.Exception: Set limit video mb
at stepDefinitions.SupportModule.check_whether_the_videos_has_been_upload_oe_not(SupportModule.java:131)
at ✽.Check whether the videos has been upload oe not.(file:///C:/Users/dinesh/eclipse-workspace/Colleges/src/test/java/features/College11_Support.feature:30)
]]>
    </error>
  </testcase> <!-- runScenario -->
</testsuite> <!-- runner.SupportRunner -->
