<?xml version="1.0" encoding="UTF-8"?>
<!-- Generated by org.testng.reporters.JUnitReportReporter -->
<testsuite hostname="DineshManoharan" failures="7" tests="113" name="runner.TestNGRunner" time="945.189" errors="37" timestamp="2024-04-22T17:17:34 IST" skipped="0">
  <testcase classname="runner.TestNGRunner" name="runScenario" time="23.158"/>
  <testcase classname="runner.TestNGRunner" name="runScenario" time="16.653"/>
  <testcase classname="runner.TestNGRunner" name="runScenario" time="16.251"/>
  <testcase classname="runner.TestNGRunner" name="runScenario" time="17.179"/>
  <testcase classname="runner.TestNGRunner" name="runScenario" time="13.378">
    <error message="stale element reference: stale element not found in the current frame
  (Session info: chrome=124.0.6367.61)
For documentation on this error, please visit: https://www.selenium.dev/documentation/webdriver/troubleshooting/errors#stale-element-reference-exception
Build info: version: &#039;4.11.0&#039;, revision: &#039;040bc5406b&#039;
System info: os.name: &#039;Windows 11&#039;, os.arch: &#039;amd64&#039;, os.version: &#039;10.0&#039;, java.version: &#039;19.0.1&#039;
Driver info: org.openqa.selenium.chrome.ChromeDriver
Command: [39a680ecc020990e089a694d3b18e329, clickElement {id=f.16FE2AE9A66F31F7233F07ECB457920D.d.51F9BFBA24129226B9C6A58E10D3D2E8.e.87}]
Capabilities {acceptInsecureCerts: false, browserName: chrome, browserVersion: 124.0.6367.61, chrome: {chromedriverVersion: 124.0.6367.60 (8771130bd84f..., userDataDir: C:\Users\dinesh\AppData\Loc...}, fedcm:accounts: true, goog:chromeOptions: {debuggerAddress: localhost:60752}, networkConnectionEnabled: false, pageLoadStrategy: normal, platformName: windows, proxy: Proxy(), se:cdp: ws://localhost:60752/devtoo..., se:cdpVersion: 124.0.6367.61, setWindowRect: true, strictFileInteractability: false, timeouts: {implicit: 0, pageLoad: 300000, script: 30000}, unhandledPromptBehavior: dismiss and notify, webauthn:extension:credBlob: true, webauthn:extension:largeBlob: true, webauthn:extension:minPinLength: true, webauthn:extension:prf: true, webauthn:virtualAuthenticators: true}
Element: [[ChromeDriver: chrome on windows (39a680ecc020990e089a694d3b18e329)] -&gt; xpath: /html/body/div/div/div[1]/div[2]/div[2]/div/form/div[1]/label/span/div]
Session ID: 39a680ecc020990e089a694d3b18e329" type="org.openqa.selenium.StaleElementReferenceException">
      <![CDATA[org.openqa.selenium.StaleElementReferenceException: stale element reference: stale element not found in the current frame
  (Session info: chrome=124.0.6367.61)
For documentation on this error, please visit: https://www.selenium.dev/documentation/webdriver/troubleshooting/errors#stale-element-reference-exception
Build info: version: '4.11.0', revision: '040bc5406b'
System info: os.name: 'Windows 11', os.arch: 'amd64', os.version: '10.0', java.version: '19.0.1'
Driver info: org.openqa.selenium.chrome.ChromeDriver
Command: [39a680ecc020990e089a694d3b18e329, clickElement {id=f.16FE2AE9A66F31F7233F07ECB457920D.d.51F9BFBA24129226B9C6A58E10D3D2E8.e.87}]
Capabilities {acceptInsecureCerts: false, browserName: chrome, browserVersion: 124.0.6367.61, chrome: {chromedriverVersion: 124.0.6367.60 (8771130bd84f..., userDataDir: C:\Users\dinesh\AppData\Loc...}, fedcm:accounts: true, goog:chromeOptions: {debuggerAddress: localhost:60752}, networkConnectionEnabled: false, pageLoadStrategy: normal, platformName: windows, proxy: Proxy(), se:cdp: ws://localhost:60752/devtoo..., se:cdpVersion: 124.0.6367.61, setWindowRect: true, strictFileInteractability: false, timeouts: {implicit: 0, pageLoad: 300000, script: 30000}, unhandledPromptBehavior: dismiss and notify, webauthn:extension:credBlob: true, webauthn:extension:largeBlob: true, webauthn:extension:minPinLength: true, webauthn:extension:prf: true, webauthn:virtualAuthenticators: true}
Element: [[ChromeDriver: chrome on windows (39a680ecc020990e089a694d3b18e329)] -> xpath: /html/body/div/div/div[1]/div[2]/div[2]/div/form/div[1]/label/span/div]
Session ID: 39a680ecc020990e089a694d3b18e329
at java.base/jdk.internal.reflect.DirectConstructorHandleAccessor.newInstance(DirectConstructorHandleAccessor.java:67)
at java.base/java.lang.reflect.Constructor.newInstanceWithCaller(Constructor.java:500)
at java.base/java.lang.reflect.Constructor.newInstance(Constructor.java:484)
at org.openqa.selenium.remote.codec.w3c.W3CHttpResponseCodec.createException(W3CHttpResponseCodec.java:200)
at org.openqa.selenium.remote.codec.w3c.W3CHttpResponseCodec.decode(W3CHttpResponseCodec.java:133)
at org.openqa.selenium.remote.codec.w3c.W3CHttpResponseCodec.decode(W3CHttpResponseCodec.java:52)
at org.openqa.selenium.remote.HttpCommandExecutor.execute(HttpCommandExecutor.java:191)
at org.openqa.selenium.remote.service.DriverCommandExecutor.invokeExecute(DriverCommandExecutor.java:196)
at org.openqa.selenium.remote.service.DriverCommandExecutor.execute(DriverCommandExecutor.java:171)
at org.openqa.selenium.remote.RemoteWebDriver.execute(RemoteWebDriver.java:518)
at org.openqa.selenium.remote.RemoteWebElement.execute(RemoteWebElement.java:224)
at org.openqa.selenium.remote.RemoteWebElement.click(RemoteWebElement.java:77)
at Modules.BranchFields.uploadImage(BranchFields.java:49)
at stepDefinitions.BranchModule.enter_the_all_credentials_like1(BranchModule.java:144)
at ✽.Enter the all credentials like "dsds" "faa1411" "fa@gamil.com" "243131" "4352" "12345" "dfbdbd" "fdsfbdfs" "iokhjkj" "hghvbjj" "789" "0998"(file:///C:/Users/dinesh/eclipse-workspace/Colleges/src/test/java/features/College1_Branch.feature:33)
]]>
    </error>
  </testcase> <!-- runScenario -->
  <testcase classname="runner.TestNGRunner" name="runScenario" time="3.470"/>
  <testcase classname="runner.TestNGRunner" name="runScenario" time="3.746">
    <error message="Searcch Box didn&#039;t Work" type="java.lang.Exception">
      <![CDATA[java.lang.Exception: Searcch Box didn't Work
at stepDefinitions.SupportModule.check_all_words_contains_v_char_in_support(SupportModule.java:140)
at ✽.Check All words contains V char in support.(file:///C:/Users/dinesh/eclipse-workspace/Colleges/src/test/java/features/College11_Support.feature:34)
]]>
    </error>
  </testcase> <!-- runScenario -->
  <testcase classname="runner.TestNGRunner" name="runScenario" time="14.414">
    <error message="DateMandatoryFieldDidn&#039;tWork" type="java.lang.Exception">
      <![CDATA[java.lang.Exception: DateMandatoryFieldDidn'tWork
at stepDefinitions.FacultyModule.check_how_it_behaves(FacultyModule.java:133)
at ✽.Check how it behaves.(file:///C:/Users/dinesh/eclipse-workspace/Colleges/src/test/java/features/College3_Faculty.feature:22)
]]>
    </error>
  </testcase> <!-- runScenario -->
  <testcase classname="runner.TestNGRunner" name="runScenario" time="19.875">
    <error message="validtion Must" type="java.lang.Exception">
      <![CDATA[java.lang.Exception: validtion Must
at stepDefinitions.AcademicModule.enter_some_invalid_data_in_working_fields(AcademicModule.java:194)
at ✽.Enter some invalid data in working fields.(file:///C:/Users/dinesh/eclipse-workspace/Colleges/src/test/java/features/College5_Academic.feature:31)
]]>
    </error>
  </testcase> <!-- runScenario -->
  <testcase classname="runner.TestNGRunner" name="runScenario" time="6.570">
    <error message="Enter irrelevant answer how it provide marks" type="java.lang.Exception">
      <![CDATA[java.lang.Exception: Enter irrelevant answer how it provide marks
at stepDefinitions.ExamModule.if_its_allow_its_bug(ExamModule.java:342)
at ✽.If its allow its bug.(file:///C:/Users/dinesh/eclipse-workspace/Colleges/src/test/java/features/College12_Exam.feature:64)
]]>
    </error>
  </testcase> <!-- runScenario -->
  <testcase classname="runner.TestNGRunner" name="runScenario" time="6.014">
    <error message="Without date how can we schedule the exam?" type="java.lang.Exception">
      <![CDATA[java.lang.Exception: Without date how can we schedule the exam?
at stepDefinitions.ExamModule.check_its_created_or_not_in_exam_page(ExamModule.java:282)
at ✽.Check its created or not in exam page.(file:///C:/Users/dinesh/eclipse-workspace/Colleges/src/test/java/features/College12_Exam.feature:49)
]]>
    </error>
  </testcase> <!-- runScenario -->
  <testcase classname="runner.TestNGRunner" name="runScenario" time="18.303">
    <error message="To Validation Must" type="java.lang.Exception">
      <![CDATA[java.lang.Exception: To Validation Must
at stepDefinitions.AcademicModule.if_the_data_is_present_throw_error(AcademicModule.java:111)
at ✽.If the data is present throw error.(file:///C:/Users/dinesh/eclipse-workspace/Colleges/src/test/java/features/College5_Academic.feature:21)
]]>
    </error>
  </testcase> <!-- runScenario -->
  <testcase classname="runner.TestNGRunner" name="runScenario" time="13.138">
    <error message="stale element reference: stale element not found in the current frame
  (Session info: chrome=124.0.6367.61)
For documentation on this error, please visit: https://www.selenium.dev/documentation/webdriver/troubleshooting/errors#stale-element-reference-exception
Build info: version: &#039;4.11.0&#039;, revision: &#039;040bc5406b&#039;
System info: os.name: &#039;Windows 11&#039;, os.arch: &#039;amd64&#039;, os.version: &#039;10.0&#039;, java.version: &#039;19.0.1&#039;
Driver info: org.openqa.selenium.chrome.ChromeDriver
Command: [6bca27f04982a07f30d24d3b19293e5c, getElementText {id=f.A2C15AAF43BBB88643BE8FAF73F07D25.d.C68A7889D2DAB2196FAB61C07526171C.e.63}]
Capabilities {acceptInsecureCerts: false, browserName: chrome, browserVersion: 124.0.6367.61, chrome: {chromedriverVersion: 124.0.6367.60 (8771130bd84f..., userDataDir: C:\Users\dinesh\AppData\Loc...}, fedcm:accounts: true, goog:chromeOptions: {debuggerAddress: localhost:59413}, networkConnectionEnabled: false, pageLoadStrategy: normal, platformName: windows, proxy: Proxy(), se:cdp: ws://localhost:59413/devtoo..., se:cdpVersion: 124.0.6367.61, setWindowRect: true, strictFileInteractability: false, timeouts: {implicit: 0, pageLoad: 300000, script: 30000}, unhandledPromptBehavior: dismiss and notify, webauthn:extension:credBlob: true, webauthn:extension:largeBlob: true, webauthn:extension:minPinLength: true, webauthn:extension:prf: true, webauthn:virtualAuthenticators: true}
Element: [[ChromeDriver: chrome on windows (6bca27f04982a07f30d24d3b19293e5c)] -&gt; xpath: //div[text()=&#039;please upload your Profile picture&#039;]]
Session ID: 6bca27f04982a07f30d24d3b19293e5c" type="org.openqa.selenium.StaleElementReferenceException">
      <![CDATA[org.openqa.selenium.StaleElementReferenceException: stale element reference: stale element not found in the current frame
  (Session info: chrome=124.0.6367.61)
For documentation on this error, please visit: https://www.selenium.dev/documentation/webdriver/troubleshooting/errors#stale-element-reference-exception
Build info: version: '4.11.0', revision: '040bc5406b'
System info: os.name: 'Windows 11', os.arch: 'amd64', os.version: '10.0', java.version: '19.0.1'
Driver info: org.openqa.selenium.chrome.ChromeDriver
Command: [6bca27f04982a07f30d24d3b19293e5c, getElementText {id=f.A2C15AAF43BBB88643BE8FAF73F07D25.d.C68A7889D2DAB2196FAB61C07526171C.e.63}]
Capabilities {acceptInsecureCerts: false, browserName: chrome, browserVersion: 124.0.6367.61, chrome: {chromedriverVersion: 124.0.6367.60 (8771130bd84f..., userDataDir: C:\Users\dinesh\AppData\Loc...}, fedcm:accounts: true, goog:chromeOptions: {debuggerAddress: localhost:59413}, networkConnectionEnabled: false, pageLoadStrategy: normal, platformName: windows, proxy: Proxy(), se:cdp: ws://localhost:59413/devtoo..., se:cdpVersion: 124.0.6367.61, setWindowRect: true, strictFileInteractability: false, timeouts: {implicit: 0, pageLoad: 300000, script: 30000}, unhandledPromptBehavior: dismiss and notify, webauthn:extension:credBlob: true, webauthn:extension:largeBlob: true, webauthn:extension:minPinLength: true, webauthn:extension:prf: true, webauthn:virtualAuthenticators: true}
Element: [[ChromeDriver: chrome on windows (6bca27f04982a07f30d24d3b19293e5c)] -> xpath: //div[text()='please upload your Profile picture']]
Session ID: 6bca27f04982a07f30d24d3b19293e5c
at java.base/jdk.internal.reflect.DirectConstructorHandleAccessor.newInstance(DirectConstructorHandleAccessor.java:67)
at java.base/java.lang.reflect.Constructor.newInstanceWithCaller(Constructor.java:500)
at java.base/java.lang.reflect.Constructor.newInstance(Constructor.java:484)
at org.openqa.selenium.remote.codec.w3c.W3CHttpResponseCodec.createException(W3CHttpResponseCodec.java:200)
at org.openqa.selenium.remote.codec.w3c.W3CHttpResponseCodec.decode(W3CHttpResponseCodec.java:133)
at org.openqa.selenium.remote.codec.w3c.W3CHttpResponseCodec.decode(W3CHttpResponseCodec.java:52)
at org.openqa.selenium.remote.HttpCommandExecutor.execute(HttpCommandExecutor.java:191)
at org.openqa.selenium.remote.service.DriverCommandExecutor.invokeExecute(DriverCommandExecutor.java:196)
at org.openqa.selenium.remote.service.DriverCommandExecutor.execute(DriverCommandExecutor.java:171)
at org.openqa.selenium.remote.RemoteWebDriver.execute(RemoteWebDriver.java:518)
at org.openqa.selenium.remote.RemoteWebElement.execute(RemoteWebElement.java:224)
at org.openqa.selenium.remote.RemoteWebElement.getText(RemoteWebElement.java:192)
at stepDefinitions.AdminModule.check_how_it_behave_in_admin_page_whether_it_shows_error_message_or_not(AdminModule.java:109)
at ✽.Check how it behave in admin page whether it shows error message or not.(file:///C:/Users/dinesh/eclipse-workspace/Colleges/src/test/java/features/College10_Admin.feature:19)
]]>
    </error>
  </testcase> <!-- runScenario -->
  <testcase classname="runner.TestNGRunner" name="runScenario" time="3.761">
    <error message="Keyword Showing wrong" type="java.lang.Exception">
      <![CDATA[java.lang.Exception: Keyword Showing wrong
at stepDefinitions.CourseModule.check_all_values_showing_or_not(CourseModule.java:124)
at ✽.Check all values showing or not.(file:///C:/Users/dinesh/eclipse-workspace/Colleges/src/test/java/features/College6_Course.feature:32)
]]>
    </error>
  </testcase> <!-- runScenario -->
  <testcase classname="runner.TestNGRunner" name="runScenario" time="3.859">
    <error message="Values Overriding" type="java.lang.Exception">
      <![CDATA[java.lang.Exception: Values Overriding
at stepDefinitions.AdminModule.refresh_the_page_and_check(AdminModule.java:116)
at ✽.Refresh the page and check.(file:///C:/Users/dinesh/eclipse-workspace/Colleges/src/test/java/features/College10_Admin.feature:23)
]]>
    </error>
  </testcase> <!-- runScenario -->
  <testcase classname="runner.TestNGRunner" name="runScenario" time="10.599">
    <error message="element not interactable
  (Session info: chrome=124.0.6367.61)
Build info: version: &#039;4.11.0&#039;, revision: &#039;040bc5406b&#039;
System info: os.name: &#039;Windows 11&#039;, os.arch: &#039;amd64&#039;, os.version: &#039;10.0&#039;, java.version: &#039;19.0.1&#039;
Driver info: org.openqa.selenium.chrome.ChromeDriver
Command: [f95abc660b2eb706ecad479016ced524, sendKeysToElement {id=f.FF7BD000CABA71ED818517D44C6B9075.d.195F4B2634A17787F1AEAE9F3179B825.e.48, value=[Ljava.lang.CharSequence;@2f6f2d91}]
Capabilities {acceptInsecureCerts: false, browserName: chrome, browserVersion: 124.0.6367.61, chrome: {chromedriverVersion: 124.0.6367.60 (8771130bd84f..., userDataDir: C:\Users\dinesh\AppData\Loc...}, fedcm:accounts: true, goog:chromeOptions: {debuggerAddress: localhost:60267}, networkConnectionEnabled: false, pageLoadStrategy: normal, platformName: windows, proxy: Proxy(), se:cdp: ws://localhost:60267/devtoo..., se:cdpVersion: 124.0.6367.61, setWindowRect: true, strictFileInteractability: false, timeouts: {implicit: 0, pageLoad: 300000, script: 30000}, unhandledPromptBehavior: dismiss and notify, webauthn:extension:credBlob: true, webauthn:extension:largeBlob: true, webauthn:extension:minPinLength: true, webauthn:extension:prf: true, webauthn:virtualAuthenticators: true}
Element: [[ChromeDriver: chrome on windows (f95abc660b2eb706ecad479016ced524)] -&gt; xpath: //input[@name=&#039;passMarks&#039;]]
Session ID: f95abc660b2eb706ecad479016ced524" type="org.openqa.selenium.ElementNotInteractableException">
      <![CDATA[org.openqa.selenium.ElementNotInteractableException: element not interactable
  (Session info: chrome=124.0.6367.61)
Build info: version: '4.11.0', revision: '040bc5406b'
System info: os.name: 'Windows 11', os.arch: 'amd64', os.version: '10.0', java.version: '19.0.1'
Driver info: org.openqa.selenium.chrome.ChromeDriver
Command: [f95abc660b2eb706ecad479016ced524, sendKeysToElement {id=f.FF7BD000CABA71ED818517D44C6B9075.d.195F4B2634A17787F1AEAE9F3179B825.e.48, value=[Ljava.lang.CharSequence;@2f6f2d91}]
Capabilities {acceptInsecureCerts: false, browserName: chrome, browserVersion: 124.0.6367.61, chrome: {chromedriverVersion: 124.0.6367.60 (8771130bd84f..., userDataDir: C:\Users\dinesh\AppData\Loc...}, fedcm:accounts: true, goog:chromeOptions: {debuggerAddress: localhost:60267}, networkConnectionEnabled: false, pageLoadStrategy: normal, platformName: windows, proxy: Proxy(), se:cdp: ws://localhost:60267/devtoo..., se:cdpVersion: 124.0.6367.61, setWindowRect: true, strictFileInteractability: false, timeouts: {implicit: 0, pageLoad: 300000, script: 30000}, unhandledPromptBehavior: dismiss and notify, webauthn:extension:credBlob: true, webauthn:extension:largeBlob: true, webauthn:extension:minPinLength: true, webauthn:extension:prf: true, webauthn:virtualAuthenticators: true}
Element: [[ChromeDriver: chrome on windows (f95abc660b2eb706ecad479016ced524)] -> xpath: //input[@name='passMarks']]
Session ID: f95abc660b2eb706ecad479016ced524
at java.base/jdk.internal.reflect.DirectConstructorHandleAccessor.newInstance(DirectConstructorHandleAccessor.java:67)
at java.base/java.lang.reflect.Constructor.newInstanceWithCaller(Constructor.java:500)
at java.base/java.lang.reflect.Constructor.newInstance(Constructor.java:484)
at org.openqa.selenium.remote.codec.w3c.W3CHttpResponseCodec.createException(W3CHttpResponseCodec.java:200)
at org.openqa.selenium.remote.codec.w3c.W3CHttpResponseCodec.decode(W3CHttpResponseCodec.java:133)
at org.openqa.selenium.remote.codec.w3c.W3CHttpResponseCodec.decode(W3CHttpResponseCodec.java:52)
at org.openqa.selenium.remote.HttpCommandExecutor.execute(HttpCommandExecutor.java:191)
at org.openqa.selenium.remote.service.DriverCommandExecutor.invokeExecute(DriverCommandExecutor.java:196)
at org.openqa.selenium.remote.service.DriverCommandExecutor.execute(DriverCommandExecutor.java:171)
at org.openqa.selenium.remote.RemoteWebDriver.execute(RemoteWebDriver.java:518)
at org.openqa.selenium.remote.RemoteWebElement.execute(RemoteWebElement.java:224)
at org.openqa.selenium.remote.RemoteWebElement.sendKeys(RemoteWebElement.java:111)
at Modules.ExamFields.enterPassMark(ExamFields.java:58)
at stepDefinitions.ExamModule.enter_all_credentials_in_exam_modules_except_exam_type(ExamModule.java:245)
at ✽.Enter all credentials in exam modules except exam type(file:///C:/Users/dinesh/eclipse-workspace/Colleges/src/test/java/features/College12_Exam.feature:38)
]]>
    </error>
  </testcase> <!-- runScenario -->
  <testcase classname="runner.TestNGRunner" name="runScenario" time="3.290"/>
  <testcase classname="runner.TestNGRunner" name="runScenario" time="3.169"/>
  <testcase classname="runner.TestNGRunner" name="runScenario" time="8.100"/>
  <testcase classname="runner.TestNGRunner" name="runScenario" time="13.688">
    <failure message="expected [22/04/2024] but found [29/03/2024]" type="java.lang.AssertionError">
      <![CDATA[java.lang.AssertionError: expected [22/04/2024] but found [29/03/2024]
at org.testng.Assert.fail(Assert.java:111)
at org.testng.Assert.failNotEquals(Assert.java:1578)
at org.testng.Assert.assertEqualsImpl(Assert.java:150)
at org.testng.Assert.assertEquals(Assert.java:132)
at org.testng.Assert.assertEquals(Assert.java:656)
at org.testng.Assert.assertEquals(Assert.java:666)
at stepDefinitions.BranchModule.check_the_created_date_and_time(BranchModule.java:123)
at ✽.Check the created date and time.(file:///C:/Users/dinesh/eclipse-workspace/Colleges/src/test/java/features/College1_Branch.feature:22)
]]>
    </failure>
  </testcase> <!-- runScenario -->
  <testcase classname="runner.TestNGRunner" name="runScenario" time="30.648"/>
  <testcase classname="runner.TestNGRunner" name="runScenario" time="15.589"/>
  <testcase classname="runner.TestNGRunner" name="runScenario" time="2.758"/>
  <testcase classname="runner.TestNGRunner" name="runScenario" time="7.648"/>
  <testcase classname="runner.TestNGRunner" name="runScenario" time="16.727">
    <error message="element not interactable
  (Session info: chrome=124.0.6367.61)
Build info: version: &#039;4.11.0&#039;, revision: &#039;040bc5406b&#039;
System info: os.name: &#039;Windows 11&#039;, os.arch: &#039;amd64&#039;, os.version: &#039;10.0&#039;, java.version: &#039;19.0.1&#039;
Driver info: org.openqa.selenium.chrome.ChromeDriver
Command: [0b75787917463f50fa5b4000f1d97605, sendKeysToElement {id=f.C8DFD42B220EF0AD88F8335C1707C3AC.d.B7A08F8512430A403C77604C2DD410C4.e.54, value=[Ljava.lang.CharSequence;@397e533e}]
Capabilities {acceptInsecureCerts: false, browserName: chrome, browserVersion: 124.0.6367.61, chrome: {chromedriverVersion: 124.0.6367.60 (8771130bd84f..., userDataDir: C:\Users\dinesh\AppData\Loc...}, fedcm:accounts: true, goog:chromeOptions: {debuggerAddress: localhost:62913}, networkConnectionEnabled: false, pageLoadStrategy: normal, platformName: windows, proxy: Proxy(), se:cdp: ws://localhost:62913/devtoo..., se:cdpVersion: 124.0.6367.61, setWindowRect: true, strictFileInteractability: false, timeouts: {implicit: 0, pageLoad: 300000, script: 30000}, unhandledPromptBehavior: dismiss and notify, webauthn:extension:credBlob: true, webauthn:extension:largeBlob: true, webauthn:extension:minPinLength: true, webauthn:extension:prf: true, webauthn:virtualAuthenticators: true}
Element: [[ChromeDriver: chrome on windows (0b75787917463f50fa5b4000f1d97605)] -&gt; xpath: //input[@name=&#039;password&#039;]]
Session ID: 0b75787917463f50fa5b4000f1d97605" type="org.openqa.selenium.ElementNotInteractableException">
      <![CDATA[org.openqa.selenium.ElementNotInteractableException: element not interactable
  (Session info: chrome=124.0.6367.61)
Build info: version: '4.11.0', revision: '040bc5406b'
System info: os.name: 'Windows 11', os.arch: 'amd64', os.version: '10.0', java.version: '19.0.1'
Driver info: org.openqa.selenium.chrome.ChromeDriver
Command: [0b75787917463f50fa5b4000f1d97605, sendKeysToElement {id=f.C8DFD42B220EF0AD88F8335C1707C3AC.d.B7A08F8512430A403C77604C2DD410C4.e.54, value=[Ljava.lang.CharSequence;@397e533e}]
Capabilities {acceptInsecureCerts: false, browserName: chrome, browserVersion: 124.0.6367.61, chrome: {chromedriverVersion: 124.0.6367.60 (8771130bd84f..., userDataDir: C:\Users\dinesh\AppData\Loc...}, fedcm:accounts: true, goog:chromeOptions: {debuggerAddress: localhost:62913}, networkConnectionEnabled: false, pageLoadStrategy: normal, platformName: windows, proxy: Proxy(), se:cdp: ws://localhost:62913/devtoo..., se:cdpVersion: 124.0.6367.61, setWindowRect: true, strictFileInteractability: false, timeouts: {implicit: 0, pageLoad: 300000, script: 30000}, unhandledPromptBehavior: dismiss and notify, webauthn:extension:credBlob: true, webauthn:extension:largeBlob: true, webauthn:extension:minPinLength: true, webauthn:extension:prf: true, webauthn:virtualAuthenticators: true}
Element: [[ChromeDriver: chrome on windows (0b75787917463f50fa5b4000f1d97605)] -> xpath: //input[@name='password']]
Session ID: 0b75787917463f50fa5b4000f1d97605
at java.base/jdk.internal.reflect.DirectConstructorHandleAccessor.newInstance(DirectConstructorHandleAccessor.java:67)
at java.base/java.lang.reflect.Constructor.newInstanceWithCaller(Constructor.java:500)
at java.base/java.lang.reflect.Constructor.newInstance(Constructor.java:484)
at org.openqa.selenium.remote.codec.w3c.W3CHttpResponseCodec.createException(W3CHttpResponseCodec.java:200)
at org.openqa.selenium.remote.codec.w3c.W3CHttpResponseCodec.decode(W3CHttpResponseCodec.java:133)
at org.openqa.selenium.remote.codec.w3c.W3CHttpResponseCodec.decode(W3CHttpResponseCodec.java:52)
at org.openqa.selenium.remote.HttpCommandExecutor.execute(HttpCommandExecutor.java:191)
at org.openqa.selenium.remote.service.DriverCommandExecutor.invokeExecute(DriverCommandExecutor.java:196)
at org.openqa.selenium.remote.service.DriverCommandExecutor.execute(DriverCommandExecutor.java:171)
at org.openqa.selenium.remote.RemoteWebDriver.execute(RemoteWebDriver.java:518)
at org.openqa.selenium.remote.RemoteWebElement.execute(RemoteWebElement.java:224)
at org.openqa.selenium.remote.RemoteWebElement.sendKeys(RemoteWebElement.java:111)
at Modules.StudentFields.enterPassword(StudentFields.java:102)
at stepDefinitions.StudentModule.enter_the_valid_crendials_like(StudentModule.java:169)
at ✽.Enter the valid crendials like "Students - 003","Students003","123456789","students3@gmail.com","1235678","12345","30","dsfdvs","dgsgsgsdgbx","7451100","1234".(file:///C:/Users/dinesh/eclipse-workspace/Colleges/src/test/java/features/College8_Student.feature:33)
]]>
    </error>
  </testcase> <!-- runScenario -->
  <testcase classname="runner.TestNGRunner" name="runScenario" time="3.211"/>
  <testcase classname="runner.TestNGRunner" name="runScenario" time="13.061"/>
  <testcase classname="runner.TestNGRunner" name="runScenario" time="4.541">
    <failure message="expected [Enter the credentials] but found [Exam ID is already exist]" type="java.lang.AssertionError">
      <![CDATA[java.lang.AssertionError: expected [Enter the credentials] but found [Exam ID is already exist]
at org.testng.Assert.fail(Assert.java:111)
at org.testng.Assert.failNotEquals(Assert.java:1578)
at org.testng.Assert.assertEqualsImpl(Assert.java:150)
at org.testng.Assert.assertEquals(Assert.java:132)
at org.testng.Assert.assertEquals(Assert.java:656)
at org.testng.Assert.assertEquals(Assert.java:666)
at stepDefinitions.ExamModule.check_how_it_behave_in_exam_page_whether_it_shows_error_message_or_not(ExamModule.java:125)
at ✽.Check how it behave in exam page whether it shows error message or not.(file:///C:/Users/dinesh/eclipse-workspace/Colleges/src/test/java/features/College12_Exam.feature:19)
]]>
    </failure>
  </testcase> <!-- runScenario -->
  <testcase classname="runner.TestNGRunner" name="runScenario" time="20.877">
    <error message="element not interactable
  (Session info: chrome=124.0.6367.61)
Build info: version: &#039;4.11.0&#039;, revision: &#039;040bc5406b&#039;
System info: os.name: &#039;Windows 11&#039;, os.arch: &#039;amd64&#039;, os.version: &#039;10.0&#039;, java.version: &#039;19.0.1&#039;
Driver info: org.openqa.selenium.chrome.ChromeDriver
Command: [6bc615c97d2a464ec923f25bc679938c, sendKeysToElement {id=f.05494044E1874556BBC5183E6477E66A.d.A3052E39BF555563C76301909CCC2B3D.e.51, value=[Ljava.lang.CharSequence;@74ce5fe3}]
Capabilities {acceptInsecureCerts: false, browserName: chrome, browserVersion: 124.0.6367.61, chrome: {chromedriverVersion: 124.0.6367.60 (8771130bd84f..., userDataDir: C:\Users\dinesh\AppData\Loc...}, fedcm:accounts: true, goog:chromeOptions: {debuggerAddress: localhost:62869}, networkConnectionEnabled: false, pageLoadStrategy: normal, platformName: windows, proxy: Proxy(), se:cdp: ws://localhost:62869/devtoo..., se:cdpVersion: 124.0.6367.61, setWindowRect: true, strictFileInteractability: false, timeouts: {implicit: 0, pageLoad: 300000, script: 30000}, unhandledPromptBehavior: dismiss and notify, webauthn:extension:credBlob: true, webauthn:extension:largeBlob: true, webauthn:extension:minPinLength: true, webauthn:extension:prf: true, webauthn:virtualAuthenticators: true}
Element: [[ChromeDriver: chrome on windows (6bc615c97d2a464ec923f25bc679938c)] -&gt; xpath: //input[@name=&#039;password&#039;]]
Session ID: 6bc615c97d2a464ec923f25bc679938c" type="org.openqa.selenium.ElementNotInteractableException">
      <![CDATA[org.openqa.selenium.ElementNotInteractableException: element not interactable
  (Session info: chrome=124.0.6367.61)
Build info: version: '4.11.0', revision: '040bc5406b'
System info: os.name: 'Windows 11', os.arch: 'amd64', os.version: '10.0', java.version: '19.0.1'
Driver info: org.openqa.selenium.chrome.ChromeDriver
Command: [6bc615c97d2a464ec923f25bc679938c, sendKeysToElement {id=f.05494044E1874556BBC5183E6477E66A.d.A3052E39BF555563C76301909CCC2B3D.e.51, value=[Ljava.lang.CharSequence;@74ce5fe3}]
Capabilities {acceptInsecureCerts: false, browserName: chrome, browserVersion: 124.0.6367.61, chrome: {chromedriverVersion: 124.0.6367.60 (8771130bd84f..., userDataDir: C:\Users\dinesh\AppData\Loc...}, fedcm:accounts: true, goog:chromeOptions: {debuggerAddress: localhost:62869}, networkConnectionEnabled: false, pageLoadStrategy: normal, platformName: windows, proxy: Proxy(), se:cdp: ws://localhost:62869/devtoo..., se:cdpVersion: 124.0.6367.61, setWindowRect: true, strictFileInteractability: false, timeouts: {implicit: 0, pageLoad: 300000, script: 30000}, unhandledPromptBehavior: dismiss and notify, webauthn:extension:credBlob: true, webauthn:extension:largeBlob: true, webauthn:extension:minPinLength: true, webauthn:extension:prf: true, webauthn:virtualAuthenticators: true}
Element: [[ChromeDriver: chrome on windows (6bc615c97d2a464ec923f25bc679938c)] -> xpath: //input[@name='password']]
Session ID: 6bc615c97d2a464ec923f25bc679938c
at java.base/jdk.internal.reflect.DirectConstructorHandleAccessor.newInstance(DirectConstructorHandleAccessor.java:67)
at java.base/java.lang.reflect.Constructor.newInstanceWithCaller(Constructor.java:500)
at java.base/java.lang.reflect.Constructor.newInstance(Constructor.java:484)
at org.openqa.selenium.remote.codec.w3c.W3CHttpResponseCodec.createException(W3CHttpResponseCodec.java:200)
at org.openqa.selenium.remote.codec.w3c.W3CHttpResponseCodec.decode(W3CHttpResponseCodec.java:133)
at org.openqa.selenium.remote.codec.w3c.W3CHttpResponseCodec.decode(W3CHttpResponseCodec.java:52)
at org.openqa.selenium.remote.HttpCommandExecutor.execute(HttpCommandExecutor.java:191)
at org.openqa.selenium.remote.service.DriverCommandExecutor.invokeExecute(DriverCommandExecutor.java:196)
at org.openqa.selenium.remote.service.DriverCommandExecutor.execute(DriverCommandExecutor.java:171)
at org.openqa.selenium.remote.RemoteWebDriver.execute(RemoteWebDriver.java:518)
at org.openqa.selenium.remote.RemoteWebElement.execute(RemoteWebElement.java:224)
at org.openqa.selenium.remote.RemoteWebElement.sendKeys(RemoteWebElement.java:111)
at Modules.StudentFields.enterPassword(StudentFields.java:102)
at stepDefinitions.StudentModule.enter_the_valid_crendials_like(StudentModule.java:68)
at ✽.Enter the valid crendials like "Students - 002","Students002","123456789","students2@gmail.com","12/05/2024","12356781","13/04/2000","12345","30","dsfdvs","dgsgsgsdgbx","opjnp","7451100","dsssdsf".(file:///C:/Users/dinesh/eclipse-workspace/Colleges/src/test/java/features/College8_Student.feature:27)
]]>
    </error>
  </testcase> <!-- runScenario -->
  <testcase classname="runner.TestNGRunner" name="runScenario" time="20.875">
    <error message="element not interactable
  (Session info: chrome=124.0.6367.61)
Build info: version: &#039;4.11.0&#039;, revision: &#039;040bc5406b&#039;
System info: os.name: &#039;Windows 11&#039;, os.arch: &#039;amd64&#039;, os.version: &#039;10.0&#039;, java.version: &#039;19.0.1&#039;
Driver info: org.openqa.selenium.chrome.ChromeDriver
Command: [9f3b3d0a2378f87243d68bbb3e4b10de, sendKeysToElement {id=f.F0734CB0FEC01970801C042E59776DDE.d.0120C65A79FEE928EAFAFD765CF49600.e.49, value=[Ljava.lang.CharSequence;@49c38305}]
Capabilities {acceptInsecureCerts: false, browserName: chrome, browserVersion: 124.0.6367.61, chrome: {chromedriverVersion: 124.0.6367.60 (8771130bd84f..., userDataDir: C:\Users\dinesh\AppData\Loc...}, fedcm:accounts: true, goog:chromeOptions: {debuggerAddress: localhost:62825}, networkConnectionEnabled: false, pageLoadStrategy: normal, platformName: windows, proxy: Proxy(), se:cdp: ws://localhost:62825/devtoo..., se:cdpVersion: 124.0.6367.61, setWindowRect: true, strictFileInteractability: false, timeouts: {implicit: 0, pageLoad: 300000, script: 30000}, unhandledPromptBehavior: dismiss and notify, webauthn:extension:credBlob: true, webauthn:extension:largeBlob: true, webauthn:extension:minPinLength: true, webauthn:extension:prf: true, webauthn:virtualAuthenticators: true}
Element: [[ChromeDriver: chrome on windows (9f3b3d0a2378f87243d68bbb3e4b10de)] -&gt; xpath: //input[@name=&#039;password&#039;]]
Session ID: 9f3b3d0a2378f87243d68bbb3e4b10de" type="org.openqa.selenium.ElementNotInteractableException">
      <![CDATA[org.openqa.selenium.ElementNotInteractableException: element not interactable
  (Session info: chrome=124.0.6367.61)
Build info: version: '4.11.0', revision: '040bc5406b'
System info: os.name: 'Windows 11', os.arch: 'amd64', os.version: '10.0', java.version: '19.0.1'
Driver info: org.openqa.selenium.chrome.ChromeDriver
Command: [9f3b3d0a2378f87243d68bbb3e4b10de, sendKeysToElement {id=f.F0734CB0FEC01970801C042E59776DDE.d.0120C65A79FEE928EAFAFD765CF49600.e.49, value=[Ljava.lang.CharSequence;@49c38305}]
Capabilities {acceptInsecureCerts: false, browserName: chrome, browserVersion: 124.0.6367.61, chrome: {chromedriverVersion: 124.0.6367.60 (8771130bd84f..., userDataDir: C:\Users\dinesh\AppData\Loc...}, fedcm:accounts: true, goog:chromeOptions: {debuggerAddress: localhost:62825}, networkConnectionEnabled: false, pageLoadStrategy: normal, platformName: windows, proxy: Proxy(), se:cdp: ws://localhost:62825/devtoo..., se:cdpVersion: 124.0.6367.61, setWindowRect: true, strictFileInteractability: false, timeouts: {implicit: 0, pageLoad: 300000, script: 30000}, unhandledPromptBehavior: dismiss and notify, webauthn:extension:credBlob: true, webauthn:extension:largeBlob: true, webauthn:extension:minPinLength: true, webauthn:extension:prf: true, webauthn:virtualAuthenticators: true}
Element: [[ChromeDriver: chrome on windows (9f3b3d0a2378f87243d68bbb3e4b10de)] -> xpath: //input[@name='password']]
Session ID: 9f3b3d0a2378f87243d68bbb3e4b10de
at java.base/jdk.internal.reflect.DirectConstructorHandleAccessor.newInstance(DirectConstructorHandleAccessor.java:67)
at java.base/java.lang.reflect.Constructor.newInstanceWithCaller(Constructor.java:500)
at java.base/java.lang.reflect.Constructor.newInstance(Constructor.java:484)
at org.openqa.selenium.remote.codec.w3c.W3CHttpResponseCodec.createException(W3CHttpResponseCodec.java:200)
at org.openqa.selenium.remote.codec.w3c.W3CHttpResponseCodec.decode(W3CHttpResponseCodec.java:133)
at org.openqa.selenium.remote.codec.w3c.W3CHttpResponseCodec.decode(W3CHttpResponseCodec.java:52)
at org.openqa.selenium.remote.HttpCommandExecutor.execute(HttpCommandExecutor.java:191)
at org.openqa.selenium.remote.service.DriverCommandExecutor.invokeExecute(DriverCommandExecutor.java:196)
at org.openqa.selenium.remote.service.DriverCommandExecutor.execute(DriverCommandExecutor.java:171)
at org.openqa.selenium.remote.RemoteWebDriver.execute(RemoteWebDriver.java:518)
at org.openqa.selenium.remote.RemoteWebElement.execute(RemoteWebElement.java:224)
at org.openqa.selenium.remote.RemoteWebElement.sendKeys(RemoteWebElement.java:111)
at Modules.StudentFields.enterPassword(StudentFields.java:102)
at stepDefinitions.StudentModule.enter_the_valid_crendials_like(StudentModule.java:68)
at ✽.Enter the valid crendials like "Students - 001","Students001","123456789","students1@gmail.com","12/05/2024","1235678","13/04/2000","12345","30","dsfdvs","dgsgsgsdgbx","opjnp","7451100","dsssdsf".(file:///C:/Users/dinesh/eclipse-workspace/Colleges/src/test/java/features/College8_Student.feature:20)
]]>
    </error>
  </testcase> <!-- runScenario -->
  <testcase classname="runner.TestNGRunner" name="runScenario" time="5.406"/>
  <testcase classname="runner.TestNGRunner" name="runScenario" time="3.901"/>
  <testcase classname="runner.TestNGRunner" name="runScenario" time="6.818"/>
  <testcase classname="runner.TestNGRunner" name="runScenario" time="3.927"/>
  <testcase classname="runner.TestNGRunner" name="runScenario" time="3.189"/>
  <testcase classname="runner.TestNGRunner" name="runScenario" time="5.991"/>
  <testcase classname="runner.TestNGRunner" name="runScenario" time="5.619"/>
  <testcase classname="runner.TestNGRunner" name="runScenario" time="3.185"/>
  <testcase classname="runner.TestNGRunner" name="runScenario" time="13.193">
    <error message="BugException" type="java.lang.Exception">
      <![CDATA[java.lang.Exception: BugException
at stepDefinitions.BranchModule.it_need_to_show_error_message(BranchModule.java:195)
at ✽.It need to show error message.(file:///C:/Users/dinesh/eclipse-workspace/Colleges/src/test/java/features/College1_Branch.feature:45)
]]>
    </error>
  </testcase> <!-- runScenario -->
  <testcase classname="runner.TestNGRunner" name="runScenario" time="3.635"/>
  <testcase classname="runner.TestNGRunner" name="runScenario" time="10.339"/>
  <testcase classname="runner.TestNGRunner" name="runScenario" time="3.166"/>
  <testcase classname="runner.TestNGRunner" name="runScenario" time="12.628">
    <error message="Error message didn&#039;t throw in support page" type="java.lang.Exception">
      <![CDATA[java.lang.Exception: Error message didn't throw in support page
at stepDefinitions.SupportModule.check_how_its_behave_in_support_page(SupportModule.java:112)
at ✽.Check how its behave in support page.(file:///C:/Users/dinesh/eclipse-workspace/Colleges/src/test/java/features/College11_Support.feature:25)
]]>
    </error>
  </testcase> <!-- runScenario -->
  <testcase classname="runner.TestNGRunner" name="runScenario" time="3.183"/>
  <testcase classname="runner.TestNGRunner" name="runScenario" time="10.610">
    <error message="Permission Validation Must" type="java.lang.Exception">
      <![CDATA[java.lang.Exception: Permission Validation Must
at stepDefinitions.AdminModule.if_it_allow_it_s_bug(AdminModule.java:217)
at ✽.If it allow its bug.(file:///C:/Users/dinesh/eclipse-workspace/Colleges/src/test/java/features/College10_Admin.feature:60)
]]>
    </error>
  </testcase> <!-- runScenario -->
  <testcase classname="runner.TestNGRunner" name="runScenario" time="14.029"/>
  <testcase classname="runner.TestNGRunner" name="runScenario" time="13.954">
    <error message="BugException" type="java.lang.Exception">
      <![CDATA[java.lang.Exception: BugException
at stepDefinitions.FacultyModule.it_need_to_shows_error_message(FacultyModule.java:176)
at ✽.It need to shows error message.(file:///C:/Users/dinesh/eclipse-workspace/Colleges/src/test/java/features/College3_Faculty.feature:40)
]]>
    </error>
  </testcase> <!-- runScenario -->
  <testcase classname="runner.TestNGRunner" name="runScenario" time="3.120"/>
  <testcase classname="runner.TestNGRunner" name="runScenario" time="3.139"/>
  <testcase classname="runner.TestNGRunner" name="runScenario" time="10.467">
    <error message="Existing Time and date doesn&#039;t want to shows" type="java.lang.Exception">
      <![CDATA[java.lang.Exception: Existing Time and date doesn't want to shows
at stepDefinitions.ExamModule.throw_errors(ExamModule.java:221)
at ✽.Throw Errors.(file:///C:/Users/dinesh/eclipse-workspace/Colleges/src/test/java/features/College12_Exam.feature:34)
]]>
    </error>
  </testcase> <!-- runScenario -->
  <testcase classname="runner.TestNGRunner" name="runScenario" time="13.258"/>
  <testcase classname="runner.TestNGRunner" name="runScenario" time="3.627">
    <error message="It created one data" type="java.lang.Exception">
      <![CDATA[java.lang.Exception: It created one data
at stepDefinitions.AcademicModule.click_the_submit_and_add_button(AcademicModule.java:236)
at ✽.Click the submit and add button.(file:///C:/Users/dinesh/eclipse-workspace/Colleges/src/test/java/features/College5_Academic.feature:41)
]]>
    </error>
  </testcase> <!-- runScenario -->
  <testcase classname="runner.TestNGRunner" name="runScenario" time="3.179"/>
  <testcase classname="runner.TestNGRunner" name="runScenario" time="3.758">
    <error message="Deleted Not Successfuly" type="java.lang.Exception">
      <![CDATA[java.lang.Exception: Deleted Not Successfuly
at stepDefinitions.CourseModule.check_deleted_data_is_showing_or_not(CourseModule.java:205)
at ✽.Check deleted data is showing or not.(file:///C:/Users/dinesh/eclipse-workspace/Colleges/src/test/java/features/College6_Course.feature:50)
]]>
    </error>
  </testcase> <!-- runScenario -->
  <testcase classname="runner.TestNGRunner" name="runScenario" time="5.952">
    <error message="FacID is possible to able to clear" type="java.lang.Exception">
      <![CDATA[java.lang.Exception: FacID is possible to able to clear
at stepDefinitions.SubjectModule.user_can_able_to_clear_fac_id_or_not(SubjectModule.java:94)
at ✽.User can able to clear facID or not.(file:///C:/Users/dinesh/eclipse-workspace/Colleges/src/test/java/features/College4_Subject.feature:21)
]]>
    </error>
  </testcase> <!-- runScenario -->
  <testcase classname="runner.TestNGRunner" name="runScenario" time="7.882"/>
  <testcase classname="runner.TestNGRunner" name="runScenario" time="3.185"/>
  <testcase classname="runner.TestNGRunner" name="runScenario" time="5.058"/>
  <testcase classname="runner.TestNGRunner" name="runScenario" time="7.564">
    <error message="User can able to clear ID data in Section" type="java.lang.Exception">
      <![CDATA[java.lang.Exception: User can able to clear ID data in Section
at stepDefinitions.SectionModule.check_it_allow_or_not_in_section_menu(SectionModule.java:131)
at ✽.Check it allow or not in section menu.(file:///C:/Users/dinesh/eclipse-workspace/Colleges/src/test/java/features/College7_Secyion.feature:35)
]]>
    </error>
  </testcase> <!-- runScenario -->
  <testcase classname="runner.TestNGRunner" name="runScenario" time="14.806"/>
  <testcase classname="runner.TestNGRunner" name="runScenario" time="10.164"/>
  <testcase classname="runner.TestNGRunner" name="runScenario" time="3.703">
    <error message="Validation Must in Email,Mobile No,Pincode" type="java.lang.Exception">
      <![CDATA[java.lang.Exception: Validation Must in Email,Mobile No,Pincode
at stepDefinitions.StudentModule.enter_the_negative_values_in_email_mobile_no_pincode_etc(StudentModule.java:251)
at ✽.Enter the negative values in email,mobile no,pincode etc..(file:///C:/Users/dinesh/eclipse-workspace/Colleges/src/test/java/features/College8_Student.feature:53)
]]>
    </error>
  </testcase> <!-- runScenario -->
  <testcase classname="runner.TestNGRunner" name="runScenario" time="5.080"/>
  <testcase classname="runner.TestNGRunner" name="runScenario" time="4.394">
    <failure message="expected [Enter the credentials] but found [please upload the student data]" type="java.lang.AssertionError">
      <![CDATA[java.lang.AssertionError: expected [Enter the credentials] but found [please upload the student data]
at org.testng.Assert.fail(Assert.java:111)
at org.testng.Assert.failNotEquals(Assert.java:1578)
at org.testng.Assert.assertEqualsImpl(Assert.java:150)
at org.testng.Assert.assertEquals(Assert.java:132)
at org.testng.Assert.assertEquals(Assert.java:656)
at org.testng.Assert.assertEquals(Assert.java:666)
at stepDefinitions.SupportModule.check_how_it_behave_in_support_page_whether_it_shows_error_message_or_not(SupportModule.java:95)
at ✽.Check how it behave in support page whether it shows error message or not.(file:///C:/Users/dinesh/eclipse-workspace/Colleges/src/test/java/features/College11_Support.feature:20)
]]>
    </failure>
  </testcase> <!-- runScenario -->
  <testcase classname="runner.TestNGRunner" name="runScenario" time="3.808"/>
  <testcase classname="runner.TestNGRunner" name="runScenario" time="6.571"/>
  <testcase classname="runner.TestNGRunner" name="runScenario" time="15.484"/>
  <testcase classname="runner.TestNGRunner" name="runScenario" time="0.005"/>
  <testcase classname="runner.TestNGRunner" name="runScenario" time="3.646"/>
  <testcase classname="runner.TestNGRunner" name="runScenario" time="3.690">
    <failure message="expected [iuvvs] but found [ga]" type="java.lang.AssertionError">
      <![CDATA[java.lang.AssertionError: expected [iuvvs] but found [ga]
at org.testng.Assert.fail(Assert.java:111)
at org.testng.Assert.failNotEquals(Assert.java:1578)
at org.testng.Assert.assertEqualsImpl(Assert.java:150)
at org.testng.Assert.assertEquals(Assert.java:132)
at org.testng.Assert.assertEquals(Assert.java:656)
at org.testng.Assert.assertEquals(Assert.java:666)
at stepDefinitions.BranchModule1.check_the_values_present_in_all_fields(BranchModule1.java:53)
at ✽.Check the values present in all fields.(file:///C:/Users/dinesh/eclipse-workspace/Colleges/src/test/java/features/College2_Branch1.feature:18)
]]>
    </failure>
  </testcase> <!-- runScenario -->
  <testcase classname="runner.TestNGRunner" name="runScenario" time="7.532">
    <error message="Negative Values allow in section ID fields" type="java.lang.Exception">
      <![CDATA[java.lang.Exception: Negative Values allow in section ID fields
at stepDefinitions.SectionModule.check_the_if_the_data_is_present_throw_bugs(SectionModule.java:163)
at ✽.Check the if the data is present throw bugs.(file:///C:/Users/dinesh/eclipse-workspace/Colleges/src/test/java/features/College7_Secyion.feature:41)
]]>
    </error>
  </testcase> <!-- runScenario -->
  <testcase classname="runner.TestNGRunner" name="runScenario" time="3.709"/>
  <testcase classname="runner.TestNGRunner" name="runScenario" time="3.720">
    <error message="All VAlues didn&#039;t shows" type="java.lang.Exception">
      <![CDATA[java.lang.Exception: All VAlues didn't shows
at stepDefinitions.HomePageDefinitions.check_all_values_showing_or_not_in_profile_view(HomePageDefinitions.java:173)
at ✽.Check all values showing or not in profile view.(file:///C:/Users/dinesh/eclipse-workspace/Colleges/src/test/java/features/College_HomePage.feature:31)
]]>
    </error>
  </testcase> <!-- runScenario -->
  <testcase classname="runner.TestNGRunner" name="runScenario" time="5.009"/>
  <testcase classname="runner.TestNGRunner" name="runScenario" time="4.784"/>
  <testcase classname="runner.TestNGRunner" name="runScenario" time="16.475">
    <error message="element not interactable
  (Session info: chrome=124.0.6367.61)
Build info: version: &#039;4.11.0&#039;, revision: &#039;040bc5406b&#039;
System info: os.name: &#039;Windows 11&#039;, os.arch: &#039;amd64&#039;, os.version: &#039;10.0&#039;, java.version: &#039;19.0.1&#039;
Driver info: org.openqa.selenium.chrome.ChromeDriver
Command: [0067425f0059993f52110b1ae4946d3d, sendKeysToElement {id=f.3D74283AE8B34204E6B60E55EFEE4D53.d.C281C25CBDA4651702B7428ABC4B086F.e.54, value=[Ljava.lang.CharSequence;@62c462e}]
Capabilities {acceptInsecureCerts: false, browserName: chrome, browserVersion: 124.0.6367.61, chrome: {chromedriverVersion: 124.0.6367.60 (8771130bd84f..., userDataDir: C:\Users\dinesh\AppData\Loc...}, fedcm:accounts: true, goog:chromeOptions: {debuggerAddress: localhost:62749}, networkConnectionEnabled: false, pageLoadStrategy: normal, platformName: windows, proxy: Proxy(), se:cdp: ws://localhost:62749/devtoo..., se:cdpVersion: 124.0.6367.61, setWindowRect: true, strictFileInteractability: false, timeouts: {implicit: 0, pageLoad: 300000, script: 30000}, unhandledPromptBehavior: dismiss and notify, webauthn:extension:credBlob: true, webauthn:extension:largeBlob: true, webauthn:extension:minPinLength: true, webauthn:extension:prf: true, webauthn:virtualAuthenticators: true}
Element: [[ChromeDriver: chrome on windows (0067425f0059993f52110b1ae4946d3d)] -&gt; xpath: //input[@name=&#039;mobileNumber&#039;]]
Session ID: 0067425f0059993f52110b1ae4946d3d" type="org.openqa.selenium.ElementNotInteractableException">
      <![CDATA[org.openqa.selenium.ElementNotInteractableException: element not interactable
  (Session info: chrome=124.0.6367.61)
Build info: version: '4.11.0', revision: '040bc5406b'
System info: os.name: 'Windows 11', os.arch: 'amd64', os.version: '10.0', java.version: '19.0.1'
Driver info: org.openqa.selenium.chrome.ChromeDriver
Command: [0067425f0059993f52110b1ae4946d3d, sendKeysToElement {id=f.3D74283AE8B34204E6B60E55EFEE4D53.d.C281C25CBDA4651702B7428ABC4B086F.e.54, value=[Ljava.lang.CharSequence;@62c462e}]
Capabilities {acceptInsecureCerts: false, browserName: chrome, browserVersion: 124.0.6367.61, chrome: {chromedriverVersion: 124.0.6367.60 (8771130bd84f..., userDataDir: C:\Users\dinesh\AppData\Loc...}, fedcm:accounts: true, goog:chromeOptions: {debuggerAddress: localhost:62749}, networkConnectionEnabled: false, pageLoadStrategy: normal, platformName: windows, proxy: Proxy(), se:cdp: ws://localhost:62749/devtoo..., se:cdpVersion: 124.0.6367.61, setWindowRect: true, strictFileInteractability: false, timeouts: {implicit: 0, pageLoad: 300000, script: 30000}, unhandledPromptBehavior: dismiss and notify, webauthn:extension:credBlob: true, webauthn:extension:largeBlob: true, webauthn:extension:minPinLength: true, webauthn:extension:prf: true, webauthn:virtualAuthenticators: true}
Element: [[ChromeDriver: chrome on windows (0067425f0059993f52110b1ae4946d3d)] -> xpath: //input[@name='mobileNumber']]
Session ID: 0067425f0059993f52110b1ae4946d3d
at java.base/jdk.internal.reflect.DirectConstructorHandleAccessor.newInstance(DirectConstructorHandleAccessor.java:67)
at java.base/java.lang.reflect.Constructor.newInstanceWithCaller(Constructor.java:500)
at java.base/java.lang.reflect.Constructor.newInstance(Constructor.java:484)
at org.openqa.selenium.remote.codec.w3c.W3CHttpResponseCodec.createException(W3CHttpResponseCodec.java:200)
at org.openqa.selenium.remote.codec.w3c.W3CHttpResponseCodec.decode(W3CHttpResponseCodec.java:133)
at org.openqa.selenium.remote.codec.w3c.W3CHttpResponseCodec.decode(W3CHttpResponseCodec.java:52)
at org.openqa.selenium.remote.HttpCommandExecutor.execute(HttpCommandExecutor.java:191)
at org.openqa.selenium.remote.service.DriverCommandExecutor.invokeExecute(DriverCommandExecutor.java:196)
at org.openqa.selenium.remote.service.DriverCommandExecutor.execute(DriverCommandExecutor.java:171)
at org.openqa.selenium.remote.RemoteWebDriver.execute(RemoteWebDriver.java:518)
at org.openqa.selenium.remote.RemoteWebElement.execute(RemoteWebElement.java:224)
at org.openqa.selenium.remote.RemoteWebElement.sendKeys(RemoteWebElement.java:111)
at Modules.StudentFields.enterMobile(StudentFields.java:96)
at stepDefinitions.StudentModule.enter_the_valid_crendials_like(StudentModule.java:62)
at ✽.Enter the valid crendials like "Students - 001","Students001","123456789","students1@gmail.com","12/05/2024","1235678","13/04/2000","12345","30","dsfdvs","dgsgsgsdgbx","opjnp","7451100","dsssdsf".(file:///C:/Users/dinesh/eclipse-workspace/Colleges/src/test/java/features/College8_Student.feature:8)
]]>
    </error>
  </testcase> <!-- runScenario -->
  <testcase classname="runner.TestNGRunner" name="runScenario" time="5.092"/>
  <testcase classname="runner.TestNGRunner" name="runScenario" time="3.199"/>
  <testcase classname="runner.TestNGRunner" name="runScenario" time="4.901">
    <error message="element not interactable
  (Session info: chrome=124.0.6367.61)
Build info: version: &#039;4.11.0&#039;, revision: &#039;040bc5406b&#039;
System info: os.name: &#039;Windows 11&#039;, os.arch: &#039;amd64&#039;, os.version: &#039;10.0&#039;, java.version: &#039;19.0.1&#039;
Driver info: org.openqa.selenium.chrome.ChromeDriver
Command: [42da47f6f9581dc43824e8c6f8c1f321, sendKeysToElement {id=f.BDE6F9350C1603B1B9DD120FCC29A79A.d.096FEDA5E228ABC0914F8B176A17AE63.e.48, value=[Ljava.lang.CharSequence;@29deeaea}]
Capabilities {acceptInsecureCerts: false, browserName: chrome, browserVersion: 124.0.6367.61, chrome: {chromedriverVersion: 124.0.6367.60 (8771130bd84f..., userDataDir: C:\Users\dinesh\AppData\Loc...}, fedcm:accounts: true, goog:chromeOptions: {debuggerAddress: localhost:63261}, networkConnectionEnabled: false, pageLoadStrategy: normal, platformName: windows, proxy: Proxy(), se:cdp: ws://localhost:63261/devtoo..., se:cdpVersion: 124.0.6367.61, setWindowRect: true, strictFileInteractability: false, timeouts: {implicit: 0, pageLoad: 300000, script: 30000}, unhandledPromptBehavior: dismiss and notify, webauthn:extension:credBlob: true, webauthn:extension:largeBlob: true, webauthn:extension:minPinLength: true, webauthn:extension:prf: true, webauthn:virtualAuthenticators: true}
Element: [[ChromeDriver: chrome on windows (42da47f6f9581dc43824e8c6f8c1f321)] -&gt; xpath: //input[@name=&#039;contactEmailId&#039;]]
Session ID: 42da47f6f9581dc43824e8c6f8c1f321" type="org.openqa.selenium.ElementNotInteractableException">
      <![CDATA[org.openqa.selenium.ElementNotInteractableException: element not interactable
  (Session info: chrome=124.0.6367.61)
Build info: version: '4.11.0', revision: '040bc5406b'
System info: os.name: 'Windows 11', os.arch: 'amd64', os.version: '10.0', java.version: '19.0.1'
Driver info: org.openqa.selenium.chrome.ChromeDriver
Command: [42da47f6f9581dc43824e8c6f8c1f321, sendKeysToElement {id=f.BDE6F9350C1603B1B9DD120FCC29A79A.d.096FEDA5E228ABC0914F8B176A17AE63.e.48, value=[Ljava.lang.CharSequence;@29deeaea}]
Capabilities {acceptInsecureCerts: false, browserName: chrome, browserVersion: 124.0.6367.61, chrome: {chromedriverVersion: 124.0.6367.60 (8771130bd84f..., userDataDir: C:\Users\dinesh\AppData\Loc...}, fedcm:accounts: true, goog:chromeOptions: {debuggerAddress: localhost:63261}, networkConnectionEnabled: false, pageLoadStrategy: normal, platformName: windows, proxy: Proxy(), se:cdp: ws://localhost:63261/devtoo..., se:cdpVersion: 124.0.6367.61, setWindowRect: true, strictFileInteractability: false, timeouts: {implicit: 0, pageLoad: 300000, script: 30000}, unhandledPromptBehavior: dismiss and notify, webauthn:extension:credBlob: true, webauthn:extension:largeBlob: true, webauthn:extension:minPinLength: true, webauthn:extension:prf: true, webauthn:virtualAuthenticators: true}
Element: [[ChromeDriver: chrome on windows (42da47f6f9581dc43824e8c6f8c1f321)] -> xpath: //input[@name='contactEmailId']]
Session ID: 42da47f6f9581dc43824e8c6f8c1f321
at java.base/jdk.internal.reflect.DirectConstructorHandleAccessor.newInstance(DirectConstructorHandleAccessor.java:67)
at java.base/java.lang.reflect.Constructor.newInstanceWithCaller(Constructor.java:500)
at java.base/java.lang.reflect.Constructor.newInstance(Constructor.java:484)
at org.openqa.selenium.remote.codec.w3c.W3CHttpResponseCodec.createException(W3CHttpResponseCodec.java:200)
at org.openqa.selenium.remote.codec.w3c.W3CHttpResponseCodec.decode(W3CHttpResponseCodec.java:133)
at org.openqa.selenium.remote.codec.w3c.W3CHttpResponseCodec.decode(W3CHttpResponseCodec.java:52)
at org.openqa.selenium.remote.HttpCommandExecutor.execute(HttpCommandExecutor.java:191)
at org.openqa.selenium.remote.service.DriverCommandExecutor.invokeExecute(DriverCommandExecutor.java:196)
at org.openqa.selenium.remote.service.DriverCommandExecutor.execute(DriverCommandExecutor.java:171)
at org.openqa.selenium.remote.RemoteWebDriver.execute(RemoteWebDriver.java:518)
at org.openqa.selenium.remote.RemoteWebElement.execute(RemoteWebElement.java:224)
at org.openqa.selenium.remote.RemoteWebElement.sendKeys(RemoteWebElement.java:111)
at stepDefinitions.AnnouncementModule.user_enter_the_all_credentials(AnnouncementModule.java:50)
at ✽.User enter the all credentials(file:///C:/Users/dinesh/eclipse-workspace/Colleges/src/test/java/features/College9_Announcement.feature:8)
]]>
    </error>
  </testcase> <!-- runScenario -->
  <testcase classname="runner.TestNGRunner" name="runScenario" time="2.901"/>
  <testcase classname="runner.TestNGRunner" name="runScenario" time="3.705">
    <failure message="expected [iuvvs] but found [ga]" type="java.lang.AssertionError">
      <![CDATA[java.lang.AssertionError: expected [iuvvs] but found [ga]
at org.testng.Assert.fail(Assert.java:111)
at org.testng.Assert.failNotEquals(Assert.java:1578)
at org.testng.Assert.assertEqualsImpl(Assert.java:150)
at org.testng.Assert.assertEquals(Assert.java:132)
at org.testng.Assert.assertEquals(Assert.java:656)
at org.testng.Assert.assertEquals(Assert.java:666)
at stepDefinitions.BranchModule1.check1(BranchModule1.java:66)
at ✽.Check the value present in all fields.(file:///C:/Users/dinesh/eclipse-workspace/Colleges/src/test/java/features/College2_Branch1.feature:23)
]]>
    </failure>
  </testcase> <!-- runScenario -->
  <testcase classname="runner.TestNGRunner" name="runScenario" time="6.093">
    <failure message="expected [Invalid Mobile Number] but found [Profile updated successfully]" type="java.lang.AssertionError">
      <![CDATA[java.lang.AssertionError: expected [Invalid Mobile Number] but found [Profile updated successfully]
at org.testng.Assert.fail(Assert.java:111)
at org.testng.Assert.failNotEquals(Assert.java:1578)
at org.testng.Assert.assertEqualsImpl(Assert.java:150)
at org.testng.Assert.assertEquals(Assert.java:132)
at org.testng.Assert.assertEquals(Assert.java:656)
at org.testng.Assert.assertEquals(Assert.java:666)
at stepDefinitions.HomePageDefinitions.click_submit_icon_if_its_allow_there_is_a_bug(HomePageDefinitions.java:146)
at ✽.Click Submit icon  if its allow there is a bug.(file:///C:/Users/dinesh/eclipse-workspace/Colleges/src/test/java/features/College_HomePage.feature:22)
]]>
    </failure>
  </testcase> <!-- runScenario -->
  <testcase classname="runner.TestNGRunner" name="runScenario" time="3.179"/>
  <testcase classname="runner.TestNGRunner" name="runScenario" time="15.762">
    <error message="Set limit video mb" type="java.lang.Exception">
      <![CDATA[java.lang.Exception: Set limit video mb
at stepDefinitions.SupportModule.check_whether_the_videos_has_been_upload_oe_not(SupportModule.java:131)
at ✽.Check whether the videos has been upload oe not.(file:///C:/Users/dinesh/eclipse-workspace/Colleges/src/test/java/features/College11_Support.feature:30)
]]>
    </error>
  </testcase> <!-- runScenario -->
  <testcase classname="runner.TestNGRunner" name="runScenario" time="4.255">
    <error message="Error Message didn&#039;t show" type="java.lang.Exception">
      <![CDATA[java.lang.Exception: Error Message didn't show
at stepDefinitions.SubjectModule.error_message_showing_or_not_in_subject_page(SubjectModule.java:85)
at ✽.Error Message showing or not in subject page.(file:///C:/Users/dinesh/eclipse-workspace/Colleges/src/test/java/features/College4_Subject.feature:16)
]]>
    </error>
  </testcase> <!-- runScenario -->
  <testcase classname="runner.TestNGRunner" name="runScenario" time="2.901"/>
  <testcase classname="runner.TestNGRunner" name="runScenario" time="3.155"/>
  <testcase classname="runner.TestNGRunner" name="runScenario" time="14.694">
    <error message="DateValidationMustInDOB" type="java.lang.Exception">
      <![CDATA[java.lang.Exception: DateValidationMustInDOB
at stepDefinitions.FacultyModule.check_the_condition_is_true_or_false(FacultyModule.java:166)
at ✽.Check the condition is True or False.(file:///C:/Users/dinesh/eclipse-workspace/Colleges/src/test/java/features/College3_Faculty.feature:34)
]]>
    </error>
  </testcase> <!-- runScenario -->
  <testcase classname="runner.TestNGRunner" name="runScenario" time="3.188"/>
  <testcase classname="runner.TestNGRunner" name="runScenario" time="3.181"/>
  <testcase classname="runner.TestNGRunner" name="runScenario" time="4.647"/>
  <testcase classname="runner.TestNGRunner" name="runScenario" time="13.002">
    <error message="stale element reference: stale element not found in the current frame
  (Session info: chrome=124.0.6367.61)
For documentation on this error, please visit: https://www.selenium.dev/documentation/webdriver/troubleshooting/errors#stale-element-reference-exception
Build info: version: &#039;4.11.0&#039;, revision: &#039;040bc5406b&#039;
System info: os.name: &#039;Windows 11&#039;, os.arch: &#039;amd64&#039;, os.version: &#039;10.0&#039;, java.version: &#039;19.0.1&#039;
Driver info: org.openqa.selenium.chrome.ChromeDriver
Command: [aa905bfbc101ee3dbf8e5280956e91bf, clickElement {id=f.600B02191EF1242C6F1591DFFBDF7497.d.DC7E1BA9ADEE01A7D0AD9635BB8E8A54.e.83}]
Capabilities {acceptInsecureCerts: false, browserName: chrome, browserVersion: 124.0.6367.61, chrome: {chromedriverVersion: 124.0.6367.60 (8771130bd84f..., userDataDir: C:\Users\dinesh\AppData\Loc...}, fedcm:accounts: true, goog:chromeOptions: {debuggerAddress: localhost:60793}, networkConnectionEnabled: false, pageLoadStrategy: normal, platformName: windows, proxy: Proxy(), se:cdp: ws://localhost:60793/devtoo..., se:cdpVersion: 124.0.6367.61, setWindowRect: true, strictFileInteractability: false, timeouts: {implicit: 0, pageLoad: 300000, script: 30000}, unhandledPromptBehavior: dismiss and notify, webauthn:extension:credBlob: true, webauthn:extension:largeBlob: true, webauthn:extension:minPinLength: true, webauthn:extension:prf: true, webauthn:virtualAuthenticators: true}
Element: [[ChromeDriver: chrome on windows (aa905bfbc101ee3dbf8e5280956e91bf)] -&gt; xpath: /html/body/div/div/div[1]/div[2]/div[2]/div/form/div[1]/label/span/div]
Session ID: aa905bfbc101ee3dbf8e5280956e91bf" type="org.openqa.selenium.StaleElementReferenceException">
      <![CDATA[org.openqa.selenium.StaleElementReferenceException: stale element reference: stale element not found in the current frame
  (Session info: chrome=124.0.6367.61)
For documentation on this error, please visit: https://www.selenium.dev/documentation/webdriver/troubleshooting/errors#stale-element-reference-exception
Build info: version: '4.11.0', revision: '040bc5406b'
System info: os.name: 'Windows 11', os.arch: 'amd64', os.version: '10.0', java.version: '19.0.1'
Driver info: org.openqa.selenium.chrome.ChromeDriver
Command: [aa905bfbc101ee3dbf8e5280956e91bf, clickElement {id=f.600B02191EF1242C6F1591DFFBDF7497.d.DC7E1BA9ADEE01A7D0AD9635BB8E8A54.e.83}]
Capabilities {acceptInsecureCerts: false, browserName: chrome, browserVersion: 124.0.6367.61, chrome: {chromedriverVersion: 124.0.6367.60 (8771130bd84f..., userDataDir: C:\Users\dinesh\AppData\Loc...}, fedcm:accounts: true, goog:chromeOptions: {debuggerAddress: localhost:60793}, networkConnectionEnabled: false, pageLoadStrategy: normal, platformName: windows, proxy: Proxy(), se:cdp: ws://localhost:60793/devtoo..., se:cdpVersion: 124.0.6367.61, setWindowRect: true, strictFileInteractability: false, timeouts: {implicit: 0, pageLoad: 300000, script: 30000}, unhandledPromptBehavior: dismiss and notify, webauthn:extension:credBlob: true, webauthn:extension:largeBlob: true, webauthn:extension:minPinLength: true, webauthn:extension:prf: true, webauthn:virtualAuthenticators: true}
Element: [[ChromeDriver: chrome on windows (aa905bfbc101ee3dbf8e5280956e91bf)] -> xpath: /html/body/div/div/div[1]/div[2]/div[2]/div/form/div[1]/label/span/div]
Session ID: aa905bfbc101ee3dbf8e5280956e91bf
at java.base/jdk.internal.reflect.DirectConstructorHandleAccessor.newInstance(DirectConstructorHandleAccessor.java:67)
at java.base/java.lang.reflect.Constructor.newInstanceWithCaller(Constructor.java:500)
at java.base/java.lang.reflect.Constructor.newInstance(Constructor.java:484)
at org.openqa.selenium.remote.codec.w3c.W3CHttpResponseCodec.createException(W3CHttpResponseCodec.java:200)
at org.openqa.selenium.remote.codec.w3c.W3CHttpResponseCodec.decode(W3CHttpResponseCodec.java:133)
at org.openqa.selenium.remote.codec.w3c.W3CHttpResponseCodec.decode(W3CHttpResponseCodec.java:52)
at org.openqa.selenium.remote.HttpCommandExecutor.execute(HttpCommandExecutor.java:191)
at org.openqa.selenium.remote.service.DriverCommandExecutor.invokeExecute(DriverCommandExecutor.java:196)
at org.openqa.selenium.remote.service.DriverCommandExecutor.execute(DriverCommandExecutor.java:171)
at org.openqa.selenium.remote.RemoteWebDriver.execute(RemoteWebDriver.java:518)
at org.openqa.selenium.remote.RemoteWebElement.execute(RemoteWebElement.java:224)
at org.openqa.selenium.remote.RemoteWebElement.click(RemoteWebElement.java:77)
at Modules.BranchFields.uploadImage(BranchFields.java:49)
at stepDefinitions.BranchModule.enter_the_all_credentials_like1(BranchModule.java:144)
at ✽.Enter the all credentials like "afdd" "gds231" "fda@gamil.com" "89900" "78789" "12345" "iuhj" "jbnn" "jhjk" "bnkm" "76778" "76889"(file:///C:/Users/dinesh/eclipse-workspace/Colleges/src/test/java/features/College1_Branch.feature:33)
]]>
    </error>
  </testcase> <!-- runScenario -->
  <testcase classname="runner.TestNGRunner" name="runScenario" time="5.144"/>
  <testcase classname="runner.TestNGRunner" name="runScenario" time="3.328">
    <error message="Values didn&#039;t shows" type="java.lang.Exception">
      <![CDATA[java.lang.Exception: Values didn't shows
at stepDefinitions.AcademicModule.check_all_the_values_present_or_not(AcademicModule.java:248)
at ✽.check all the values present or not.(file:///C:/Users/dinesh/eclipse-workspace/Colleges/src/test/java/features/College5_Academic.feature:45)
]]>
    </error>
  </testcase> <!-- runScenario -->
  <testcase classname="runner.TestNGRunner" name="runScenario" time="4.086"/>
  <testcase classname="runner.TestNGRunner" name="runScenario" time="3.116"/>
  <testcase classname="runner.TestNGRunner" name="runScenario" time="3.716">
    <failure message="expected [false] but found [true]" type="java.lang.AssertionError">
      <![CDATA[java.lang.AssertionError: expected [false] but found [true]
at org.testng.Assert.fail(Assert.java:111)
at org.testng.Assert.failNotEquals(Assert.java:1578)
at org.testng.Assert.assertEqualsImpl(Assert.java:150)
at org.testng.Assert.assertEquals(Assert.java:132)
at org.testng.Assert.assertEquals(Assert.java:1067)
at org.testng.Assert.assertEquals(Assert.java:1031)
at org.testng.Assert.assertEquals(Assert.java:1077)
at stepDefinitions.HomePageDefinitions.user_can_able_to_edit_the_password_and_email_fields(HomePageDefinitions.java:115)
at ✽.User can able to edit the  password and email fields(file:///C:/Users/dinesh/eclipse-workspace/Colleges/src/test/java/features/College_HomePage.feature:16)
]]>
    </failure>
  </testcase> <!-- runScenario -->
  <testcase classname="runner.TestNGRunner" name="runScenario" time="10.217"/>
  <testcase classname="runner.TestNGRunner" name="runScenario" time="14.318"/>
  <testcase classname="runner.TestNGRunner" name="runScenario" time="13.027"/>
  <testcase classname="runner.TestNGRunner" name="runScenario" time="5.550"/>
  <testcase classname="runner.TestNGRunner" name="runScenario" time="12.209"/>
  <testcase classname="runner.TestNGRunner" name="runScenario" time="36.055">
    <error message="no such element: Unable to locate element: {&quot;method&quot;:&quot;xpath&quot;,&quot;selector&quot;:&quot;//button[@id=&#039;pagination-last-page&#039;]&quot;}
  (Session info: chrome=124.0.6367.61)
For documentation on this error, please visit: https://www.selenium.dev/documentation/webdriver/troubleshooting/errors#no-such-element-exception
Build info: version: &#039;4.11.0&#039;, revision: &#039;040bc5406b&#039;
System info: os.name: &#039;Windows 11&#039;, os.arch: &#039;amd64&#039;, os.version: &#039;10.0&#039;, java.version: &#039;19.0.1&#039;
Driver info: org.openqa.selenium.chrome.ChromeDriver
Command: [f64557270154d3cbdce877aebd2ef341, findElement {using=xpath, value=//button[@id=&#039;pagination-last-page&#039;]}]
Capabilities {acceptInsecureCerts: false, browserName: chrome, browserVersion: 124.0.6367.61, chrome: {chromedriverVersion: 124.0.6367.60 (8771130bd84f..., userDataDir: C:\Users\dinesh\AppData\Loc...}, fedcm:accounts: true, goog:chromeOptions: {debuggerAddress: localhost:62955}, networkConnectionEnabled: false, pageLoadStrategy: normal, platformName: windows, proxy: Proxy(), se:cdp: ws://localhost:62955/devtoo..., se:cdpVersion: 124.0.6367.61, setWindowRect: true, strictFileInteractability: false, timeouts: {implicit: 0, pageLoad: 300000, script: 30000}, unhandledPromptBehavior: dismiss and notify, webauthn:extension:credBlob: true, webauthn:extension:largeBlob: true, webauthn:extension:minPinLength: true, webauthn:extension:prf: true, webauthn:virtualAuthenticators: true}
Session ID: f64557270154d3cbdce877aebd2ef341" type="org.openqa.selenium.NoSuchElementException">
      <![CDATA[org.openqa.selenium.NoSuchElementException: no such element: Unable to locate element: {"method":"xpath","selector":"//button[@id='pagination-last-page']"}
  (Session info: chrome=124.0.6367.61)
For documentation on this error, please visit: https://www.selenium.dev/documentation/webdriver/troubleshooting/errors#no-such-element-exception
Build info: version: '4.11.0', revision: '040bc5406b'
System info: os.name: 'Windows 11', os.arch: 'amd64', os.version: '10.0', java.version: '19.0.1'
Driver info: org.openqa.selenium.chrome.ChromeDriver
Command: [f64557270154d3cbdce877aebd2ef341, findElement {using=xpath, value=//button[@id='pagination-last-page']}]
Capabilities {acceptInsecureCerts: false, browserName: chrome, browserVersion: 124.0.6367.61, chrome: {chromedriverVersion: 124.0.6367.60 (8771130bd84f..., userDataDir: C:\Users\dinesh\AppData\Loc...}, fedcm:accounts: true, goog:chromeOptions: {debuggerAddress: localhost:62955}, networkConnectionEnabled: false, pageLoadStrategy: normal, platformName: windows, proxy: Proxy(), se:cdp: ws://localhost:62955/devtoo..., se:cdpVersion: 124.0.6367.61, setWindowRect: true, strictFileInteractability: false, timeouts: {implicit: 0, pageLoad: 300000, script: 30000}, unhandledPromptBehavior: dismiss and notify, webauthn:extension:credBlob: true, webauthn:extension:largeBlob: true, webauthn:extension:minPinLength: true, webauthn:extension:prf: true, webauthn:virtualAuthenticators: true}
Session ID: f64557270154d3cbdce877aebd2ef341
at java.base/jdk.internal.reflect.DirectConstructorHandleAccessor.newInstance(DirectConstructorHandleAccessor.java:67)
at java.base/java.lang.reflect.Constructor.newInstanceWithCaller(Constructor.java:500)
at java.base/java.lang.reflect.Constructor.newInstance(Constructor.java:484)
at org.openqa.selenium.remote.codec.w3c.W3CHttpResponseCodec.createException(W3CHttpResponseCodec.java:200)
at org.openqa.selenium.remote.codec.w3c.W3CHttpResponseCodec.decode(W3CHttpResponseCodec.java:133)
at org.openqa.selenium.remote.codec.w3c.W3CHttpResponseCodec.decode(W3CHttpResponseCodec.java:52)
at org.openqa.selenium.remote.HttpCommandExecutor.execute(HttpCommandExecutor.java:191)
at org.openqa.selenium.remote.service.DriverCommandExecutor.invokeExecute(DriverCommandExecutor.java:196)
at org.openqa.selenium.remote.service.DriverCommandExecutor.execute(DriverCommandExecutor.java:171)
at org.openqa.selenium.remote.RemoteWebDriver.execute(RemoteWebDriver.java:518)
at org.openqa.selenium.remote.ElementLocation$ElementFinder$2.findElement(ElementLocation.java:165)
at org.openqa.selenium.remote.ElementLocation.findElement(ElementLocation.java:59)
at org.openqa.selenium.remote.RemoteWebDriver.findElement(RemoteWebDriver.java:355)
at org.openqa.selenium.remote.RemoteWebDriver.findElement(RemoteWebDriver.java:349)
at stepDefinitions.StudentModule.check_the_values_present_in_student_page_or_not(StudentModule.java:226)
at ✽.Check the values present in student page or not.(file:///C:/Users/dinesh/eclipse-workspace/Colleges/src/test/java/features/College8_Student.feature:41)
]]>
    </error>
  </testcase> <!-- runScenario -->
  <testcase classname="runner.TestNGRunner" name="runScenario" time="5.144"/>
  <testcase classname="runner.TestNGRunner" name="runScenario" time="12.675"/>
  <testcase classname="runner.TestNGRunner" name="runScenario" time="8.991"/>
  <testcase classname="runner.TestNGRunner" name="runScenario" time="3.663">
    <error message="Passqord values didn&#039;t shows" type="java.lang.Exception">
      <![CDATA[java.lang.Exception: Passqord values didn't shows
at stepDefinitions.AdminModule.check_all_values_are_present_in_admin(AdminModule.java:198)
at ✽.Check all values are present in admin(file:///C:/Users/dinesh/eclipse-workspace/Colleges/src/test/java/features/College10_Admin.feature:54)
]]>
    </error>
  </testcase> <!-- runScenario -->
  <testcase classname="runner.TestNGRunner" name="runScenario" time="18.524">
    <error message="Negative Value Accept in working days Fields" type="java.lang.Exception">
      <![CDATA[java.lang.Exception: Negative Value Accept in working days Fields
at stepDefinitions.AcademicModule.if_it_allows_throw_error(AcademicModule.java:142)
at ✽.If it allows throw error.(file:///C:/Users/dinesh/eclipse-workspace/Colleges/src/test/java/features/College5_Academic.feature:27)
]]>
    </error>
  </testcase> <!-- runScenario -->
  <testcase classname="runner.TestNGRunner" name="runScenario" time="5.900"/>
  <testcase classname="runner.TestNGRunner" name="runScenario" time="12.777"/>
  <testcase classname="runner.TestNGRunner" name="runScenario" time="5.911">
    <error message="Dont allow negative values in mark fiels" type="java.lang.Exception">
      <![CDATA[java.lang.Exception: Dont allow negative values in mark fiels
at stepDefinitions.ExamModule.check_the_error_message_shows_or_not_related_to_mark_in_exam_module(ExamModule.java:314)
at ✽.Check the error message shows or not related to mark in exam module.(file:///C:/Users/dinesh/eclipse-workspace/Colleges/src/test/java/features/College12_Exam.feature:59)
]]>
    </error>
  </testcase> <!-- runScenario -->
  <testcase classname="runner.TestNGRunner" name="runScenario" time="3.135"/>
  <testcase classname="runner.TestNGRunner" name="runScenario" time="3.756"/>
</testsuite> <!-- runner.TestNGRunner -->
