<?xml version="1.0" encoding="UTF-8"?>
<!-- Generated by org.testng.reporters.JUnitReportReporter -->
<testsuite hostname="DineshManoharan" failures="0" tests="10" name="runner.FacultyPageRunner" time="107.260" errors="3" timestamp="2024-04-10T11:38:30 IST" skipped="0">
  <testcase classname="runner.FacultyPageRunner" name="runScenario" time="4.258"/>
  <testcase classname="runner.FacultyPageRunner" name="runScenario" time="14.942">
    <error message="BugException" type="java.lang.Exception">
      <![CDATA[java.lang.Exception: BugException
at stepDefinitions.FacultyModule.it_need_to_shows_error_message(FacultyModule.java:176)
at ✽.It need to shows error message.(file:///C:/Users/dinesh/eclipse-workspace/Colleges/src/test/java/features/Faculty.feature:40)
]]>
    </error>
  </testcase> <!-- runScenario -->
  <testcase classname="runner.FacultyPageRunner" name="runScenario" time="15.776"/>
  <testcase classname="runner.FacultyPageRunner" name="runScenario" time="15.516">
    <error message="DateMandatoryFieldDidn&#039;tWork" type="java.lang.Exception">
      <![CDATA[java.lang.Exception: DateMandatoryFieldDidn'tWork
at stepDefinitions.FacultyModule.check_how_it_behaves(FacultyModule.java:133)
at ✽.Check how it behaves.(file:///C:/Users/dinesh/eclipse-workspace/Colleges/src/test/java/features/Faculty.feature:22)
]]>
    </error>
  </testcase> <!-- runScenario -->
  <testcase classname="runner.FacultyPageRunner" name="runScenario" time="19.363"/>
  <testcase classname="runner.FacultyPageRunner" name="runScenario" time="5.498"/>
  <testcase classname="runner.FacultyPageRunner" name="runScenario" time="4.917"/>
  <testcase classname="runner.FacultyPageRunner" name="runScenario" time="16.329">
    <error message="DateValidationMustInDOB" type="java.lang.Exception">
      <![CDATA[java.lang.Exception: DateValidationMustInDOB
at stepDefinitions.FacultyModule.check_the_condition_is_true_or_false(FacultyModule.java:166)
at ✽.Check the condition is True or False.(file:///C:/Users/dinesh/eclipse-workspace/Colleges/src/test/java/features/Faculty.feature:34)
]]>
    </error>
  </testcase> <!-- runScenario -->
  <testcase classname="runner.FacultyPageRunner" name="runScenario" time="3.804"/>
  <testcase classname="runner.FacultyPageRunner" name="runScenario" time="6.857"/>
</testsuite> <!-- runner.FacultyPageRunner -->
