<?xml version="1.0" encoding="UTF-8"?>
<!-- Generated by org.testng.reporters.JUnitReportReporter -->
<testsuite hostname="DineshManoharan" failures="2" tests="6" name="runner.HomePageRunner" time="38.271" errors="1" timestamp="2024-04-15T18:50:38 IST" skipped="0">
  <testcase classname="runner.HomePageRunner" name="runScenario" time="4.966">
    <error message="All VAlues didn&#039;t shows" type="java.lang.Exception">
      <![CDATA[java.lang.Exception: All VAlues didn't shows
at stepDefinitions.HomePageDefinitions.check_all_values_showing_or_not_in_profile_view(HomePageDefinitions.java:173)
at ✽.Check all values showing or not in profile view.(file:///C:/Users/dinesh/eclipse-workspace/Colleges/src/test/java/features/College_HomePage.feature:31)
]]>
    </error>
  </testcase> <!-- runScenario -->
  <testcase classname="runner.HomePageRunner" name="runScenario" time="7.971"/>
  <testcase classname="runner.HomePageRunner" name="runScenario" time="9.446"/>
  <testcase classname="runner.HomePageRunner" name="runScenario" time="6.939">
    <failure message="expected [Invalid Mobile Number] but found [Profile updated successfully]" type="java.lang.AssertionError">
      <![CDATA[java.lang.AssertionError: expected [Invalid Mobile Number] but found [Profile updated successfully]
at org.testng.Assert.fail(Assert.java:111)
at org.testng.Assert.failNotEquals(Assert.java:1578)
at org.testng.Assert.assertEqualsImpl(Assert.java:150)
at org.testng.Assert.assertEquals(Assert.java:132)
at org.testng.Assert.assertEquals(Assert.java:656)
at org.testng.Assert.assertEquals(Assert.java:666)
at stepDefinitions.HomePageDefinitions.click_submit_icon_if_its_allow_there_is_a_bug(HomePageDefinitions.java:146)
at ✽.Click Submit icon  if its allow there is a bug.(file:///C:/Users/dinesh/eclipse-workspace/Colleges/src/test/java/features/College_HomePage.feature:22)
]]>
    </failure>
  </testcase> <!-- runScenario -->
  <testcase classname="runner.HomePageRunner" name="runScenario" time="4.150">
    <failure message="expected [false] but found [true]" type="java.lang.AssertionError">
      <![CDATA[java.lang.AssertionError: expected [false] but found [true]
at org.testng.Assert.fail(Assert.java:111)
at org.testng.Assert.failNotEquals(Assert.java:1578)
at org.testng.Assert.assertEqualsImpl(Assert.java:150)
at org.testng.Assert.assertEquals(Assert.java:132)
at org.testng.Assert.assertEquals(Assert.java:1067)
at org.testng.Assert.assertEquals(Assert.java:1031)
at org.testng.Assert.assertEquals(Assert.java:1077)
at stepDefinitions.HomePageDefinitions.user_can_able_to_edit_the_password_and_email_fields(HomePageDefinitions.java:115)
at ✽.User can able to edit the  password and email fields(file:///C:/Users/dinesh/eclipse-workspace/Colleges/src/test/java/features/College_HomePage.feature:16)
]]>
    </failure>
  </testcase> <!-- runScenario -->
  <testcase classname="runner.HomePageRunner" name="runScenario" time="4.799"/>
</testsuite> <!-- runner.HomePageRunner -->
