<?xml version="1.0" encoding="UTF-8"?>
<!-- Generated by org.testng.reporters.JUnitReportReporter -->
<testsuite hostname="DineshManoharan" failures="1" tests="12" name="runner.AdminRunner" time="212.990" errors="2" timestamp="2024-04-18T12:52:34 IST" skipped="0">
  <testcase classname="runner.AdminRunner" name="runScenario" time="13.790"/>
  <testcase classname="runner.AdminRunner" name="runScenario" time="13.877"/>
  <testcase classname="runner.AdminRunner" name="runScenario" time="5.156">
    <error message="Passqord values didn&#039;t shows" type="java.lang.Exception">
      <![CDATA[java.lang.Exception: Passqord values didn't shows
at stepDefinitions.AdminModule.check_all_values_are_present_in_admin(AdminModule.java:198)
at ✽.Check all values are present in admin(file:///C:/Users/dinesh/eclipse-workspace/Colleges/src/test/java/features/College10_Admin.feature:54)
]]>
    </error>
  </testcase> <!-- runScenario -->
  <testcase classname="runner.AdminRunner" name="runScenario" time="5.080">
    <error message="Values Overriding" type="java.lang.Exception">
      <![CDATA[java.lang.Exception: Values Overriding
at stepDefinitions.AdminModule.refresh_the_page_and_check(AdminModule.java:116)
at ✽.Refresh the page and check.(file:///C:/Users/dinesh/eclipse-workspace/Colleges/src/test/java/features/College10_Admin.feature:23)
]]>
    </error>
  </testcase> <!-- runScenario -->
  <testcase classname="runner.AdminRunner" name="runScenario" time="15.908"/>
  <testcase classname="runner.AdminRunner" name="runScenario" time="31.783"/>
  <testcase classname="runner.AdminRunner" name="runScenario" time="17.967"/>
  <testcase classname="runner.AdminRunner" name="runScenario" time="12.780"/>
  <testcase classname="runner.AdminRunner" name="runScenario" time="12.592"/>
  <testcase classname="runner.AdminRunner" name="runScenario" time="13.077"/>
  <testcase classname="runner.AdminRunner" name="runScenario" time="48.445"/>
  <testcase classname="runner.AdminRunner" name="runScenario" time="22.535">
    <failure message="expected [Enter all details] but found [please upload your Profile picture]" type="java.lang.AssertionError">
      <![CDATA[java.lang.AssertionError: expected [Enter all details] but found [please upload your Profile picture]
at org.testng.Assert.fail(Assert.java:111)
at org.testng.Assert.failNotEquals(Assert.java:1578)
at org.testng.Assert.assertEqualsImpl(Assert.java:150)
at org.testng.Assert.assertEquals(Assert.java:132)
at org.testng.Assert.assertEquals(Assert.java:656)
at org.testng.Assert.assertEquals(Assert.java:666)
at stepDefinitions.AdminModule.check_how_it_behave_in_admin_page_whether_it_shows_error_message_or_not(AdminModule.java:111)
at ✽.Check how it behave in admin page whether it shows error message or not.(file:///C:/Users/dinesh/eclipse-workspace/Colleges/src/test/java/features/College10_Admin.feature:19)
]]>
    </failure>
  </testcase> <!-- runScenario -->
</testsuite> <!-- runner.AdminRunner -->
